<?xml version="1.0" encoding="UTF-8"?>
<testsuites>
  <testsuite name="alt" timestamp="2024-07-08T18:48:07Z" hostname="0d16460b9f60" tests="22" skipped="0" failures="0" errors="0" time="0.464">
    <testcase time="0.103" classname="alt" name="Function_Alt_behaves_itself"/>
    <testcase time="0.028" classname="alt" name="Function_Alt_behaves_itself"/>
    <testcase time="0.0680000000000001" classname="alt" name="Function_Alt_behaves_itself"/>
    <testcase time="0.0169999999999999" classname="alt" name="Function_Alt_behaves_itself"/>
    <testcase time="0.0150000000000001" classname="alt" name="Function_Alt_behaves_itself"/>
    <testcase time="0.0069999999999999" classname="alt" name="Function_Alt_behaves_itself"/>
    <testcase time="0.0110000000000001" classname="alt" name="Function_Alt_behaves_itself"/>
    <testcase time="0.00499999999999989" classname="alt" name="Function_Alt_behaves_itself"/>
    <testcase time="0.0130000000000001" classname="alt" name="Function_Alt_behaves_itself"/>
    <testcase time="0.0069999999999999" classname="alt" name="Function_Alt_behaves_itself"/>
    <testcase time="0.0129999999999999" classname="alt" name="Function_Alt_behaves_itself"/>
    <testcase time="0.00700000000000012" classname="alt" name="Function_Alt_behaves_itself"/>
    <testcase time="0.0149999999999999" classname="alt" name="Function_Alt_behaves_itself"/>
    <testcase time="0.00700000000000012" classname="alt" name="Function_Alt_behaves_itself"/>
    <testcase time="0.014" classname="alt" name="Function_Alt_behaves_itself"/>
    <testcase time="0.00800000000000001" classname="alt" name="Function_Alt_behaves_itself"/>
    <testcase time="0.0609999999999999" classname="alt" name="Function_Alt_behaves_itself"/>
    <testcase time="0.018" classname="alt" name="Function_Alt_behaves_itself"/>
    <testcase time="0.014" classname="alt" name="Function_Alt_behaves_itself"/>
    <testcase time="0.0069999999999999" classname="alt" name="Function_Alt_behaves_itself"/>
    <testcase time="0.0150000000000001" classname="alt" name="Function_Alt_behaves_itself"/>
    <testcase time="0.0109999999999999" classname="alt" name="Function_Alt_behaves_itself"/>
  </testsuite>
  <testsuite name="coeffs" timestamp="2024-07-08T18:48:07Z" hostname="0d16460b9f60" tests="9" skipped="0" failures="0" errors="0" time="0.207">
    <testcase time="0.0680000000000001" classname="coeffs" name="Function_hodge_behaves_itself"/>
    <testcase time="0.0580000000000001" classname="coeffs" name="Function_hodge_behaves_itself"/>
    <testcase time="0.014" classname="coeffs" name="Function_hodge_behaves_itself"/>
    <testcase time="0.018" classname="coeffs" name="Function_hodge_behaves_itself"/>
    <testcase time="0.0089999999999999" classname="coeffs" name="Function_hodge_behaves_itself"/>
    <testcase time="0.01" classname="coeffs" name="Function_hodge_behaves_itself"/>
    <testcase time="0.012" classname="coeffs" name="Function_hodge_behaves_itself"/>
    <testcase time="0.0089999999999999" classname="coeffs" name="Function_hodge_behaves_itself"/>
    <testcase time="0.00900000000000012" classname="coeffs" name="Function_hodge_behaves_itself"/>
  </testsuite>
  <testsuite name="contract" timestamp="2024-07-08T18:48:08Z" hostname="0d16460b9f60" tests="2" skipped="0" failures="0" errors="0" time="15.427">
    <testcase time="7.723" classname="contract" name="Function_contract_behaves_itself"/>
    <testcase time="7.704" classname="contract" name="Function_contract_behaves_itself"/>
  </testsuite>
  <testsuite name="cross" timestamp="2024-07-08T18:48:23Z" hostname="0d16460b9f60" tests="84" skipped="0" failures="0" errors="0" time="5.071">
    <testcase time="0.309000000000001" classname="cross" name="Tensor_product_is_distributive_and_associative"/>
    <testcase time="0.0829999999999984" classname="cross" name="Tensor_product_is_distributive_and_associative"/>
    <testcase time="0.547000000000001" classname="cross" name="Tensor_product_is_distributive_and_associative"/>
    <testcase time="0.0859999999999985" classname="cross" name="Tensor_product_is_distributive_and_associative"/>
    <testcase time="0.382000000000001" classname="cross" name="Tensor_product_is_distributive_and_associative"/>
    <testcase time="0.0809999999999995" classname="cross" name="Tensor_product_is_distributive_and_associative"/>
    <testcase time="0.620999999999999" classname="cross" name="Tensor_product_is_distributive_and_associative"/>
    <testcase time="0.0800000000000018" classname="cross" name="Tensor_product_is_distributive_and_associative"/>
    <testcase time="0.440999999999999" classname="cross" name="Tensor_product_is_distributive_and_associative"/>
    <testcase time="0.0800000000000018" classname="cross" name="Tensor_product_is_distributive_and_associative"/>
    <testcase time="0.349999999999998" classname="cross" name="Tensor_product_is_distributive_and_associative"/>
    <testcase time="0.0760000000000005" classname="cross" name="Tensor_product_is_distributive_and_associative"/>
    <testcase time="0.260000000000002" classname="cross" name="Tensor_product_is_distributive_and_associative"/>
    <testcase time="0.0730000000000004" classname="cross" name="Tensor_product_is_distributive_and_associative"/>
    <testcase time="0.482999999999997" classname="cross" name="Tensor_product_is_distributive_and_associative"/>
    <testcase time="0.0810000000000031" classname="cross" name="Tensor_product_is_distributive_and_associative"/>
    <testcase time="0.302" classname="cross" name="Tensor_product_is_distributive_and_associative"/>
    <testcase time="0.0700000000000003" classname="cross" name="Tensor_product_is_distributive_and_associative"/>
    <testcase time="0.279" classname="cross" name="Tensor_product_is_distributive_and_associative"/>
    <testcase time="0.0700000000000003" classname="cross" name="Tensor_product_is_distributive_and_associative"/>
    <testcase time="0.0180000000000007" classname="cross" name="tensorprod_is_in_fact_a_tensor_product"/>
    <testcase time="0.0159999999999982" classname="cross" name="tensorprod_is_in_fact_a_tensor_product"/>
    <testcase time="0.0120000000000005" classname="cross" name="tensorprod_is_in_fact_a_tensor_product"/>
    <testcase time="0.0130000000000017" classname="cross" name="tensorprod_is_in_fact_a_tensor_product"/>
    <testcase time="0.00999999999999801" classname="cross" name="tensorprod_is_in_fact_a_tensor_product"/>
    <testcase time="0.0160000000000018" classname="cross" name="tensorprod_is_in_fact_a_tensor_product"/>
    <testcase time="0.0120000000000005" classname="cross" name="tensorprod_is_in_fact_a_tensor_product"/>
    <testcase time="0.0180000000000007" classname="cross" name="tensorprod_is_in_fact_a_tensor_product"/>
    <testcase time="0.0120000000000005" classname="cross" name="tensorprod_is_in_fact_a_tensor_product"/>
    <testcase time="0.0109999999999992" classname="cross" name="tensorprod_is_in_fact_a_tensor_product"/>
    <testcase time="0.00600000000000023" classname="cross" name="ktensors_are_multilinear"/>
    <testcase time="0.00300000000000011" classname="cross" name="ktensors_are_multilinear"/>
    <testcase time="0.00300000000000011" classname="cross" name="ktensors_are_multilinear"/>
    <testcase time="0.00300000000000011" classname="cross" name="ktensors_are_multilinear"/>
    <testcase time="0.00199999999999889" classname="cross" name="ktensors_are_multilinear"/>
    <testcase time="0.0150000000000006" classname="cross" name="ktensors_are_multilinear"/>
    <testcase time="0.00300000000000011" classname="cross" name="ktensors_are_multilinear"/>
    <testcase time="0.00199999999999889" classname="cross" name="ktensors_are_multilinear"/>
    <testcase time="0.00300000000000011" classname="cross" name="ktensors_are_multilinear"/>
    <testcase time="0.00399999999999778" classname="cross" name="ktensors_are_multilinear"/>
    <testcase time="0.00300000000000011" classname="cross" name="ktensors_are_multilinear"/>
    <testcase time="0.00300000000000011" classname="cross" name="ktensors_are_multilinear"/>
    <testcase time="0.00400000000000134" classname="cross" name="ktensors_are_multilinear"/>
    <testcase time="0.00199999999999889" classname="cross" name="ktensors_are_multilinear"/>
    <testcase time="0.00300000000000011" classname="cross" name="ktensors_are_multilinear"/>
    <testcase time="0.00400000000000134" classname="cross" name="ktensors_are_multilinear"/>
    <testcase time="0.00300000000000011" classname="cross" name="ktensors_are_multilinear"/>
    <testcase time="0.00199999999999889" classname="cross" name="ktensors_are_multilinear"/>
    <testcase time="0.00300000000000011" classname="cross" name="ktensors_are_multilinear"/>
    <testcase time="0.00300000000000011" classname="cross" name="ktensors_are_multilinear"/>
    <testcase time="0.00400000000000134" classname="cross" name="ktensors_are_multilinear"/>
    <testcase time="0.00299999999999656" classname="cross" name="ktensors_are_multilinear"/>
    <testcase time="0.00300000000000011" classname="cross" name="ktensors_are_multilinear"/>
    <testcase time="0.00300000000000011" classname="cross" name="ktensors_are_multilinear"/>
    <testcase time="0.00300000000000011" classname="cross" name="ktensors_are_multilinear"/>
    <testcase time="0.00300000000000011" classname="cross" name="ktensors_are_multilinear"/>
    <testcase time="0.00300000000000011" classname="cross" name="ktensors_are_multilinear"/>
    <testcase time="0.00300000000000011" classname="cross" name="ktensors_are_multilinear"/>
    <testcase time="0.00400000000000134" classname="cross" name="ktensors_are_multilinear"/>
    <testcase time="0.00300000000000011" classname="cross" name="ktensors_are_multilinear"/>
    <testcase time="0.00199999999999889" classname="cross" name="ktensors_are_multilinear"/>
    <testcase time="0.00300000000000011" classname="cross" name="ktensors_are_multilinear"/>
    <testcase time="0.00300000000000011" classname="cross" name="ktensors_are_multilinear"/>
    <testcase time="0.00400000000000134" classname="cross" name="ktensors_are_multilinear"/>
    <testcase time="0.00300000000000011" classname="cross" name="ktensors_are_multilinear"/>
    <testcase time="0.00300000000000011" classname="cross" name="ktensors_are_multilinear"/>
    <testcase time="0.00199999999999889" classname="cross" name="ktensors_are_multilinear"/>
    <testcase time="0.00300000000000011" classname="cross" name="ktensors_are_multilinear"/>
    <testcase time="0.00300000000000011" classname="cross" name="ktensors_are_multilinear"/>
    <testcase time="0.00300000000000011" classname="cross" name="ktensors_are_multilinear"/>
    <testcase time="0.00300000000000011" classname="cross" name="ktensors_are_multilinear"/>
    <testcase time="0.00499999999999901" classname="cross" name="ktensors_are_multilinear"/>
    <testcase time="0.00300000000000011" classname="cross" name="ktensors_are_multilinear"/>
    <testcase time="0.00300000000000011" classname="cross" name="ktensors_are_multilinear"/>
    <testcase time="0.00300000000000011" classname="cross" name="ktensors_are_multilinear"/>
    <testcase time="0.00300000000000011" classname="cross" name="ktensors_are_multilinear"/>
    <testcase time="0.00199999999999889" classname="cross" name="ktensors_are_multilinear"/>
    <testcase time="0.00199999999999889" classname="cross" name="ktensors_are_multilinear"/>
    <testcase time="0.00300000000000011" classname="cross" name="ktensors_are_multilinear"/>
    <testcase time="0.00300000000000011" classname="cross" name="ktensors_are_multilinear"/>
    <testcase time="0.00500000000000256" classname="cross" name="ktensors_are_multilinear"/>
    <testcase time="0.00299999999999656" classname="cross" name="ktensors_are_multilinear"/>
    <testcase time="0.00300000000000011" classname="cross" name="ktensors_are_multilinear"/>
    <testcase time="0.00300000000000011" classname="cross" name="ktensors_are_multilinear"/>
  </testsuite>
  <testsuite name="hodge" timestamp="2024-07-08T18:48:28Z" hostname="0d16460b9f60" tests="41" skipped="0" failures="0" errors="0" time="1.891">
    <testcase time="0.00700000000000145" classname="hodge" name="Function_hodge_behaves_itself"/>
    <testcase time="0.0459999999999994" classname="hodge" name="Function_hodge_behaves_itself"/>
    <testcase time="0.0250000000000021" classname="hodge" name="Function_hodge_behaves_itself"/>
    <testcase time="0.0459999999999994" classname="hodge" name="Function_hodge_behaves_itself"/>
    <testcase time="0.0199999999999996" classname="hodge" name="Function_hodge_behaves_itself"/>
    <testcase time="0.0429999999999993" classname="hodge" name="Function_hodge_behaves_itself"/>
    <testcase time="0.022000000000002" classname="hodge" name="Function_hodge_behaves_itself"/>
    <testcase time="0.0479999999999983" classname="hodge" name="Function_hodge_behaves_itself"/>
    <testcase time="0.027000000000001" classname="hodge" name="Function_hodge_behaves_itself"/>
    <testcase time="0.0479999999999983" classname="hodge" name="Function_hodge_behaves_itself"/>
    <testcase time="0.0259999999999998" classname="hodge" name="Function_hodge_behaves_itself"/>
    <testcase time="0.0519999999999996" classname="hodge" name="Function_hodge_behaves_itself"/>
    <testcase time="0.027000000000001" classname="hodge" name="Function_hodge_behaves_itself"/>
    <testcase time="0.0459999999999994" classname="hodge" name="Function_hodge_behaves_itself"/>
    <testcase time="0.0240000000000009" classname="hodge" name="Function_hodge_behaves_itself"/>
    <testcase time="0.0410000000000004" classname="hodge" name="Function_hodge_behaves_itself"/>
    <testcase time="0.0199999999999996" classname="hodge" name="Function_hodge_behaves_itself"/>
    <testcase time="0.0470000000000006" classname="hodge" name="Function_hodge_behaves_itself"/>
    <testcase time="0.0279999999999987" classname="hodge" name="Function_hodge_behaves_itself"/>
    <testcase time="0.0459999999999994" classname="hodge" name="Function_hodge_behaves_itself"/>
    <testcase time="0.0240000000000009" classname="hodge" name="Function_hodge_behaves_itself"/>
    <testcase time="0.0480000000000018" classname="hodge" name="Function_hodge_behaves_itself"/>
    <testcase time="0.0599999999999987" classname="hodge" name="Function_hodge_behaves_itself"/>
    <testcase time="0.0530000000000008" classname="hodge" name="Function_hodge_behaves_itself"/>
    <testcase time="0.0629999999999988" classname="hodge" name="Function_hodge_behaves_itself"/>
    <testcase time="0.0560000000000009" classname="hodge" name="Function_hodge_behaves_itself"/>
    <testcase time="0.0640000000000001" classname="hodge" name="Function_hodge_behaves_itself"/>
    <testcase time="0.0579999999999998" classname="hodge" name="Function_hodge_behaves_itself"/>
    <testcase time="0.0640000000000001" classname="hodge" name="Function_hodge_behaves_itself"/>
    <testcase time="0.0569999999999986" classname="hodge" name="Function_hodge_behaves_itself"/>
    <testcase time="0.0609999999999999" classname="hodge" name="Function_hodge_behaves_itself"/>
    <testcase time="0.0560000000000009" classname="hodge" name="Function_hodge_behaves_itself"/>
    <testcase time="0.0609999999999999" classname="hodge" name="Function_hodge_behaves_itself"/>
    <testcase time="0.0560000000000009" classname="hodge" name="Function_hodge_behaves_itself"/>
    <testcase time="0.0599999999999987" classname="hodge" name="Function_hodge_behaves_itself"/>
    <testcase time="0.0560000000000009" classname="hodge" name="Function_hodge_behaves_itself"/>
    <testcase time="0.0640000000000001" classname="hodge" name="Function_hodge_behaves_itself"/>
    <testcase time="0.0549999999999997" classname="hodge" name="Function_hodge_behaves_itself"/>
    <testcase time="0.0670000000000002" classname="hodge" name="Function_hodge_behaves_itself"/>
    <testcase time="0.0560000000000009" classname="hodge" name="Function_hodge_behaves_itself"/>
    <testcase time="0.0629999999999988" classname="hodge" name="Function_hodge_behaves_itself"/>
  </testsuite>
  <testsuite name="inner" timestamp="2024-07-08T18:48:30Z" hostname="0d16460b9f60" tests="10" skipped="0" failures="0" errors="0" time="0.042">
    <testcase time="0.00700000000000145" classname="inner" name="Function_inner_behaves_itself"/>
    <testcase time="0.00399999999999778" classname="inner" name="Function_inner_behaves_itself"/>
    <testcase time="0.00400000000000134" classname="inner" name="Function_inner_behaves_itself"/>
    <testcase time="0.00399999999999778" classname="inner" name="Function_inner_behaves_itself"/>
    <testcase time="0.00300000000000011" classname="inner" name="Function_inner_behaves_itself"/>
    <testcase time="0.00400000000000134" classname="inner" name="Function_inner_behaves_itself"/>
    <testcase time="0.00400000000000134" classname="inner" name="Function_inner_behaves_itself"/>
    <testcase time="0.00399999999999778" classname="inner" name="Function_inner_behaves_itself"/>
    <testcase time="0.00400000000000134" classname="inner" name="Function_inner_behaves_itself"/>
    <testcase time="0.00399999999999778" classname="inner" name="Function_inner_behaves_itself"/>
  </testsuite>
  <testsuite name="kform" timestamp="2024-07-08T18:48:30Z" hostname="0d16460b9f60" tests="30" skipped="0" failures="0" errors="0" time="0.181">
    <testcase time="0.0100000000000016" classname="kform" name="kform_functions_are_multilinear"/>
    <testcase time="0.0169999999999995" classname="kform" name="kform_functions_are_multilinear"/>
    <testcase time="0.00600000000000023" classname="kform" name="kform_functions_are_multilinear"/>
    <testcase time="0.00600000000000023" classname="kform" name="kform_functions_are_multilinear"/>
    <testcase time="0.00700000000000145" classname="kform" name="kform_functions_are_multilinear"/>
    <testcase time="0.00199999999999889" classname="kform" name="kform_functions_are_multilinear"/>
    <testcase time="0.00700000000000145" classname="kform" name="kform_functions_are_multilinear"/>
    <testcase time="0.00300000000000011" classname="kform" name="kform_functions_are_multilinear"/>
    <testcase time="0.0069999999999979" classname="kform" name="kform_functions_are_multilinear"/>
    <testcase time="0.00300000000000011" classname="kform" name="kform_functions_are_multilinear"/>
    <testcase time="0.00600000000000023" classname="kform" name="kform_functions_are_multilinear"/>
    <testcase time="0.00199999999999889" classname="kform" name="kform_functions_are_multilinear"/>
    <testcase time="0.00199999999999889" classname="kform" name="kform_functions_are_multilinear"/>
    <testcase time="0.00700000000000145" classname="kform" name="kform_functions_are_multilinear"/>
    <testcase time="0.00300000000000011" classname="kform" name="kform_functions_are_multilinear"/>
    <testcase time="0.00300000000000011" classname="kform" name="kform_functions_are_multilinear"/>
    <testcase time="0.00799999999999912" classname="kform" name="kform_functions_are_multilinear"/>
    <testcase time="0.00300000000000011" classname="kform" name="kform_functions_are_multilinear"/>
    <testcase time="0.00199999999999889" classname="kform" name="kform_functions_are_multilinear"/>
    <testcase time="0.00300000000000011" classname="kform" name="kform_functions_are_multilinear"/>
    <testcase time="0.00800000000000267" classname="kform" name="kform_functions_are_alternating"/>
    <testcase time="0.0129999999999981" classname="kform" name="kform_functions_are_alternating"/>
    <testcase time="0.00600000000000023" classname="kform" name="kform_functions_are_alternating"/>
    <testcase time="0.00600000000000023" classname="kform" name="kform_functions_are_alternating"/>
    <testcase time="0.00600000000000023" classname="kform" name="kform_functions_are_alternating"/>
    <testcase time="0.00700000000000145" classname="kform" name="kform_functions_are_alternating"/>
    <testcase time="0.0069999999999979" classname="kform" name="kform_functions_are_alternating"/>
    <testcase time="0.00700000000000145" classname="kform" name="kform_functions_are_alternating"/>
    <testcase time="0.0069999999999979" classname="kform" name="kform_functions_are_alternating"/>
    <testcase time="0.00700000000000145" classname="kform" name="kform_functions_are_alternating"/>
  </testsuite>
  <testsuite name="kinner" timestamp="2024-07-08T18:48:30Z" hostname="0d16460b9f60" tests="1" skipped="0" failures="0" errors="0" time="0.057">
    <testcase time="0.0569999999999986" classname="kinner" name="Miscellaneous_kinner_tests"/>
  </testsuite>
  <testsuite name="ktensor" timestamp="2024-07-08T18:48:30Z" hostname="0d16460b9f60" tests="372" skipped="0" failures="0" errors="0" time="2.049">
    <testcase time="0.00900000000000034" classname="ktensor" name="ktensor_functions_are_multilinear"/>
    <testcase time="0.00300000000000011" classname="ktensor" name="ktensor_functions_are_multilinear"/>
    <testcase time="0.0150000000000006" classname="ktensor" name="ktensor_functions_are_multilinear"/>
    <testcase time="0.00199999999999889" classname="ktensor" name="ktensor_functions_are_multilinear"/>
    <testcase time="0.00300000000000011" classname="ktensor" name="ktensor_functions_are_multilinear"/>
    <testcase time="0.00500000000000256" classname="ktensor" name="ktensor_functions_are_multilinear"/>
    <testcase time="0.00199999999999889" classname="ktensor" name="ktensor_functions_are_multilinear"/>
    <testcase time="0.00300000000000011" classname="ktensor" name="ktensor_functions_are_multilinear"/>
    <testcase time="0.00199999999999889" classname="ktensor" name="ktensor_functions_are_multilinear"/>
    <testcase time="0.00499999999999901" classname="ktensor" name="ktensor_functions_are_multilinear"/>
    <testcase time="0.00300000000000011" classname="ktensor" name="ktensor_functions_are_multilinear"/>
    <testcase time="0.00200000000000244" classname="ktensor" name="ktensor_functions_are_multilinear"/>
    <testcase time="0.00300000000000011" classname="ktensor" name="ktensor_functions_are_multilinear"/>
    <testcase time="0.00199999999999889" classname="ktensor" name="ktensor_functions_are_multilinear"/>
    <testcase time="0.00700000000000145" classname="ktensor" name="ktensor_functions_are_multilinear"/>
    <testcase time="0.00199999999999889" classname="ktensor" name="ktensor_functions_are_multilinear"/>
    <testcase time="0.00499999999999901" classname="ktensor" name="ktensor_functions_are_multilinear"/>
    <testcase time="0.00300000000000011" classname="ktensor" name="ktensor_functions_are_multilinear"/>
    <testcase time="0.00199999999999889" classname="ktensor" name="ktensor_functions_are_multilinear"/>
    <testcase time="0.00500000000000256" classname="ktensor" name="ktensor_functions_are_multilinear"/>
    <testcase time="0.00300000000000011" classname="ktensor" name="ktensor_functions_are_multilinear"/>
    <testcase time="0.00199999999999889" classname="ktensor" name="ktensor_functions_are_multilinear"/>
    <testcase time="0.00300000000000011" classname="ktensor" name="ktensor_functions_are_multilinear"/>
    <testcase time="0.00600000000000023" classname="ktensor" name="ktensor_functions_are_multilinear"/>
    <testcase time="0.00300000000000011" classname="ktensor" name="ktensor_functions_are_multilinear"/>
    <testcase time="0.00199999999999889" classname="ktensor" name="ktensor_functions_are_multilinear"/>
    <testcase time="0.00300000000000011" classname="ktensor" name="ktensor_functions_are_multilinear"/>
    <testcase time="0.00199999999999889" classname="ktensor" name="ktensor_functions_are_multilinear"/>
    <testcase time="0.00700000000000145" classname="ktensor" name="ktensor_functions_are_multilinear"/>
    <testcase time="0.00199999999999889" classname="ktensor" name="ktensor_functions_are_multilinear"/>
    <testcase time="0.00600000000000023" classname="ktensor" name="ktensor_functions_are_multilinear"/>
    <testcase time="0.00300000000000011" classname="ktensor" name="ktensor_functions_are_multilinear"/>
    <testcase time="0.00300000000000011" classname="ktensor" name="ktensor_functions_are_multilinear"/>
    <testcase time="0.00600000000000023" classname="ktensor" name="ktensor_functions_are_multilinear"/>
    <testcase time="0.00199999999999889" classname="ktensor" name="ktensor_functions_are_multilinear"/>
    <testcase time="0.00300000000000011" classname="ktensor" name="ktensor_functions_are_multilinear"/>
    <testcase time="0.00300000000000011" classname="ktensor" name="ktensor_functions_are_multilinear"/>
    <testcase time="0.00600000000000023" classname="ktensor" name="ktensor_functions_are_multilinear"/>
    <testcase time="0.00300000000000011" classname="ktensor" name="ktensor_functions_are_multilinear"/>
    <testcase time="0.00200000000000244" classname="ktensor" name="ktensor_functions_are_multilinear"/>
    <testcase time="0.00300000000000011" classname="ktensor" name="ktensor_functions_are_multilinear"/>
    <testcase time="0.00199999999999889" classname="ktensor" name="ktensor_functions_are_multilinear"/>
    <testcase time="0.00600000000000023" classname="ktensor" name="ktensor_functions_are_multilinear"/>
    <testcase time="0.00199999999999889" classname="ktensor" name="ktensor_functions_are_multilinear"/>
    <testcase time="0.00499999999999901" classname="ktensor" name="ktensor_functions_are_multilinear"/>
    <testcase time="0.00300000000000011" classname="ktensor" name="ktensor_functions_are_multilinear"/>
    <testcase time="0.00300000000000011" classname="ktensor" name="ktensor_functions_are_multilinear"/>
    <testcase time="0.00500000000000256" classname="ktensor" name="ktensor_functions_are_multilinear"/>
    <testcase time="0.00199999999999889" classname="ktensor" name="ktensor_functions_are_multilinear"/>
    <testcase time="0.00199999999999889" classname="ktensor" name="ktensor_functions_are_multilinear"/>
    <testcase time="0.00300000000000011" classname="ktensor" name="ktensor_functions_are_multilinear"/>
    <testcase time="0.00499999999999901" classname="ktensor" name="ktensor_functions_are_multilinear"/>
    <testcase time="0.00300000000000011" classname="ktensor" name="ktensor_functions_are_multilinear"/>
    <testcase time="0.00300000000000011" classname="ktensor" name="ktensor_functions_are_multilinear"/>
    <testcase time="0.00199999999999889" classname="ktensor" name="ktensor_functions_are_multilinear"/>
    <testcase time="0.00300000000000011" classname="ktensor" name="ktensor_functions_are_multilinear"/>
    <testcase time="0.00600000000000023" classname="ktensor" name="ktensor_functions_are_multilinear"/>
    <testcase time="0.00300000000000011" classname="ktensor" name="ktensor_functions_are_multilinear"/>
    <testcase time="0.00600000000000023" classname="ktensor" name="ktensor_functions_are_multilinear"/>
    <testcase time="0.00300000000000011" classname="ktensor" name="ktensor_functions_are_multilinear"/>
    <testcase time="0.00300000000000011" classname="ktensor" name="ktensor_functions_are_multilinear"/>
    <testcase time="0.00600000000000023" classname="ktensor" name="ktensor_functions_are_multilinear"/>
    <testcase time="0.00300000000000011" classname="ktensor" name="ktensor_functions_are_multilinear"/>
    <testcase time="0.00300000000000011" classname="ktensor" name="ktensor_functions_are_multilinear"/>
    <testcase time="0.00199999999999889" classname="ktensor" name="ktensor_functions_are_multilinear"/>
    <testcase time="0.00700000000000145" classname="ktensor" name="ktensor_functions_are_multilinear"/>
    <testcase time="0.00300000000000011" classname="ktensor" name="ktensor_functions_are_multilinear"/>
    <testcase time="0.00300000000000011" classname="ktensor" name="ktensor_functions_are_multilinear"/>
    <testcase time="0.00199999999999889" classname="ktensor" name="ktensor_functions_are_multilinear"/>
    <testcase time="0.00799999999999912" classname="ktensor" name="ktensor_functions_are_multilinear"/>
    <testcase time="0.00700000000000145" classname="ktensor" name="ktensor_functions_are_multilinear"/>
    <testcase time="0.00300000000000011" classname="ktensor" name="ktensor_functions_are_multilinear"/>
    <testcase time="0.00600000000000023" classname="ktensor" name="ktensor_functions_are_multilinear"/>
    <testcase time="0.00300000000000011" classname="ktensor" name="ktensor_functions_are_multilinear"/>
    <testcase time="0.00300000000000011" classname="ktensor" name="ktensor_functions_are_multilinear"/>
    <testcase time="0.00600000000000023" classname="ktensor" name="ktensor_functions_are_multilinear"/>
    <testcase time="0.00300000000000011" classname="ktensor" name="ktensor_functions_are_multilinear"/>
    <testcase time="0.00300000000000011" classname="ktensor" name="ktensor_functions_are_multilinear"/>
    <testcase time="0.00199999999999889" classname="ktensor" name="ktensor_functions_are_multilinear"/>
    <testcase time="0.00700000000000145" classname="ktensor" name="ktensor_functions_are_multilinear"/>
    <testcase time="0.00199999999999889" classname="ktensor" name="ktensor_functions_are_multilinear"/>
    <testcase time="0.00300000000000011" classname="ktensor" name="ktensor_functions_are_multilinear"/>
    <testcase time="0.00300000000000011" classname="ktensor" name="ktensor_functions_are_multilinear"/>
    <testcase time="0.00300000000000011" classname="ktensor" name="ktensor_functions_are_multilinear"/>
    <testcase time="0.00499999999999901" classname="ktensor" name="ktensor_functions_are_multilinear"/>
    <testcase time="0.00300000000000011" classname="ktensor" name="ktensor_functions_are_multilinear"/>
    <testcase time="0.00499999999999901" classname="ktensor" name="ktensor_functions_are_multilinear"/>
    <testcase time="0.00300000000000011" classname="ktensor" name="ktensor_functions_are_multilinear"/>
    <testcase time="0.00300000000000011" classname="ktensor" name="ktensor_functions_are_multilinear"/>
    <testcase time="0.00500000000000256" classname="ktensor" name="ktensor_functions_are_multilinear"/>
    <testcase time="0.00300000000000011" classname="ktensor" name="ktensor_functions_are_multilinear"/>
    <testcase time="0.00300000000000011" classname="ktensor" name="ktensor_functions_are_multilinear"/>
    <testcase time="0.00199999999999889" classname="ktensor" name="ktensor_functions_are_multilinear"/>
    <testcase time="0.00499999999999901" classname="ktensor" name="ktensor_functions_are_multilinear"/>
    <testcase time="0.00300000000000011" classname="ktensor" name="ktensor_functions_are_multilinear"/>
    <testcase time="0.00199999999999889" classname="ktensor" name="ktensor_functions_are_multilinear"/>
    <testcase time="0.00300000000000011" classname="ktensor" name="ktensor_functions_are_multilinear"/>
    <testcase time="0.00300000000000011" classname="ktensor" name="ktensor_functions_are_multilinear"/>
    <testcase time="0.00499999999999901" classname="ktensor" name="ktensor_functions_are_multilinear"/>
    <testcase time="0.00300000000000011" classname="ktensor" name="ktensor_functions_are_multilinear"/>
    <testcase time="0.00700000000000145" classname="ktensor" name="ktensor_functions_are_multilinear"/>
    <testcase time="0.00300000000000011" classname="ktensor" name="ktensor_functions_are_multilinear"/>
    <testcase time="0.00300000000000011" classname="ktensor" name="ktensor_functions_are_multilinear"/>
    <testcase time="0.00600000000000023" classname="ktensor" name="ktensor_functions_are_multilinear"/>
    <testcase time="0.00300000000000011" classname="ktensor" name="ktensor_functions_are_multilinear"/>
    <testcase time="0.00300000000000011" classname="ktensor" name="ktensor_functions_are_multilinear"/>
    <testcase time="0.00300000000000011" classname="ktensor" name="ktensor_functions_are_multilinear"/>
    <testcase time="0.00600000000000023" classname="ktensor" name="ktensor_functions_are_multilinear"/>
    <testcase time="0.00300000000000011" classname="ktensor" name="ktensor_functions_are_multilinear"/>
    <testcase time="0.00300000000000011" classname="ktensor" name="ktensor_functions_are_multilinear"/>
    <testcase time="0.00299999999999656" classname="ktensor" name="ktensor_functions_are_multilinear"/>
    <testcase time="0.00300000000000011" classname="ktensor" name="ktensor_functions_are_multilinear"/>
    <testcase time="0.00600000000000023" classname="ktensor" name="ktensor_functions_are_multilinear"/>
    <testcase time="0.00300000000000011" classname="ktensor" name="ktensor_functions_are_multilinear"/>
    <testcase time="0.00700000000000145" classname="ktensor" name="ktensor_functions_are_multilinear"/>
    <testcase time="0.00300000000000011" classname="ktensor" name="ktensor_functions_are_multilinear"/>
    <testcase time="0.00199999999999889" classname="ktensor" name="ktensor_functions_are_multilinear"/>
    <testcase time="0.00700000000000145" classname="ktensor" name="ktensor_functions_are_multilinear"/>
    <testcase time="0.00300000000000011" classname="ktensor" name="ktensor_functions_are_multilinear"/>
    <testcase time="0.00300000000000011" classname="ktensor" name="ktensor_functions_are_multilinear"/>
    <testcase time="0.00300000000000011" classname="ktensor" name="ktensor_functions_are_multilinear"/>
    <testcase time="0.00600000000000023" classname="ktensor" name="ktensor_functions_are_multilinear"/>
    <testcase time="0.00300000000000011" classname="ktensor" name="ktensor_functions_are_multilinear"/>
    <testcase time="0.00300000000000011" classname="ktensor" name="ktensor_functions_are_multilinear"/>
    <testcase time="0.00300000000000011" classname="ktensor" name="ktensor_functions_are_multilinear"/>
    <testcase time="0.00300000000000011" classname="ktensor" name="ktensor_functions_are_multilinear"/>
    <testcase time="0.00599999999999667" classname="ktensor" name="ktensor_functions_are_multilinear"/>
    <testcase time="0.00300000000000011" classname="ktensor" name="ktensor_functions_are_multilinear"/>
    <testcase time="0.00500000000000256" classname="ktensor" name="ktensor_functions_are_multilinear"/>
    <testcase time="0.00300000000000011" classname="ktensor" name="ktensor_functions_are_multilinear"/>
    <testcase time="0.00300000000000011" classname="ktensor" name="ktensor_functions_are_multilinear"/>
    <testcase time="0.00600000000000023" classname="ktensor" name="ktensor_functions_are_multilinear"/>
    <testcase time="0.00300000000000011" classname="ktensor" name="ktensor_functions_are_multilinear"/>
    <testcase time="0.00300000000000011" classname="ktensor" name="ktensor_functions_are_multilinear"/>
    <testcase time="0.00299999999999656" classname="ktensor" name="ktensor_functions_are_multilinear"/>
    <testcase time="0.00500000000000256" classname="ktensor" name="ktensor_functions_are_multilinear"/>
    <testcase time="0.00300000000000011" classname="ktensor" name="ktensor_functions_are_multilinear"/>
    <testcase time="0.00799999999999912" classname="ktensor" name="ktensor_functions_are_multilinear"/>
    <testcase time="0.00300000000000011" classname="ktensor" name="ktensor_functions_are_multilinear"/>
    <testcase time="0.00300000000000011" classname="ktensor" name="ktensor_functions_are_multilinear"/>
    <testcase time="0.00700000000000145" classname="ktensor" name="ktensor_functions_are_multilinear"/>
    <testcase time="0.00299999999999656" classname="ktensor" name="ktensor_functions_are_multilinear"/>
    <testcase time="0.00600000000000023" classname="ktensor" name="ktensor_functions_are_multilinear"/>
    <testcase time="0.00300000000000011" classname="ktensor" name="ktensor_functions_are_multilinear"/>
    <testcase time="0.00300000000000011" classname="ktensor" name="ktensor_functions_are_multilinear"/>
    <testcase time="0.00700000000000145" classname="ktensor" name="ktensor_functions_are_multilinear"/>
    <testcase time="0.00300000000000011" classname="ktensor" name="ktensor_functions_are_multilinear"/>
    <testcase time="0.00300000000000011" classname="ktensor" name="ktensor_functions_are_multilinear"/>
    <testcase time="0.00300000000000011" classname="ktensor" name="ktensor_functions_are_multilinear"/>
    <testcase time="0.00600000000000023" classname="ktensor" name="ktensor_functions_are_multilinear"/>
    <testcase time="0.00300000000000011" classname="ktensor" name="ktensor_functions_are_multilinear"/>
    <testcase time="0.00300000000000011" classname="ktensor" name="ktensor_functions_are_multilinear"/>
    <testcase time="0.00300000000000011" classname="ktensor" name="ktensor_functions_are_multilinear"/>
    <testcase time="0.00300000000000011" classname="ktensor" name="ktensor_functions_are_multilinear"/>
    <testcase time="0.0069999999999979" classname="ktensor" name="ktensor_functions_are_multilinear"/>
    <testcase time="0.00300000000000011" classname="ktensor" name="ktensor_functions_are_multilinear"/>
    <testcase time="0.00700000000000145" classname="ktensor" name="ktensor_functions_are_multilinear"/>
    <testcase time="0.00300000000000011" classname="ktensor" name="ktensor_functions_are_multilinear"/>
    <testcase time="0.00300000000000011" classname="ktensor" name="ktensor_functions_are_multilinear"/>
    <testcase time="0.0069999999999979" classname="ktensor" name="ktensor_functions_are_multilinear"/>
    <testcase time="0.00300000000000011" classname="ktensor" name="ktensor_functions_are_multilinear"/>
    <testcase time="0.00300000000000011" classname="ktensor" name="ktensor_functions_are_multilinear"/>
    <testcase time="0.00300000000000011" classname="ktensor" name="ktensor_functions_are_multilinear"/>
    <testcase time="0.00700000000000145" classname="ktensor" name="ktensor_functions_are_multilinear"/>
    <testcase time="0.00300000000000011" classname="ktensor" name="ktensor_functions_are_multilinear"/>
    <testcase time="0.00300000000000011" classname="ktensor" name="ktensor_functions_are_multilinear"/>
    <testcase time="0.00300000000000011" classname="ktensor" name="ktensor_functions_are_multilinear"/>
    <testcase time="0.00300000000000011" classname="ktensor" name="ktensor_functions_are_multilinear"/>
    <testcase time="0.00499999999999901" classname="ktensor" name="ktensor_functions_are_multilinear"/>
    <testcase time="0.00400000000000134" classname="ktensor" name="ktensor_functions_are_multilinear"/>
    <testcase time="0.00499999999999901" classname="ktensor" name="ktensor_functions_are_multilinear"/>
    <testcase time="0.00300000000000011" classname="ktensor" name="ktensor_functions_are_multilinear"/>
    <testcase time="0.00300000000000011" classname="ktensor" name="ktensor_functions_are_multilinear"/>
    <testcase time="0.00600000000000023" classname="ktensor" name="ktensor_functions_are_multilinear"/>
    <testcase time="0.00300000000000011" classname="ktensor" name="ktensor_functions_are_multilinear"/>
    <testcase time="0.00300000000000011" classname="ktensor" name="ktensor_functions_are_multilinear"/>
    <testcase time="0.00300000000000011" classname="ktensor" name="ktensor_functions_are_multilinear"/>
    <testcase time="0.00600000000000023" classname="ktensor" name="ktensor_functions_are_multilinear"/>
    <testcase time="0.00300000000000011" classname="ktensor" name="ktensor_functions_are_multilinear"/>
    <testcase time="0.00300000000000011" classname="ktensor" name="ktensor_functions_are_multilinear"/>
    <testcase time="0.00300000000000011" classname="ktensor" name="ktensor_functions_are_multilinear"/>
    <testcase time="0.00299999999999656" classname="ktensor" name="ktensor_functions_are_multilinear"/>
    <testcase time="0.00700000000000145" classname="ktensor" name="ktensor_functions_are_multilinear"/>
    <testcase time="0.00300000000000011" classname="ktensor" name="ktensor_functions_are_multilinear"/>
    <testcase time="0.00700000000000145" classname="ktensor" name="ktensor_functions_are_multilinear"/>
    <testcase time="0.00300000000000011" classname="ktensor" name="ktensor_functions_are_multilinear"/>
    <testcase time="0.00399999999999778" classname="ktensor" name="ktensor_functions_are_multilinear"/>
    <testcase time="0.00700000000000145" classname="ktensor" name="ktensor_functions_are_multilinear"/>
    <testcase time="0.00300000000000011" classname="ktensor" name="ktensor_functions_are_multilinear"/>
    <testcase time="0.00300000000000011" classname="ktensor" name="ktensor_functions_are_multilinear"/>
    <testcase time="0.00300000000000011" classname="ktensor" name="ktensor_functions_are_multilinear"/>
    <testcase time="0.0069999999999979" classname="ktensor" name="ktensor_functions_are_multilinear"/>
    <testcase time="0.00300000000000011" classname="ktensor" name="ktensor_functions_are_multilinear"/>
    <testcase time="0.00300000000000011" classname="ktensor" name="ktensor_functions_are_multilinear"/>
    <testcase time="0.00300000000000011" classname="ktensor" name="ktensor_functions_are_multilinear"/>
    <testcase time="0.00300000000000011" classname="ktensor" name="ktensor_functions_are_multilinear"/>
    <testcase time="0.0069999999999979" classname="ktensor" name="ktensor_functions_are_multilinear"/>
    <testcase time="0.00300000000000011" classname="ktensor" name="ktensor_functions_are_multilinear"/>
    <testcase time="0.0120000000000005" classname="ktensor" name="ktensor_functions_are_multilinear"/>
    <testcase time="0.00300000000000011" classname="ktensor" name="ktensor_functions_are_multilinear"/>
    <testcase time="0.00300000000000011" classname="ktensor" name="ktensor_functions_are_multilinear"/>
    <testcase time="0.00700000000000145" classname="ktensor" name="ktensor_functions_are_multilinear"/>
    <testcase time="0.00300000000000011" classname="ktensor" name="ktensor_functions_are_multilinear"/>
    <testcase time="0.00399999999999778" classname="ktensor" name="ktensor_functions_are_multilinear"/>
    <testcase time="0.00300000000000011" classname="ktensor" name="ktensor_functions_are_multilinear"/>
    <testcase time="0.00700000000000145" classname="ktensor" name="ktensor_functions_are_multilinear"/>
    <testcase time="0.00300000000000011" classname="ktensor" name="ktensor_functions_are_multilinear"/>
    <testcase time="0.00300000000000011" classname="ktensor" name="ktensor_functions_are_multilinear"/>
    <testcase time="0.00300000000000011" classname="ktensor" name="ktensor_functions_are_multilinear"/>
    <testcase time="0.00399999999999778" classname="ktensor" name="ktensor_functions_are_multilinear"/>
    <testcase time="0.00500000000000256" classname="ktensor" name="ktensor_functions_are_multilinear"/>
    <testcase time="0.00300000000000011" classname="ktensor" name="ktensor_functions_are_multilinear"/>
    <testcase time="0.00600000000000023" classname="ktensor" name="ktensor_functions_are_multilinear"/>
    <testcase time="0.00300000000000011" classname="ktensor" name="ktensor_functions_are_multilinear"/>
    <testcase time="0.00399999999999778" classname="ktensor" name="ktensor_functions_are_multilinear"/>
    <testcase time="0.00500000000000256" classname="ktensor" name="ktensor_functions_are_multilinear"/>
    <testcase time="0.00399999999999778" classname="ktensor" name="ktensor_functions_are_multilinear"/>
    <testcase time="0.00300000000000011" classname="ktensor" name="ktensor_functions_are_multilinear"/>
    <testcase time="0.00400000000000134" classname="ktensor" name="ktensor_functions_are_multilinear"/>
    <testcase time="0.00799999999999912" classname="ktensor" name="ktensor_functions_are_multilinear"/>
    <testcase time="0.00300000000000011" classname="ktensor" name="ktensor_functions_are_multilinear"/>
    <testcase time="0.00400000000000134" classname="ktensor" name="ktensor_functions_are_multilinear"/>
    <testcase time="0.00300000000000011" classname="ktensor" name="ktensor_functions_are_multilinear"/>
    <testcase time="0.00300000000000011" classname="ktensor" name="ktensor_functions_are_multilinear"/>
    <testcase time="0.00599999999999667" classname="ktensor" name="ktensor_functions_are_multilinear"/>
    <testcase time="0.00300000000000011" classname="ktensor" name="ktensor_functions_are_multilinear"/>
    <testcase time="0.00700000000000145" classname="ktensor" name="ktensor_functions_are_multilinear"/>
    <testcase time="0.00400000000000134" classname="ktensor" name="ktensor_functions_are_multilinear"/>
    <testcase time="0.00300000000000011" classname="ktensor" name="ktensor_functions_are_multilinear"/>
    <testcase time="0.00600000000000023" classname="ktensor" name="ktensor_functions_are_multilinear"/>
    <testcase time="0.00300000000000011" classname="ktensor" name="ktensor_functions_are_multilinear"/>
    <testcase time="0.00299999999999656" classname="ktensor" name="ktensor_functions_are_multilinear"/>
    <testcase time="0.00400000000000134" classname="ktensor" name="ktensor_functions_are_multilinear"/>
    <testcase time="0.00700000000000145" classname="ktensor" name="ktensor_functions_are_multilinear"/>
    <testcase time="0.00300000000000011" classname="ktensor" name="ktensor_functions_are_multilinear"/>
    <testcase time="0.00300000000000011" classname="ktensor" name="ktensor_functions_are_multilinear"/>
    <testcase time="0.00399999999999778" classname="ktensor" name="ktensor_functions_are_multilinear"/>
    <testcase time="0.00300000000000011" classname="ktensor" name="ktensor_functions_are_multilinear"/>
    <testcase time="0.00700000000000145" classname="ktensor" name="ktensor_functions_are_multilinear"/>
    <testcase time="0.00399999999999778" classname="ktensor" name="ktensor_functions_are_multilinear"/>
    <testcase time="0.00700000000000145" classname="ktensor" name="ktensor_functions_are_multilinear"/>
    <testcase time="0.00300000000000011" classname="ktensor" name="ktensor_functions_are_multilinear"/>
    <testcase time="0.00400000000000134" classname="ktensor" name="ktensor_functions_are_multilinear"/>
    <testcase time="0.0069999999999979" classname="ktensor" name="ktensor_functions_are_multilinear"/>
    <testcase time="0.00300000000000011" classname="ktensor" name="ktensor_functions_are_multilinear"/>
    <testcase time="0.00400000000000134" classname="ktensor" name="ktensor_functions_are_multilinear"/>
    <testcase time="0.00300000000000011" classname="ktensor" name="ktensor_functions_are_multilinear"/>
    <testcase time="0.0069999999999979" classname="ktensor" name="ktensor_functions_are_multilinear"/>
    <testcase time="0.00300000000000011" classname="ktensor" name="ktensor_functions_are_multilinear"/>
    <testcase time="0.00400000000000134" classname="ktensor" name="ktensor_functions_are_multilinear"/>
    <testcase time="0.00300000000000011" classname="ktensor" name="ktensor_functions_are_multilinear"/>
    <testcase time="0.00400000000000134" classname="ktensor" name="ktensor_functions_are_multilinear"/>
    <testcase time="0.00599999999999667" classname="ktensor" name="ktensor_functions_are_multilinear"/>
    <testcase time="0.00300000000000011" classname="ktensor" name="ktensor_functions_are_multilinear"/>
    <testcase time="0.0100000000000016" classname="ktensor" name="ktensor_functions_are_multilinear"/>
    <testcase time="0.00400000000000134" classname="ktensor" name="ktensor_functions_are_multilinear"/>
    <testcase time="0.00399999999999778" classname="ktensor" name="ktensor_functions_are_multilinear"/>
    <testcase time="0.00600000000000023" classname="ktensor" name="ktensor_functions_are_multilinear"/>
    <testcase time="0.00300000000000011" classname="ktensor" name="ktensor_functions_are_multilinear"/>
    <testcase time="0.00300000000000011" classname="ktensor" name="ktensor_functions_are_multilinear"/>
    <testcase time="0.00400000000000134" classname="ktensor" name="ktensor_functions_are_multilinear"/>
    <testcase time="0.00600000000000023" classname="ktensor" name="ktensor_functions_are_multilinear"/>
    <testcase time="0.00300000000000011" classname="ktensor" name="ktensor_functions_are_multilinear"/>
    <testcase time="0.00399999999999778" classname="ktensor" name="ktensor_functions_are_multilinear"/>
    <testcase time="0.00300000000000011" classname="ktensor" name="ktensor_functions_are_multilinear"/>
    <testcase time="0.00300000000000011" classname="ktensor" name="ktensor_functions_are_multilinear"/>
    <testcase time="0.00600000000000023" classname="ktensor" name="ktensor_functions_are_multilinear"/>
    <testcase time="0.00300000000000011" classname="ktensor" name="ktensor_functions_are_multilinear"/>
    <testcase time="0.0069999999999979" classname="ktensor" name="ktensor_functions_are_multilinear"/>
    <testcase time="0.00300000000000011" classname="ktensor" name="ktensor_functions_are_multilinear"/>
    <testcase time="0.00400000000000134" classname="ktensor" name="ktensor_functions_are_multilinear"/>
    <testcase time="0.00600000000000023" classname="ktensor" name="ktensor_functions_are_multilinear"/>
    <testcase time="0.00300000000000011" classname="ktensor" name="ktensor_functions_are_multilinear"/>
    <testcase time="0.00400000000000134" classname="ktensor" name="ktensor_functions_are_multilinear"/>
    <testcase time="0.00299999999999656" classname="ktensor" name="ktensor_functions_are_multilinear"/>
    <testcase time="0.00700000000000145" classname="ktensor" name="ktensor_functions_are_multilinear"/>
    <testcase time="0.00400000000000134" classname="ktensor" name="ktensor_functions_are_multilinear"/>
    <testcase time="0.00300000000000011" classname="ktensor" name="ktensor_functions_are_multilinear"/>
    <testcase time="0.00399999999999778" classname="ktensor" name="ktensor_functions_are_multilinear"/>
    <testcase time="0.00300000000000011" classname="ktensor" name="ktensor_functions_are_multilinear"/>
    <testcase time="0.00700000000000145" classname="ktensor" name="ktensor_functions_are_multilinear"/>
    <testcase time="0.00399999999999778" classname="ktensor" name="ktensor_functions_are_multilinear"/>
    <testcase time="0.00700000000000145" classname="ktensor" name="ktensor_functions_are_multilinear"/>
    <testcase time="0.00300000000000011" classname="ktensor" name="ktensor_functions_are_multilinear"/>
    <testcase time="0.00400000000000134" classname="ktensor" name="ktensor_functions_are_multilinear"/>
    <testcase time="0.0069999999999979" classname="ktensor" name="ktensor_functions_are_multilinear"/>
    <testcase time="0.00300000000000011" classname="ktensor" name="ktensor_functions_are_multilinear"/>
    <testcase time="0.00400000000000134" classname="ktensor" name="ktensor_functions_are_multilinear"/>
    <testcase time="0.00399999999999778" classname="ktensor" name="ktensor_functions_are_multilinear"/>
    <testcase time="0.00700000000000145" classname="ktensor" name="ktensor_functions_are_multilinear"/>
    <testcase time="0.00300000000000011" classname="ktensor" name="ktensor_functions_are_multilinear"/>
    <testcase time="0.00400000000000134" classname="ktensor" name="ktensor_functions_are_multilinear"/>
    <testcase time="0.00300000000000011" classname="ktensor" name="ktensor_functions_are_multilinear"/>
    <testcase time="0.00399999999999778" classname="ktensor" name="ktensor_functions_are_multilinear"/>
    <testcase time="0.00600000000000023" classname="ktensor" name="ktensor_functions_are_multilinear"/>
    <testcase time="0.00400000000000134" classname="ktensor" name="ktensor_functions_are_multilinear"/>
    <testcase time="0.00600000000000023" classname="ktensor" name="ktensor_functions_are_multilinear"/>
    <testcase time="0.00300000000000011" classname="ktensor" name="ktensor_functions_are_multilinear"/>
    <testcase time="0.00399999999999778" classname="ktensor" name="ktensor_functions_are_multilinear"/>
    <testcase time="0.00600000000000023" classname="ktensor" name="ktensor_functions_are_multilinear"/>
    <testcase time="0.00400000000000134" classname="ktensor" name="ktensor_functions_are_multilinear"/>
    <testcase time="0.00400000000000134" classname="ktensor" name="ktensor_functions_are_multilinear"/>
    <testcase time="0.00299999999999656" classname="ktensor" name="ktensor_functions_are_multilinear"/>
    <testcase time="0.00600000000000023" classname="ktensor" name="ktensor_functions_are_multilinear"/>
    <testcase time="0.00400000000000134" classname="ktensor" name="ktensor_functions_are_multilinear"/>
    <testcase time="0.00300000000000011" classname="ktensor" name="ktensor_functions_are_multilinear"/>
    <testcase time="0.00400000000000134" classname="ktensor" name="ktensor_functions_are_multilinear"/>
    <testcase time="0.00399999999999778" classname="ktensor" name="ktensor_functions_are_multilinear"/>
    <testcase time="0.0289999999999999" classname="ktensor" name="ktensor_functions_are_multilinear"/>
    <testcase time="0.00300000000000011" classname="ktensor" name="ktensor_functions_are_multilinear"/>
    <testcase time="0.00799999999999912" classname="ktensor" name="ktensor_functions_are_multilinear"/>
    <testcase time="0.00300000000000011" classname="ktensor" name="ktensor_functions_are_multilinear"/>
    <testcase time="0.00400000000000134" classname="ktensor" name="ktensor_functions_are_multilinear"/>
    <testcase time="0.0069999999999979" classname="ktensor" name="ktensor_functions_are_multilinear"/>
    <testcase time="0.00400000000000134" classname="ktensor" name="ktensor_functions_are_multilinear"/>
    <testcase time="0.00300000000000011" classname="ktensor" name="ktensor_functions_are_multilinear"/>
    <testcase time="0.00300000000000011" classname="ktensor" name="ktensor_functions_are_multilinear"/>
    <testcase time="0.0069999999999979" classname="ktensor" name="ktensor_functions_are_multilinear"/>
    <testcase time="0.00400000000000134" classname="ktensor" name="ktensor_functions_are_multilinear"/>
    <testcase time="0.00399999999999778" classname="ktensor" name="ktensor_functions_are_multilinear"/>
    <testcase time="0.00300000000000011" classname="ktensor" name="ktensor_functions_are_multilinear"/>
    <testcase time="0.00400000000000134" classname="ktensor" name="ktensor_functions_are_multilinear"/>
    <testcase time="0.00700000000000145" classname="ktensor" name="ktensor_functions_are_multilinear"/>
    <testcase time="0.00399999999999778" classname="ktensor" name="ktensor_functions_are_multilinear"/>
    <testcase time="0.00700000000000145" classname="ktensor" name="ktensor_functions_are_multilinear"/>
    <testcase time="0.00399999999999778" classname="ktensor" name="ktensor_functions_are_multilinear"/>
    <testcase time="0.00300000000000011" classname="ktensor" name="ktensor_functions_are_multilinear"/>
    <testcase time="0.00800000000000267" classname="ktensor" name="ktensor_functions_are_multilinear"/>
    <testcase time="0.00399999999999778" classname="ktensor" name="ktensor_functions_are_multilinear"/>
    <testcase time="0.00300000000000011" classname="ktensor" name="ktensor_functions_are_multilinear"/>
    <testcase time="0.00400000000000134" classname="ktensor" name="ktensor_functions_are_multilinear"/>
    <testcase time="0.0069999999999979" classname="ktensor" name="ktensor_functions_are_multilinear"/>
    <testcase time="0.00300000000000011" classname="ktensor" name="ktensor_functions_are_multilinear"/>
    <testcase time="0.00400000000000134" classname="ktensor" name="ktensor_functions_are_multilinear"/>
    <testcase time="0.00400000000000134" classname="ktensor" name="ktensor_functions_are_multilinear"/>
    <testcase time="0.00399999999999778" classname="ktensor" name="ktensor_functions_are_multilinear"/>
    <testcase time="0.0160000000000018" classname="ktensor" name="ktensors_are_a_vector_space"/>
    <testcase time="0.0189999999999984" classname="ktensor" name="ktensors_are_a_vector_space"/>
    <testcase time="0.0190000000000019" classname="ktensor" name="ktensors_are_a_vector_space"/>
    <testcase time="0.0199999999999996" classname="ktensor" name="ktensors_are_a_vector_space"/>
    <testcase time="0.0129999999999981" classname="ktensor" name="ktensors_are_a_vector_space"/>
    <testcase time="0.0190000000000019" classname="ktensor" name="ktensors_are_a_vector_space"/>
    <testcase time="0.0240000000000009" classname="ktensor" name="ktensors_are_a_vector_space"/>
    <testcase time="0.0179999999999971" classname="ktensor" name="ktensors_are_a_vector_space"/>
    <testcase time="0.0140000000000029" classname="ktensor" name="ktensors_are_a_vector_space"/>
    <testcase time="0.0189999999999984" classname="ktensor" name="ktensors_are_a_vector_space"/>
    <testcase time="0.0189999999999984" classname="ktensor" name="ktensors_are_a_vector_space"/>
    <testcase time="0.0180000000000007" classname="ktensor" name="ktensors_are_a_vector_space"/>
    <testcase time="0.0139999999999993" classname="ktensor" name="ktensors_are_a_vector_space"/>
    <testcase time="0.0190000000000019" classname="ktensor" name="ktensors_are_a_vector_space"/>
    <testcase time="0.0180000000000007" classname="ktensor" name="ktensors_are_a_vector_space"/>
    <testcase time="0.0189999999999984" classname="ktensor" name="ktensors_are_a_vector_space"/>
    <testcase time="0.0139999999999993" classname="ktensor" name="ktensors_are_a_vector_space"/>
    <testcase time="0.0190000000000019" classname="ktensor" name="ktensors_are_a_vector_space"/>
    <testcase time="0.0180000000000007" classname="ktensor" name="ktensors_are_a_vector_space"/>
    <testcase time="0.0189999999999984" classname="ktensor" name="ktensors_are_a_vector_space"/>
    <testcase time="0.0139999999999993" classname="ktensor" name="ktensors_are_a_vector_space"/>
    <testcase time="0.0229999999999997" classname="ktensor" name="ktensors_are_a_vector_space"/>
    <testcase time="0.0180000000000007" classname="ktensor" name="ktensors_are_a_vector_space"/>
    <testcase time="0.0190000000000019" classname="ktensor" name="ktensors_are_a_vector_space"/>
    <testcase time="0.0139999999999993" classname="ktensor" name="ktensors_are_a_vector_space"/>
    <testcase time="0.0180000000000007" classname="ktensor" name="ktensors_are_a_vector_space"/>
    <testcase time="0.0199999999999996" classname="ktensor" name="ktensors_are_a_vector_space"/>
    <testcase time="0.0189999999999984" classname="ktensor" name="ktensors_are_a_vector_space"/>
    <testcase time="0.0139999999999993" classname="ktensor" name="ktensors_are_a_vector_space"/>
    <testcase time="0.0190000000000019" classname="ktensor" name="ktensors_are_a_vector_space"/>
    <testcase time="0.0189999999999984" classname="ktensor" name="ktensors_are_a_vector_space"/>
    <testcase time="0.0190000000000019" classname="ktensor" name="ktensors_are_a_vector_space"/>
    <testcase time="0.0129999999999981" classname="ktensor" name="ktensors_are_a_vector_space"/>
    <testcase time="0.0190000000000019" classname="ktensor" name="ktensors_are_a_vector_space"/>
    <testcase time="0.0189999999999984" classname="ktensor" name="ktensors_are_a_vector_space"/>
    <testcase time="0.0229999999999997" classname="ktensor" name="ktensors_are_a_vector_space"/>
  </testsuite>
  <testsuite name="misc" timestamp="2024-07-08T18:48:32Z" hostname="0d16460b9f60" tests="60" skipped="0" failures="0" errors="0" time="0.598">
    <testcase time="0.0160000000000018" classname="misc" name="Miscellaneous_wedge_functionality"/>
    <testcase time="0.00399999999999778" classname="misc" name="Miscellaneous_wedge_functionality"/>
    <testcase time="0.00300000000000011" classname="misc" name="Miscellaneous_wedge_functionality"/>
    <testcase time="0.00500000000000256" classname="misc" name="Miscellaneous_wedge_functionality"/>
    <testcase time="0.00900000000000034" classname="misc" name="Miscellaneous_wedge_functionality"/>
    <testcase time="0.0129999999999981" classname="misc" name="Miscellaneous_wedge_functionality"/>
    <testcase time="0.00499999999999901" classname="misc" name="Miscellaneous_wedge_functionality"/>
    <testcase time="0.00400000000000134" classname="misc" name="Miscellaneous_wedge_functionality"/>
    <testcase time="0.00499999999999901" classname="misc" name="Miscellaneous_wedge_functionality"/>
    <testcase time="0.00500000000000256" classname="misc" name="Miscellaneous_wedge_functionality"/>
    <testcase time="0.00600000000000023" classname="misc" name="Miscellaneous_wedge_functionality"/>
    <testcase time="0.0219999999999985" classname="misc" name="Miscellaneous_wedge_functionality"/>
    <testcase time="0.0210000000000008" classname="misc" name="Miscellaneous_wedge_functionality"/>
    <testcase time="0.0129999999999981" classname="misc" name="Miscellaneous_wedge_functionality"/>
    <testcase time="0.0139999999999993" classname="misc" name="Miscellaneous_wedge_functionality"/>
    <testcase time="0.0230000000000032" classname="misc" name="Miscellaneous_wedge_functionality"/>
    <testcase time="0.0229999999999997" classname="misc" name="Miscellaneous_wedge_functionality"/>
    <testcase time="0.0219999999999985" classname="misc" name="Miscellaneous_wedge_functionality"/>
    <testcase time="0.0139999999999993" classname="misc" name="Miscellaneous_wedge_functionality"/>
    <testcase time="0.022000000000002" classname="misc" name="Miscellaneous_wedge_functionality"/>
    <testcase time="0.032" classname="misc" name="Miscellaneous_wedge_functionality"/>
    <testcase time="0.00999999999999801" classname="misc" name="Miscellaneous_wedge_functionality"/>
    <testcase time="0.0190000000000019" classname="misc" name="Miscellaneous_wedge_functionality"/>
    <testcase time="0.0199999999999996" classname="misc" name="Miscellaneous_wedge_functionality"/>
    <testcase time="0.0199999999999996" classname="misc" name="Miscellaneous_wedge_functionality"/>
    <testcase time="0.00499999999999901" classname="misc" name="Miscellaneous_wedge_functionality"/>
    <testcase time="0.0120000000000005" classname="misc" name="Miscellaneous_wedge_functionality"/>
    <testcase time="0.00300000000000011" classname="misc" name="Miscellaneous_wedge_functionality"/>
    <testcase time="0.00300000000000011" classname="misc" name="Miscellaneous_wedge_functionality"/>
    <testcase time="0.00199999999999889" classname="misc" name="Miscellaneous_wedge_functionality"/>
    <testcase time="0.00300000000000011" classname="misc" name="Miscellaneous_wedge_functionality"/>
    <testcase time="0.00300000000000011" classname="misc" name="Miscellaneous_wedge_functionality"/>
    <testcase time="0.00300000000000011" classname="misc" name="Miscellaneous_wedge_functionality"/>
    <testcase time="0.00700000000000145" classname="misc" name="Miscellaneous_wedge_functionality"/>
    <testcase time="0.00799999999999912" classname="misc" name="Miscellaneous_wedge_functionality"/>
    <testcase time="0.00799999999999912" classname="misc" name="Miscellaneous_wedge_functionality"/>
    <testcase time="0.00700000000000145" classname="misc" name="Miscellaneous_wedge_functionality"/>
    <testcase time="0.0240000000000009" classname="misc" name="Miscellaneous_wedge_functionality"/>
    <testcase time="0.0129999999999981" classname="misc" name="Miscellaneous_wedge_functionality"/>
    <testcase time="0.00500000000000256" classname="misc" name="Miscellaneous_wedge_functionality"/>
    <testcase time="0.00399999999999778" classname="misc" name="Miscellaneous_wedge_functionality"/>
    <testcase time="0.00900000000000034" classname="misc" name="Miscellaneous_wedge_functionality"/>
    <testcase time="0.0130000000000017" classname="misc" name="Miscellaneous_wedge_functionality"/>
    <testcase time="0.0129999999999981" classname="misc" name="Miscellaneous_wedge_functionality"/>
    <testcase time="0.0160000000000018" classname="misc" name="Miscellaneous_wedge_functionality"/>
    <testcase time="0.00499999999999901" classname="misc" name="Miscellaneous_wedge_functionality"/>
    <testcase time="0.0139999999999993" classname="misc" name="Miscellaneous_wedge_functionality"/>
    <testcase time="0.00499999999999901" classname="misc" name="Miscellaneous_wedge_functionality"/>
    <testcase time="0.00600000000000023" classname="misc" name="Miscellaneous_wedge_functionality"/>
    <testcase time="0.00700000000000145" classname="misc" name="Miscellaneous_wedge_functionality"/>
    <testcase time="0.00499999999999901" classname="misc" name="Miscellaneous_tensor_functionality"/>
    <testcase time="0.00199999999999889" classname="misc" name="Miscellaneous_tensor_functionality"/>
    <testcase time="0.00300000000000011" classname="misc" name="Miscellaneous_tensor_functionality"/>
    <testcase time="0.00300000000000011" classname="misc" name="Miscellaneous_tensor_functionality"/>
    <testcase time="0.00400000000000134" classname="misc" name="Miscellaneous_tensor_functionality"/>
    <testcase time="0.00499999999999901" classname="misc" name="Miscellaneous_tensor_functionality"/>
    <testcase time="0.00900000000000034" classname="misc" name="Miscellaneous_tensor_functionality"/>
    <testcase time="0.00400000000000134" classname="misc" name="Miscellaneous_tensor_functionality"/>
    <testcase time="0.00600000000000023" classname="misc" name="as.symbolic_functionality"/>
    <testcase time="0.00900000000000034" classname="misc" name="as.symbolic_functionality"/>
  </testsuite>
  <testsuite name="mult" timestamp="2024-07-08T18:48:33Z" hostname="0d16460b9f60" tests="31" skipped="0" failures="0" errors="0" time="0.183">
    <testcase time="0.0129999999999981" classname="mult" name="coverage_of_functionality_in_mult.R"/>
    <testcase time="0.00300000000000011" classname="mult" name="coverage_of_functionality_in_mult.R"/>
    <testcase time="0.00300000000000011" classname="mult" name="coverage_of_functionality_in_mult.R"/>
    <testcase time="0.00400000000000134" classname="mult" name="coverage_of_functionality_in_mult.R"/>
    <testcase time="0.00399999999999778" classname="mult" name="coverage_of_functionality_in_mult.R"/>
    <testcase time="0.00200000000000244" classname="mult" name="coverage_of_functionality_in_mult.R"/>
    <testcase time="0.00199999999999889" classname="mult" name="coverage_of_functionality_in_mult.R"/>
    <testcase time="0.00400000000000134" classname="mult" name="coverage_of_functionality_in_mult.R"/>
    <testcase time="0.00300000000000011" classname="mult" name="coverage_of_functionality_in_mult.R"/>
    <testcase time="0.00399999999999778" classname="mult" name="coverage_of_functionality_in_mult.R"/>
    <testcase time="0.00400000000000134" classname="mult" name="coverage_of_functionality_in_mult.R"/>
    <testcase time="0.00499999999999901" classname="mult" name="coverage_of_functionality_in_mult.R"/>
    <testcase time="0.00100000000000122" classname="mult" name="coverage_of_functionality_in_mult.R"/>
    <testcase time="0.00900000000000034" classname="mult" name="coverage_of_functionality_in_mult.R"/>
    <testcase time="0.00799999999999912" classname="mult" name="coverage_of_functionality_in_mult.R"/>
    <testcase time="0.00499999999999901" classname="mult" name="coverage_of_functionality_in_mult.R"/>
    <testcase time="0.00499999999999901" classname="mult" name="coverage_of_functionality_in_mult.R"/>
    <testcase time="0.00900000000000034" classname="mult" name="coverage_of_functionality_in_mult.R"/>
    <testcase time="0.00600000000000023" classname="mult" name="coverage_of_functionality_in_mult.R"/>
    <testcase time="0.0100000000000016" classname="mult" name="coverage_of_functionality_in_mult.R"/>
    <testcase time="0.00999999999999801" classname="mult" name="coverage_of_functionality_in_mult.R"/>
    <testcase time="0.00500000000000256" classname="mult" name="coverage_of_functionality_in_mult.R"/>
    <testcase time="0.00499999999999901" classname="mult" name="coverage_of_functionality_in_mult.R"/>
    <testcase time="0.00799999999999912" classname="mult" name="coverage_of_functionality_in_mult.R"/>
    <testcase time="0.00500000000000256" classname="mult" name="coverage_of_functionality_in_mult.R"/>
    <testcase time="0.0129999999999981" classname="mult" name="coverage_of_functionality_in_mult.R"/>
    <testcase time="0.0150000000000006" classname="mult" name="coverage_of_functionality_in_mult.R"/>
    <testcase time="0.00400000000000134" classname="mult" name="coverage_of_functionality_in_mult.R"/>
    <testcase time="0.00399999999999778" classname="mult" name="coverage_of_functionality_in_mult.R"/>
    <testcase time="0.00400000000000134" classname="mult" name="coverage_of_functionality_in_mult.R"/>
    <testcase time="0.00600000000000023" classname="mult" name="coverage_of_functionality_in_mult.R"/>
  </testsuite>
  <testsuite name="ops" timestamp="2024-07-08T18:48:33Z" hostname="0d16460b9f60" tests="160" skipped="0" failures="0" errors="0" time="5.155">
    <testcase time="0.0359999999999978" classname="ops" name="Cross_product_Ops_behave"/>
    <testcase time="0.0280000000000022" classname="ops" name="Cross_product_Ops_behave"/>
    <testcase time="0.0199999999999996" classname="ops" name="Cross_product_Ops_behave"/>
    <testcase time="0.0279999999999987" classname="ops" name="Cross_product_Ops_behave"/>
    <testcase time="0.0289999999999999" classname="ops" name="Cross_product_Ops_behave"/>
    <testcase time="0.0380000000000003" classname="ops" name="Cross_product_Ops_behave"/>
    <testcase time="0.0330000000000013" classname="ops" name="Cross_product_Ops_behave"/>
    <testcase time="0.0210000000000008" classname="ops" name="Cross_product_Ops_behave"/>
    <testcase time="0.014999999999997" classname="ops" name="Cross_product_Ops_behave"/>
    <testcase time="0.027000000000001" classname="ops" name="Cross_product_Ops_behave"/>
    <testcase time="0.0259999999999998" classname="ops" name="Cross_product_Ops_behave"/>
    <testcase time="0.0390000000000015" classname="ops" name="Cross_product_Ops_behave"/>
    <testcase time="0.0289999999999999" classname="ops" name="Cross_product_Ops_behave"/>
    <testcase time="0.0229999999999997" classname="ops" name="Cross_product_Ops_behave"/>
    <testcase time="0.0150000000000006" classname="ops" name="Cross_product_Ops_behave"/>
    <testcase time="0.0269999999999975" classname="ops" name="Cross_product_Ops_behave"/>
    <testcase time="0.0280000000000022" classname="ops" name="Cross_product_Ops_behave"/>
    <testcase time="0.0380000000000003" classname="ops" name="Cross_product_Ops_behave"/>
    <testcase time="0.0219999999999985" classname="ops" name="Cross_product_Ops_behave"/>
    <testcase time="0.0190000000000019" classname="ops" name="Cross_product_Ops_behave"/>
    <testcase time="0.014999999999997" classname="ops" name="Cross_product_Ops_behave"/>
    <testcase time="0.0250000000000021" classname="ops" name="Cross_product_Ops_behave"/>
    <testcase time="0.0289999999999999" classname="ops" name="Cross_product_Ops_behave"/>
    <testcase time="0.032" classname="ops" name="Cross_product_Ops_behave"/>
    <testcase time="0.0210000000000008" classname="ops" name="Cross_product_Ops_behave"/>
    <testcase time="0.0189999999999984" classname="ops" name="Cross_product_Ops_behave"/>
    <testcase time="0.0150000000000006" classname="ops" name="Cross_product_Ops_behave"/>
    <testcase time="0.0240000000000009" classname="ops" name="Cross_product_Ops_behave"/>
    <testcase time="0.0239999999999974" classname="ops" name="Cross_product_Ops_behave"/>
    <testcase time="0.032" classname="ops" name="Cross_product_Ops_behave"/>
    <testcase time="0.0289999999999999" classname="ops" name="Cross_product_Ops_behave"/>
    <testcase time="0.0230000000000032" classname="ops" name="Cross_product_Ops_behave"/>
    <testcase time="0.0189999999999984" classname="ops" name="Cross_product_Ops_behave"/>
    <testcase time="0.0279999999999987" classname="ops" name="Cross_product_Ops_behave"/>
    <testcase time="0.0289999999999999" classname="ops" name="Cross_product_Ops_behave"/>
    <testcase time="0.0370000000000026" classname="ops" name="Cross_product_Ops_behave"/>
    <testcase time="0.032" classname="ops" name="Cross_product_Ops_behave"/>
    <testcase time="0.0239999999999974" classname="ops" name="Cross_product_Ops_behave"/>
    <testcase time="0.0150000000000006" classname="ops" name="Cross_product_Ops_behave"/>
    <testcase time="0.0289999999999999" classname="ops" name="Cross_product_Ops_behave"/>
    <testcase time="0.0300000000000011" classname="ops" name="Cross_product_Ops_behave"/>
    <testcase time="0.0429999999999993" classname="ops" name="Cross_product_Ops_behave"/>
    <testcase time="0.022000000000002" classname="ops" name="Cross_product_Ops_behave"/>
    <testcase time="0.0189999999999984" classname="ops" name="Cross_product_Ops_behave"/>
    <testcase time="0.0150000000000006" classname="ops" name="Cross_product_Ops_behave"/>
    <testcase time="0.0229999999999997" classname="ops" name="Cross_product_Ops_behave"/>
    <testcase time="0.0240000000000009" classname="ops" name="Cross_product_Ops_behave"/>
    <testcase time="0.0309999999999988" classname="ops" name="Cross_product_Ops_behave"/>
    <testcase time="0.027000000000001" classname="ops" name="Cross_product_Ops_behave"/>
    <testcase time="0.0219999999999985" classname="ops" name="Cross_product_Ops_behave"/>
    <testcase time="0.0150000000000006" classname="ops" name="Cross_product_Ops_behave"/>
    <testcase time="0.027000000000001" classname="ops" name="Cross_product_Ops_behave"/>
    <testcase time="0.0309999999999988" classname="ops" name="Cross_product_Ops_behave"/>
    <testcase time="0.0360000000000014" classname="ops" name="Cross_product_Ops_behave"/>
    <testcase time="0.0309999999999988" classname="ops" name="Cross_product_Ops_behave"/>
    <testcase time="0.0229999999999997" classname="ops" name="Cross_product_Ops_behave"/>
    <testcase time="0.0160000000000018" classname="ops" name="Cross_product_Ops_behave"/>
    <testcase time="0.0279999999999987" classname="ops" name="Cross_product_Ops_behave"/>
    <testcase time="0.0300000000000011" classname="ops" name="Cross_product_Ops_behave"/>
    <testcase time="0.0389999999999979" classname="ops" name="Cross_product_Ops_behave"/>
    <testcase time="0.0590000000000011" classname="ops" name="Cross_product_Ops_behave"/>
    <testcase time="0.032" classname="ops" name="Cross_product_Ops_behave"/>
    <testcase time="0.0590000000000011" classname="ops" name="Cross_product_Ops_behave"/>
    <testcase time="0.0339999999999989" classname="ops" name="Cross_product_Ops_behave"/>
    <testcase time="0.0539999999999985" classname="ops" name="Cross_product_Ops_behave"/>
    <testcase time="0.032" classname="ops" name="Cross_product_Ops_behave"/>
    <testcase time="0.054000000000002" classname="ops" name="Cross_product_Ops_behave"/>
    <testcase time="0.0289999999999999" classname="ops" name="Cross_product_Ops_behave"/>
    <testcase time="0.0569999999999986" classname="ops" name="Cross_product_Ops_behave"/>
    <testcase time="0.0330000000000013" classname="ops" name="Cross_product_Ops_behave"/>
    <testcase time="0.0500000000000007" classname="ops" name="Cross_product_Ops_behave"/>
    <testcase time="0.0309999999999988" classname="ops" name="Cross_product_Ops_behave"/>
    <testcase time="0.0689999999999991" classname="ops" name="Cross_product_Ops_behave"/>
    <testcase time="0.0350000000000001" classname="ops" name="Cross_product_Ops_behave"/>
    <testcase time="0.0590000000000011" classname="ops" name="Cross_product_Ops_behave"/>
    <testcase time="0.0350000000000001" classname="ops" name="Cross_product_Ops_behave"/>
    <testcase time="0.0569999999999986" classname="ops" name="Cross_product_Ops_behave"/>
    <testcase time="0.0360000000000014" classname="ops" name="Cross_product_Ops_behave"/>
    <testcase time="0.0539999999999985" classname="ops" name="Cross_product_Ops_behave"/>
    <testcase time="0.032" classname="ops" name="Cross_product_Ops_behave"/>
    <testcase time="0.0259999999999998" classname="ops" name="Wedge_product_Ops_behave"/>
    <testcase time="0.0210000000000008" classname="ops" name="Wedge_product_Ops_behave"/>
    <testcase time="0.0160000000000018" classname="ops" name="Wedge_product_Ops_behave"/>
    <testcase time="0.0269999999999975" classname="ops" name="Wedge_product_Ops_behave"/>
    <testcase time="0.0259999999999998" classname="ops" name="Wedge_product_Ops_behave"/>
    <testcase time="0.0340000000000025" classname="ops" name="Wedge_product_Ops_behave"/>
    <testcase time="0.0350000000000001" classname="ops" name="Wedge_product_Ops_behave"/>
    <testcase time="0.0229999999999997" classname="ops" name="Wedge_product_Ops_behave"/>
    <testcase time="0.0159999999999982" classname="ops" name="Wedge_product_Ops_behave"/>
    <testcase time="0.0280000000000022" classname="ops" name="Wedge_product_Ops_behave"/>
    <testcase time="0.0289999999999999" classname="ops" name="Wedge_product_Ops_behave"/>
    <testcase time="0.036999999999999" classname="ops" name="Wedge_product_Ops_behave"/>
    <testcase time="0.0269999999999975" classname="ops" name="Wedge_product_Ops_behave"/>
    <testcase time="0.022000000000002" classname="ops" name="Wedge_product_Ops_behave"/>
    <testcase time="0.0150000000000006" classname="ops" name="Wedge_product_Ops_behave"/>
    <testcase time="0.0269999999999975" classname="ops" name="Wedge_product_Ops_behave"/>
    <testcase time="0.032" classname="ops" name="Wedge_product_Ops_behave"/>
    <testcase time="0.0360000000000014" classname="ops" name="Wedge_product_Ops_behave"/>
    <testcase time="0.0259999999999998" classname="ops" name="Wedge_product_Ops_behave"/>
    <testcase time="0.0219999999999985" classname="ops" name="Wedge_product_Ops_behave"/>
    <testcase time="0.0150000000000006" classname="ops" name="Wedge_product_Ops_behave"/>
    <testcase time="0.027000000000001" classname="ops" name="Wedge_product_Ops_behave"/>
    <testcase time="0.027000000000001" classname="ops" name="Wedge_product_Ops_behave"/>
    <testcase time="0.036999999999999" classname="ops" name="Wedge_product_Ops_behave"/>
    <testcase time="0.0259999999999998" classname="ops" name="Wedge_product_Ops_behave"/>
    <testcase time="0.0259999999999998" classname="ops" name="Wedge_product_Ops_behave"/>
    <testcase time="0.0150000000000006" classname="ops" name="Wedge_product_Ops_behave"/>
    <testcase time="0.027000000000001" classname="ops" name="Wedge_product_Ops_behave"/>
    <testcase time="0.0269999999999975" classname="ops" name="Wedge_product_Ops_behave"/>
    <testcase time="0.0350000000000001" classname="ops" name="Wedge_product_Ops_behave"/>
    <testcase time="0.0280000000000022" classname="ops" name="Wedge_product_Ops_behave"/>
    <testcase time="0.0229999999999997" classname="ops" name="Wedge_product_Ops_behave"/>
    <testcase time="0.0150000000000006" classname="ops" name="Wedge_product_Ops_behave"/>
    <testcase time="0.0279999999999987" classname="ops" name="Wedge_product_Ops_behave"/>
    <testcase time="0.0279999999999987" classname="ops" name="Wedge_product_Ops_behave"/>
    <testcase time="0.0410000000000004" classname="ops" name="Wedge_product_Ops_behave"/>
    <testcase time="0.0240000000000009" classname="ops" name="Wedge_product_Ops_behave"/>
    <testcase time="0.0199999999999996" classname="ops" name="Wedge_product_Ops_behave"/>
    <testcase time="0.0150000000000006" classname="ops" name="Wedge_product_Ops_behave"/>
    <testcase time="0.0259999999999998" classname="ops" name="Wedge_product_Ops_behave"/>
    <testcase time="0.0259999999999998" classname="ops" name="Wedge_product_Ops_behave"/>
    <testcase time="0.0339999999999989" classname="ops" name="Wedge_product_Ops_behave"/>
    <testcase time="0.0250000000000021" classname="ops" name="Wedge_product_Ops_behave"/>
    <testcase time="0.0219999999999985" classname="ops" name="Wedge_product_Ops_behave"/>
    <testcase time="0.0150000000000006" classname="ops" name="Wedge_product_Ops_behave"/>
    <testcase time="0.027000000000001" classname="ops" name="Wedge_product_Ops_behave"/>
    <testcase time="0.0299999999999976" classname="ops" name="Wedge_product_Ops_behave"/>
    <testcase time="0.0350000000000001" classname="ops" name="Wedge_product_Ops_behave"/>
    <testcase time="0.0310000000000024" classname="ops" name="Wedge_product_Ops_behave"/>
    <testcase time="0.0229999999999997" classname="ops" name="Wedge_product_Ops_behave"/>
    <testcase time="0.0150000000000006" classname="ops" name="Wedge_product_Ops_behave"/>
    <testcase time="0.0289999999999999" classname="ops" name="Wedge_product_Ops_behave"/>
    <testcase time="0.0279999999999987" classname="ops" name="Wedge_product_Ops_behave"/>
    <testcase time="0.0390000000000015" classname="ops" name="Wedge_product_Ops_behave"/>
    <testcase time="0.181999999999999" classname="ops" name="Wedge_product_Ops_behave"/>
    <testcase time="0.027000000000001" classname="ops" name="Wedge_product_Ops_behave"/>
    <testcase time="0.0150000000000006" classname="ops" name="Wedge_product_Ops_behave"/>
    <testcase time="0.0269999999999975" classname="ops" name="Wedge_product_Ops_behave"/>
    <testcase time="0.0280000000000022" classname="ops" name="Wedge_product_Ops_behave"/>
    <testcase time="0.036999999999999" classname="ops" name="Wedge_product_Ops_behave"/>
    <testcase time="0.0620000000000012" classname="ops" name="Wedge_product_Ops_behave"/>
    <testcase time="0.0349999999999966" classname="ops" name="Wedge_product_Ops_behave"/>
    <testcase time="0.0590000000000011" classname="ops" name="Wedge_product_Ops_behave"/>
    <testcase time="0.0330000000000013" classname="ops" name="Wedge_product_Ops_behave"/>
    <testcase time="0.0569999999999986" classname="ops" name="Wedge_product_Ops_behave"/>
    <testcase time="0.0330000000000013" classname="ops" name="Wedge_product_Ops_behave"/>
    <testcase time="0.0549999999999997" classname="ops" name="Wedge_product_Ops_behave"/>
    <testcase time="0.0350000000000001" classname="ops" name="Wedge_product_Ops_behave"/>
    <testcase time="0.0660000000000025" classname="ops" name="Wedge_product_Ops_behave"/>
    <testcase time="0.0349999999999966" classname="ops" name="Wedge_product_Ops_behave"/>
    <testcase time="0.0600000000000023" classname="ops" name="Wedge_product_Ops_behave"/>
    <testcase time="0.0330000000000013" classname="ops" name="Wedge_product_Ops_behave"/>
    <testcase time="0.0679999999999978" classname="ops" name="Wedge_product_Ops_behave"/>
    <testcase time="0.0349999999999966" classname="ops" name="Wedge_product_Ops_behave"/>
    <testcase time="0.0590000000000046" classname="ops" name="Wedge_product_Ops_behave"/>
    <testcase time="0.0330000000000013" classname="ops" name="Wedge_product_Ops_behave"/>
    <testcase time="0.0670000000000002" classname="ops" name="Wedge_product_Ops_behave"/>
    <testcase time="0.0409999999999968" classname="ops" name="Wedge_product_Ops_behave"/>
    <testcase time="0.0529999999999973" classname="ops" name="Wedge_product_Ops_behave"/>
    <testcase time="0.0310000000000059" classname="ops" name="Wedge_product_Ops_behave"/>
  </testsuite>
  <testsuite name="ops_kform" timestamp="2024-07-08T18:48:38Z" hostname="0d16460b9f60" tests="9" skipped="0" failures="0" errors="0" time="0.046">
    <testcase time="0.0109999999999957" classname="ops_kform" name="coverage_of_Ops.kform_"/>
    <testcase time="0.00399999999999778" classname="ops_kform" name="coverage_of_Ops.kform_"/>
    <testcase time="0.00800000000000267" classname="ops_kform" name="coverage_of_Ops.kform_"/>
    <testcase time="0.00399999999999778" classname="ops_kform" name="coverage_of_Ops.kform_"/>
    <testcase time="0.00400000000000489" classname="ops_kform" name="coverage_of_Ops.kform_"/>
    <testcase time="0.00399999999999778" classname="ops_kform" name="coverage_of_Ops.kform_"/>
    <testcase time="0.00399999999999778" classname="ops_kform" name="coverage_of_Ops.kform_"/>
    <testcase time="0.00300000000000011" classname="ops_kform" name="coverage_of_Ops.kform_"/>
    <testcase time="0.00400000000000489" classname="ops_kform" name="coverage_of_Ops.kform_"/>
  </testsuite>
  <testsuite name="ops_ktensor" timestamp="2024-07-08T18:48:38Z" hostname="0d16460b9f60" tests="18" skipped="0" failures="0" errors="0" time="0.084">
    <testcase time="0.00600000000000023" classname="ops_ktensor" name="coverage_of_Ops.ktensor_"/>
    <testcase time="0.000999999999997669" classname="ops_ktensor" name="coverage_of_Ops.ktensor_"/>
    <testcase time="0.00399999999999778" classname="ops_ktensor" name="coverage_of_Ops.ktensor_"/>
    <testcase time="0.00400000000000489" classname="ops_ktensor" name="coverage_of_Ops.ktensor_"/>
    <testcase time="0.0069999999999979" classname="ops_ktensor" name="coverage_of_Ops.ktensor_"/>
    <testcase time="0.00399999999999778" classname="ops_ktensor" name="coverage_of_Ops.ktensor_"/>
    <testcase time="0.00399999999999778" classname="ops_ktensor" name="coverage_of_Ops.ktensor_"/>
    <testcase time="0.00800000000000267" classname="ops_ktensor" name="coverage_of_Ops.ktensor_"/>
    <testcase time="0.00399999999999778" classname="ops_ktensor" name="coverage_of_Ops.ktensor_"/>
    <testcase time="0.007000000000005" classname="ops_ktensor" name="coverage_of_Ops.ktensor_"/>
    <testcase time="0.00399999999999778" classname="ops_ktensor" name="coverage_of_Ops.ktensor_"/>
    <testcase time="0.00399999999999778" classname="ops_ktensor" name="coverage_of_Ops.ktensor_"/>
    <testcase time="0.00400000000000489" classname="ops_ktensor" name="coverage_of_Ops.ktensor_"/>
    <testcase time="0.00399999999999778" classname="ops_ktensor" name="coverage_of_Ops.ktensor_"/>
    <testcase time="0.00500000000000256" classname="ops_ktensor" name="coverage_of_Ops.ktensor_"/>
    <testcase time="0.00499999999999545" classname="ops_ktensor" name="coverage_of_Ops.ktensor_"/>
    <testcase time="0.00500000000000256" classname="ops_ktensor" name="coverage_of_Ops.ktensor_"/>
    <testcase time="0.00399999999999778" classname="ops_ktensor" name="coverage_of_Ops.ktensor_"/>
  </testsuite>
  <testsuite name="print" timestamp="2024-07-08T18:48:38Z" hostname="0d16460b9f60" tests="24" skipped="0" failures="0" errors="0" time="0.155">
    <testcase time="0.00999999999999801" classname="print" name="Functions_print.ktensor_and_print.kform_behave"/>
    <testcase time="0.00400000000000489" classname="print" name="Functions_print.ktensor_and_print.kform_behave"/>
    <testcase time="0.00399999999999778" classname="print" name="Functions_print.ktensor_and_print.kform_behave"/>
    <testcase time="0.00399999999999778" classname="print" name="Functions_print.ktensor_and_print.kform_behave"/>
    <testcase time="0.00300000000000011" classname="print" name="Functions_print.ktensor_and_print.kform_behave"/>
    <testcase time="0.00600000000000023" classname="print" name="Functions_print.ktensor_and_print.kform_behave"/>
    <testcase time="0.00600000000000023" classname="print" name="Functions_print.ktensor_and_print.kform_behave"/>
    <testcase time="0.00500000000000256" classname="print" name="Functions_print.ktensor_and_print.kform_behave"/>
    <testcase time="0.00999999999999801" classname="print" name="Functions_print.ktensor_and_print.kform_behave"/>
    <testcase time="0.00500000000000256" classname="print" name="Functions_print.ktensor_and_print.kform_behave"/>
    <testcase time="0.00999999999999801" classname="print" name="Functions_print.ktensor_and_print.kform_behave"/>
    <testcase time="0.00399999999999778" classname="print" name="Functions_print.ktensor_and_print.kform_behave"/>
    <testcase time="0.0100000000000051" classname="print" name="Functions_print.ktensor_and_print.kform_behave"/>
    <testcase time="0.00499999999999545" classname="print" name="Functions_print.ktensor_and_print.kform_behave"/>
    <testcase time="0.00900000000000034" classname="print" name="Functions_print.ktensor_and_print.kform_behave"/>
    <testcase time="0.00500000000000256" classname="print" name="Functions_print.ktensor_and_print.kform_behave"/>
    <testcase time="0.00800000000000267" classname="print" name="Functions_print.ktensor_and_print.kform_behave"/>
    <testcase time="0.00600000000000023" classname="print" name="Functions_print.ktensor_and_print.kform_behave"/>
    <testcase time="0.00799999999999557" classname="print" name="Functions_print.ktensor_and_print.kform_behave"/>
    <testcase time="0.00500000000000256" classname="print" name="Functions_print.ktensor_and_print.kform_behave"/>
    <testcase time="0.00900000000000034" classname="print" name="Functions_print.ktensor_and_print.kform_behave"/>
    <testcase time="0.00499999999999545" classname="print" name="Functions_print.ktensor_and_print.kform_behave"/>
    <testcase time="0.00900000000000034" classname="print" name="Functions_print.ktensor_and_print.kform_behave"/>
    <testcase time="0.00500000000000256" classname="print" name="Functions_print.ktensor_and_print.kform_behave"/>
  </testsuite>
  <testsuite name="transform" timestamp="2024-07-08T18:48:39Z" hostname="0d16460b9f60" tests="7" skipped="0" failures="0" errors="0" time="2.654">
    <testcase time="0.0069999999999979" classname="transform" name="Function_pullback_behaves_itself"/>
    <testcase time="0.896000000000001" classname="transform" name="Function_pullback_behaves_itself"/>
    <testcase time="0.0069999999999979" classname="transform" name="Function_pullback_behaves_itself"/>
    <testcase time="0.901000000000003" classname="transform" name="Function_pullback_behaves_itself"/>
    <testcase time="0.0069999999999979" classname="transform" name="Function_pullback_behaves_itself"/>
    <testcase time="0.829000000000001" classname="transform" name="Function_pullback_behaves_itself"/>
    <testcase time="0.007000000000005" classname="transform" name="Function_pullback_behaves_itself"/>
  </testsuite>
  <testsuite name="vector_cross_product" timestamp="2024-07-08T18:48:41Z" hostname="0d16460b9f60" tests="2" skipped="0" failures="0" errors="0" time="0.009">
    <testcase time="0.0069999999999979" classname="vector_cross_product" name="Miscellaneous_vector_cross_product_tests"/>
    <testcase time="0.00199999999999534" classname="vector_cross_product" name="Miscellaneous_vector_cross_product_tests"/>
  </testsuite>
  <testsuite name="wedge" timestamp="2024-07-08T18:48:41Z" hostname="0d16460b9f60" tests="67" skipped="0" failures="0" errors="0" time="1.948">
    <testcase time="0.328000000000003" classname="wedge" name="wedge_product_is_associative"/>
    <testcase time="0.00999999999999801" classname="wedge" name="wedge_product_is_associative"/>
    <testcase time="0.00900000000000034" classname="wedge" name="wedge_product_is_associative"/>
    <testcase time="0.0100000000000051" classname="wedge" name="wedge_product_is_associative"/>
    <testcase time="0.00900000000000034" classname="wedge" name="wedge_product_is_associative"/>
    <testcase time="0.0729999999999933" classname="wedge" name="wedge_product_is_associative"/>
    <testcase time="0.00300000000000011" classname="wedge" name="wedge_product_is_associative"/>
    <testcase time="0.00400000000000489" classname="wedge" name="wedge_product_is_associative"/>
    <testcase time="0.00399999999999778" classname="wedge" name="wedge_product_is_associative"/>
    <testcase time="0.00300000000000011" classname="wedge" name="wedge_product_is_associative"/>
    <testcase time="0.109999999999999" classname="wedge" name="wedge_product_is_associative"/>
    <testcase time="0.00399999999999778" classname="wedge" name="wedge_product_is_associative"/>
    <testcase time="0.00400000000000489" classname="wedge" name="wedge_product_is_associative"/>
    <testcase time="0.00399999999999778" classname="wedge" name="wedge_product_is_associative"/>
    <testcase time="0.00300000000000011" classname="wedge" name="wedge_product_is_associative"/>
    <testcase time="0.140000000000001" classname="wedge" name="wedge_product_is_associative"/>
    <testcase time="0.00399999999999778" classname="wedge" name="wedge_product_is_associative"/>
    <testcase time="0.00400000000000489" classname="wedge" name="wedge_product_is_associative"/>
    <testcase time="0.00300000000000011" classname="wedge" name="wedge_product_is_associative"/>
    <testcase time="0.00399999999999778" classname="wedge" name="wedge_product_is_associative"/>
    <testcase time="0.119" classname="wedge" name="wedge_product_is_associative"/>
    <testcase time="0.00300000000000011" classname="wedge" name="wedge_product_is_associative"/>
    <testcase time="0.00399999999999778" classname="wedge" name="wedge_product_is_associative"/>
    <testcase time="0.00400000000000489" classname="wedge" name="wedge_product_is_associative"/>
    <testcase time="0.00399999999999778" classname="wedge" name="wedge_product_is_associative"/>
    <testcase time="0.122" classname="wedge" name="wedge_product_is_associative"/>
    <testcase time="0.00399999999999778" classname="wedge" name="wedge_product_is_associative"/>
    <testcase time="0.00400000000000489" classname="wedge" name="wedge_product_is_associative"/>
    <testcase time="0.00299999999999301" classname="wedge" name="wedge_product_is_associative"/>
    <testcase time="0.00400000000000489" classname="wedge" name="wedge_product_is_associative"/>
    <testcase time="0.122999999999998" classname="wedge" name="wedge_product_is_associative"/>
    <testcase time="0.00300000000000011" classname="wedge" name="wedge_product_is_associative"/>
    <testcase time="0.00399999999999778" classname="wedge" name="wedge_product_is_associative"/>
    <testcase time="0.00400000000000489" classname="wedge" name="wedge_product_is_associative"/>
    <testcase time="0.00300000000000011" classname="wedge" name="wedge_product_is_associative"/>
    <testcase time="0.125999999999998" classname="wedge" name="wedge_product_is_associative"/>
    <testcase time="0.00300000000000011" classname="wedge" name="wedge_product_is_associative"/>
    <testcase time="0.00300000000000011" classname="wedge" name="wedge_product_is_associative"/>
    <testcase time="0.00400000000000489" classname="wedge" name="wedge_product_is_associative"/>
    <testcase time="0.00399999999999778" classname="wedge" name="wedge_product_is_associative"/>
    <testcase time="0.148000000000003" classname="wedge" name="wedge_product_is_associative"/>
    <testcase time="0.00399999999999778" classname="wedge" name="wedge_product_is_associative"/>
    <testcase time="0.00399999999999778" classname="wedge" name="wedge_product_is_associative"/>
    <testcase time="0.00300000000000011" classname="wedge" name="wedge_product_is_associative"/>
    <testcase time="0.00399999999999778" classname="wedge" name="wedge_product_is_associative"/>
    <testcase time="0.133000000000003" classname="wedge" name="wedge_product_is_associative"/>
    <testcase time="0.00399999999999778" classname="wedge" name="wedge_product_is_associative"/>
    <testcase time="0.00400000000000489" classname="wedge" name="wedge_product_is_associative"/>
    <testcase time="0.00399999999999778" classname="wedge" name="wedge_product_is_associative"/>
    <testcase time="0.00399999999999778" classname="wedge" name="wedge_product_is_associative"/>
    <testcase time="0.129000000000005" classname="wedge" name="wedge_product_is_associative"/>
    <testcase time="0.00399999999999778" classname="wedge" name="wedge_product_is_associative"/>
    <testcase time="0.00300000000000011" classname="wedge" name="wedge_product_is_associative"/>
    <testcase time="0.00399999999999778" classname="wedge" name="wedge_product_is_associative"/>
    <testcase time="0.00400000000000489" classname="wedge" name="wedge_product_is_associative"/>
    <testcase time="0.137999999999998" classname="wedge" name="wedge_product_is_associative"/>
    <testcase time="0.00399999999999778" classname="wedge" name="wedge_product_is_associative"/>
    <testcase time="0.00399999999999778" classname="wedge" name="wedge_product_is_associative"/>
    <testcase time="0.00400000000000489" classname="wedge" name="wedge_product_is_associative"/>
    <testcase time="0.00300000000000011" classname="wedge" name="wedge_product_is_associative"/>
    <testcase time="0.0109999999999957" classname="wedge" name="wedge_product_is_associative"/>
    <testcase time="0.0100000000000051" classname="wedge" name="wedge_product_is_associative"/>
    <testcase time="0.00499999999999545" classname="wedge" name="wedge_product_is_associative"/>
    <testcase time="0.0150000000000006" classname="wedge" name="wedge_product_is_associative"/>
    <testcase time="0.0110000000000028" classname="wedge" name="wedge_product_is_associative"/>
    <testcase time="0.00399999999999778" classname="wedge" name="wedge_product_is_associative"/>
    <testcase time="0.00200000000000244" classname="wedge" name="wedge_product_is_associative"/>
  </testsuite>
  <testsuite name="zap" timestamp="2024-07-08T18:48:43Z" hostname="0d16460b9f60" tests="20" skipped="0" failures="0" errors="0" time="0.288">
    <testcase time="0.0189999999999984" classname="zap" name="zap_works_as_expected"/>
    <testcase time="0.0129999999999981" classname="zap" name="zap_works_as_expected"/>
    <testcase time="0.0130000000000052" classname="zap" name="zap_works_as_expected"/>
    <testcase time="0.0179999999999936" classname="zap" name="zap_works_as_expected"/>
    <testcase time="0.0210000000000008" classname="zap" name="zap_works_as_expected"/>
    <testcase time="0.0230000000000032" classname="zap" name="zap_works_as_expected"/>
    <testcase time="0.0180000000000007" classname="zap" name="zap_works_as_expected"/>
    <testcase time="0.0129999999999981" classname="zap" name="zap_works_as_expected"/>
    <testcase time="0.0230000000000032" classname="zap" name="zap_works_as_expected"/>
    <testcase time="0.0209999999999937" classname="zap" name="zap_works_as_expected"/>
    <testcase time="0.007000000000005" classname="zap" name="zap_works_as_expected"/>
    <testcase time="0.00600000000000023" classname="zap" name="zap_works_as_expected"/>
    <testcase time="0.00900000000000034" classname="zap" name="zap_works_as_expected"/>
    <testcase time="0.00799999999999557" classname="zap" name="zap_works_as_expected"/>
    <testcase time="0.0140000000000029" classname="zap" name="zap_works_as_expected"/>
    <testcase time="0.0139999999999958" classname="zap" name="zap_works_as_expected"/>
    <testcase time="0.00900000000000034" classname="zap" name="zap_works_as_expected"/>
    <testcase time="0.0120000000000005" classname="zap" name="zap_works_as_expected"/>
    <testcase time="0.0140000000000029" classname="zap" name="zap_works_as_expected"/>
    <testcase time="0.0129999999999981" classname="zap" name="zap_works_as_expected"/>
  </testsuite>
</testsuites>
