<?xml version="1.0" encoding="UTF-8"?>
<testsuites>
  <testsuite name="alt" timestamp="2024-07-08T18:36:23Z" hostname="8aba7b82163a" tests="22" skipped="0" failures="0" errors="0" time="0.401">
    <testcase time="0.0820000000000001" classname="alt" name="Function_Alt_behaves_itself"/>
    <testcase time="0.0249999999999999" classname="alt" name="Function_Alt_behaves_itself"/>
    <testcase time="0.0210000000000001" classname="alt" name="Function_Alt_behaves_itself"/>
    <testcase time="0.0069999999999999" classname="alt" name="Function_Alt_behaves_itself"/>
    <testcase time="0.014" classname="alt" name="Function_Alt_behaves_itself"/>
    <testcase time="0.00700000000000012" classname="alt" name="Function_Alt_behaves_itself"/>
    <testcase time="0.0169999999999999" classname="alt" name="Function_Alt_behaves_itself"/>
    <testcase time="0.00700000000000012" classname="alt" name="Function_Alt_behaves_itself"/>
    <testcase time="0.0399999999999998" classname="alt" name="Function_Alt_behaves_itself"/>
    <testcase time="0.0130000000000001" classname="alt" name="Function_Alt_behaves_itself"/>
    <testcase time="0.0129999999999999" classname="alt" name="Function_Alt_behaves_itself"/>
    <testcase time="0.0110000000000001" classname="alt" name="Function_Alt_behaves_itself"/>
    <testcase time="0.014" classname="alt" name="Function_Alt_behaves_itself"/>
    <testcase time="0.0069999999999999" classname="alt" name="Function_Alt_behaves_itself"/>
    <testcase time="0.014" classname="alt" name="Function_Alt_behaves_itself"/>
    <testcase time="0.00700000000000012" classname="alt" name="Function_Alt_behaves_itself"/>
    <testcase time="0.042" classname="alt" name="Function_Alt_behaves_itself"/>
    <testcase time="0.0129999999999999" classname="alt" name="Function_Alt_behaves_itself"/>
    <testcase time="0.014" classname="alt" name="Function_Alt_behaves_itself"/>
    <testcase time="0.0069999999999999" classname="alt" name="Function_Alt_behaves_itself"/>
    <testcase time="0.0150000000000001" classname="alt" name="Function_Alt_behaves_itself"/>
    <testcase time="0.0109999999999999" classname="alt" name="Function_Alt_behaves_itself"/>
  </testsuite>
  <testsuite name="coeffs" timestamp="2024-07-08T18:36:24Z" hostname="8aba7b82163a" tests="9" skipped="0" failures="0" errors="0" time="0.212">
    <testcase time="0.018" classname="coeffs" name="Function_hodge_behaves_itself"/>
    <testcase time="0.0600000000000001" classname="coeffs" name="Function_hodge_behaves_itself"/>
    <testcase time="0.0149999999999999" classname="coeffs" name="Function_hodge_behaves_itself"/>
    <testcase time="0.0690000000000002" classname="coeffs" name="Function_hodge_behaves_itself"/>
    <testcase time="0.01" classname="coeffs" name="Function_hodge_behaves_itself"/>
    <testcase time="0.01" classname="coeffs" name="Function_hodge_behaves_itself"/>
    <testcase time="0.012" classname="coeffs" name="Function_hodge_behaves_itself"/>
    <testcase time="0.0089999999999999" classname="coeffs" name="Function_hodge_behaves_itself"/>
    <testcase time="0.0089999999999999" classname="coeffs" name="Function_hodge_behaves_itself"/>
  </testsuite>
  <testsuite name="contract" timestamp="2024-07-08T18:36:24Z" hostname="8aba7b82163a" tests="2" skipped="0" failures="0" errors="0" time="11.627">
    <testcase time="4.149" classname="contract" name="Function_contract_behaves_itself"/>
    <testcase time="7.478" classname="contract" name="Function_contract_behaves_itself"/>
  </testsuite>
  <testsuite name="cross" timestamp="2024-07-08T18:36:36Z" hostname="8aba7b82163a" tests="91" skipped="0" failures="0" errors="0" time="6.854">
    <testcase time="0.870000000000001" classname="cross" name="Tensor_product_is_distributive_and_associative"/>
    <testcase time="0.093" classname="cross" name="Tensor_product_is_distributive_and_associative"/>
    <testcase time="0.931999999999999" classname="cross" name="Tensor_product_is_distributive_and_associative"/>
    <testcase time="0.0970000000000013" classname="cross" name="Tensor_product_is_distributive_and_associative"/>
    <testcase time="0.988" classname="cross" name="Tensor_product_is_distributive_and_associative"/>
    <testcase time="0.100999999999999" classname="cross" name="Tensor_product_is_distributive_and_associative"/>
    <testcase time="0.623000000000001" classname="cross" name="Tensor_product_is_distributive_and_associative"/>
    <testcase time="0.0899999999999999" classname="cross" name="Tensor_product_is_distributive_and_associative"/>
    <testcase time="0.280000000000001" classname="cross" name="Tensor_product_is_distributive_and_associative"/>
    <testcase time="0.070999999999998" classname="cross" name="Tensor_product_is_distributive_and_associative"/>
    <testcase time="0.361000000000001" classname="cross" name="Tensor_product_is_distributive_and_associative"/>
    <testcase time="0.0760000000000005" classname="cross" name="Tensor_product_is_distributive_and_associative"/>
    <testcase time="0.396000000000001" classname="cross" name="Tensor_product_is_distributive_and_associative"/>
    <testcase time="0.0769999999999982" classname="cross" name="Tensor_product_is_distributive_and_associative"/>
    <testcase time="0.738" classname="cross" name="Tensor_product_is_distributive_and_associative"/>
    <testcase time="0.0920000000000023" classname="cross" name="Tensor_product_is_distributive_and_associative"/>
    <testcase time="0.157" classname="cross" name="Tensor_product_is_distributive_and_associative"/>
    <testcase time="0.0640000000000001" classname="cross" name="Tensor_product_is_distributive_and_associative"/>
    <testcase time="0.314" classname="cross" name="Tensor_product_is_distributive_and_associative"/>
    <testcase time="0.0739999999999981" classname="cross" name="Tensor_product_is_distributive_and_associative"/>
    <testcase time="0.0139999999999993" classname="cross" name="tensorprod_is_in_fact_a_tensor_product"/>
    <testcase time="0.0140000000000029" classname="cross" name="tensorprod_is_in_fact_a_tensor_product"/>
    <testcase time="0.0139999999999993" classname="cross" name="tensorprod_is_in_fact_a_tensor_product"/>
    <testcase time="0.0159999999999982" classname="cross" name="tensorprod_is_in_fact_a_tensor_product"/>
    <testcase time="0.0180000000000007" classname="cross" name="tensorprod_is_in_fact_a_tensor_product"/>
    <testcase time="0.0100000000000016" classname="cross" name="tensorprod_is_in_fact_a_tensor_product"/>
    <testcase time="0.0119999999999969" classname="cross" name="tensorprod_is_in_fact_a_tensor_product"/>
    <testcase time="0.0140000000000029" classname="cross" name="tensorprod_is_in_fact_a_tensor_product"/>
    <testcase time="0.0159999999999982" classname="cross" name="tensorprod_is_in_fact_a_tensor_product"/>
    <testcase time="0.022000000000002" classname="cross" name="tensorprod_is_in_fact_a_tensor_product"/>
    <testcase time="0.00600000000000023" classname="cross" name="ktensors_are_multilinear"/>
    <testcase time="0.00300000000000011" classname="cross" name="ktensors_are_multilinear"/>
    <testcase time="0.00299999999999656" classname="cross" name="ktensors_are_multilinear"/>
    <testcase time="0.00300000000000011" classname="cross" name="ktensors_are_multilinear"/>
    <testcase time="0.00300000000000011" classname="cross" name="ktensors_are_multilinear"/>
    <testcase time="0.00300000000000011" classname="cross" name="ktensors_are_multilinear"/>
    <testcase time="0.00300000000000011" classname="cross" name="ktensors_are_multilinear"/>
    <testcase time="0.00300000000000011" classname="cross" name="ktensors_are_multilinear"/>
    <testcase time="0.0150000000000006" classname="cross" name="ktensors_are_multilinear"/>
    <testcase time="0.00300000000000011" classname="cross" name="ktensors_are_multilinear"/>
    <testcase time="0.00199999999999889" classname="cross" name="ktensors_are_multilinear"/>
    <testcase time="0.00300000000000011" classname="cross" name="ktensors_are_multilinear"/>
    <testcase time="0.00500000000000256" classname="cross" name="ktensors_are_multilinear"/>
    <testcase time="0.00300000000000011" classname="cross" name="ktensors_are_multilinear"/>
    <testcase time="0.00300000000000011" classname="cross" name="ktensors_are_multilinear"/>
    <testcase time="0.00399999999999778" classname="cross" name="ktensors_are_multilinear"/>
    <testcase time="0.00200000000000244" classname="cross" name="ktensors_are_multilinear"/>
    <testcase time="0.00300000000000011" classname="cross" name="ktensors_are_multilinear"/>
    <testcase time="0.00299999999999656" classname="cross" name="ktensors_are_multilinear"/>
    <testcase time="0.00300000000000011" classname="cross" name="ktensors_are_multilinear"/>
    <testcase time="0.00300000000000011" classname="cross" name="ktensors_are_multilinear"/>
    <testcase time="0.00300000000000011" classname="cross" name="ktensors_are_multilinear"/>
    <testcase time="0.00200000000000244" classname="cross" name="ktensors_are_multilinear"/>
    <testcase time="0.00300000000000011" classname="cross" name="ktensors_are_multilinear"/>
    <testcase time="0.00300000000000011" classname="cross" name="ktensors_are_multilinear"/>
    <testcase time="0.00399999999999778" classname="cross" name="ktensors_are_multilinear"/>
    <testcase time="0.00300000000000011" classname="cross" name="ktensors_are_multilinear"/>
    <testcase time="0.00300000000000011" classname="cross" name="ktensors_are_multilinear"/>
    <testcase time="0.00400000000000134" classname="cross" name="ktensors_are_multilinear"/>
    <testcase time="0.00300000000000011" classname="cross" name="ktensors_are_multilinear"/>
    <testcase time="0.00300000000000011" classname="cross" name="ktensors_are_multilinear"/>
    <testcase time="0.00300000000000011" classname="cross" name="ktensors_are_multilinear"/>
    <testcase time="0.00300000000000011" classname="cross" name="ktensors_are_multilinear"/>
    <testcase time="0.00399999999999778" classname="cross" name="ktensors_are_multilinear"/>
    <testcase time="0.00300000000000011" classname="cross" name="ktensors_are_multilinear"/>
    <testcase time="0.00300000000000011" classname="cross" name="ktensors_are_multilinear"/>
    <testcase time="0.00500000000000256" classname="cross" name="ktensors_are_multilinear"/>
    <testcase time="0.00300000000000011" classname="cross" name="ktensors_are_multilinear"/>
    <testcase time="0.00299999999999656" classname="cross" name="ktensors_are_multilinear"/>
    <testcase time="0.00300000000000011" classname="cross" name="ktensors_are_multilinear"/>
    <testcase time="0.00300000000000011" classname="cross" name="ktensors_are_multilinear"/>
    <testcase time="0.00700000000000145" classname="cross" name="ktensors_are_multilinear"/>
    <testcase time="0.00300000000000011" classname="cross" name="ktensors_are_multilinear"/>
    <testcase time="0.00300000000000011" classname="cross" name="ktensors_are_multilinear"/>
    <testcase time="0.00300000000000011" classname="cross" name="ktensors_are_multilinear"/>
    <testcase time="0.00300000000000011" classname="cross" name="ktensors_are_multilinear"/>
    <testcase time="0.00399999999999778" classname="cross" name="ktensors_are_multilinear"/>
    <testcase time="0.00300000000000011" classname="cross" name="ktensors_are_multilinear"/>
    <testcase time="0.00300000000000011" classname="cross" name="ktensors_are_multilinear"/>
    <testcase time="0.00300000000000011" classname="cross" name="ktensors_are_multilinear"/>
    <testcase time="0.00300000000000011" classname="cross" name="ktensors_are_multilinear"/>
    <testcase time="0.00300000000000011" classname="cross" name="ktensors_are_multilinear"/>
    <testcase time="0.00300000000000011" classname="cross" name="ktensors_are_multilinear"/>
    <testcase time="0.00300000000000011" classname="cross" name="ktensors_are_multilinear"/>
    <testcase time="0.00300000000000011" classname="cross" name="ktensors_are_multilinear"/>
    <testcase time="0.00300000000000011" classname="cross" name="ktensors_are_multilinear"/>
    <testcase time="0.00499999999999901" classname="cross" name="ktensors_are_multilinear"/>
    <testcase time="0.00300000000000011" classname="cross" name="ktensors_are_multilinear"/>
    <testcase time="0.00300000000000011" classname="cross" name="ktensors_are_multilinear"/>
    <testcase time="0.00300000000000011" classname="cross" name="ktensors_are_multilinear"/>
    <testcase time="0.00300000000000011" classname="cross" name="ktensors_are_multilinear"/>
  </testsuite>
  <testsuite name="hodge" timestamp="2024-07-08T18:36:42Z" hostname="8aba7b82163a" tests="41" skipped="0" failures="0" errors="0" time="2.048">
    <testcase time="0.00700000000000145" classname="hodge" name="Function_hodge_behaves_itself"/>
    <testcase time="0.0470000000000006" classname="hodge" name="Function_hodge_behaves_itself"/>
    <testcase time="0.0240000000000009" classname="hodge" name="Function_hodge_behaves_itself"/>
    <testcase time="0.0489999999999995" classname="hodge" name="Function_hodge_behaves_itself"/>
    <testcase time="0.027000000000001" classname="hodge" name="Function_hodge_behaves_itself"/>
    <testcase time="0.0500000000000007" classname="hodge" name="Function_hodge_behaves_itself"/>
    <testcase time="0.0240000000000009" classname="hodge" name="Function_hodge_behaves_itself"/>
    <testcase time="0.0489999999999995" classname="hodge" name="Function_hodge_behaves_itself"/>
    <testcase time="0.0269999999999975" classname="hodge" name="Function_hodge_behaves_itself"/>
    <testcase time="0.049000000000003" classname="hodge" name="Function_hodge_behaves_itself"/>
    <testcase time="0.0269999999999975" classname="hodge" name="Function_hodge_behaves_itself"/>
    <testcase time="0.0500000000000007" classname="hodge" name="Function_hodge_behaves_itself"/>
    <testcase time="0.0240000000000009" classname="hodge" name="Function_hodge_behaves_itself"/>
    <testcase time="0.0479999999999983" classname="hodge" name="Function_hodge_behaves_itself"/>
    <testcase time="0.0240000000000009" classname="hodge" name="Function_hodge_behaves_itself"/>
    <testcase time="0.0440000000000005" classname="hodge" name="Function_hodge_behaves_itself"/>
    <testcase time="0.0219999999999985" classname="hodge" name="Function_hodge_behaves_itself"/>
    <testcase time="0.049000000000003" classname="hodge" name="Function_hodge_behaves_itself"/>
    <testcase time="0.0269999999999975" classname="hodge" name="Function_hodge_behaves_itself"/>
    <testcase time="0.0480000000000018" classname="hodge" name="Function_hodge_behaves_itself"/>
    <testcase time="0.0299999999999976" classname="hodge" name="Function_hodge_behaves_itself"/>
    <testcase time="0.0600000000000023" classname="hodge" name="Function_hodge_behaves_itself"/>
    <testcase time="0.0599999999999987" classname="hodge" name="Function_hodge_behaves_itself"/>
    <testcase time="0.0530000000000008" classname="hodge" name="Function_hodge_behaves_itself"/>
    <testcase time="0.207999999999998" classname="hodge" name="Function_hodge_behaves_itself"/>
    <testcase time="0.0519999999999996" classname="hodge" name="Function_hodge_behaves_itself"/>
    <testcase time="0.0630000000000024" classname="hodge" name="Function_hodge_behaves_itself"/>
    <testcase time="0.0539999999999985" classname="hodge" name="Function_hodge_behaves_itself"/>
    <testcase time="0.0600000000000023" classname="hodge" name="Function_hodge_behaves_itself"/>
    <testcase time="0.0579999999999998" classname="hodge" name="Function_hodge_behaves_itself"/>
    <testcase time="0.0589999999999975" classname="hodge" name="Function_hodge_behaves_itself"/>
    <testcase time="0.0560000000000009" classname="hodge" name="Function_hodge_behaves_itself"/>
    <testcase time="0.0609999999999999" classname="hodge" name="Function_hodge_behaves_itself"/>
    <testcase time="0.0530000000000008" classname="hodge" name="Function_hodge_behaves_itself"/>
    <testcase time="0.0579999999999998" classname="hodge" name="Function_hodge_behaves_itself"/>
    <testcase time="0.0530000000000008" classname="hodge" name="Function_hodge_behaves_itself"/>
    <testcase time="0.0599999999999987" classname="hodge" name="Function_hodge_behaves_itself"/>
    <testcase time="0.0599999999999987" classname="hodge" name="Function_hodge_behaves_itself"/>
    <testcase time="0.0620000000000012" classname="hodge" name="Function_hodge_behaves_itself"/>
    <testcase time="0.0519999999999996" classname="hodge" name="Function_hodge_behaves_itself"/>
    <testcase time="0.0600000000000023" classname="hodge" name="Function_hodge_behaves_itself"/>
  </testsuite>
  <testsuite name="inner" timestamp="2024-07-08T18:36:44Z" hostname="8aba7b82163a" tests="10" skipped="0" failures="0" errors="0" time="0.042">
    <testcase time="0.0069999999999979" classname="inner" name="Function_inner_behaves_itself"/>
    <testcase time="0.00400000000000134" classname="inner" name="Function_inner_behaves_itself"/>
    <testcase time="0.00399999999999778" classname="inner" name="Function_inner_behaves_itself"/>
    <testcase time="0.00400000000000134" classname="inner" name="Function_inner_behaves_itself"/>
    <testcase time="0.00300000000000011" classname="inner" name="Function_inner_behaves_itself"/>
    <testcase time="0.00400000000000134" classname="inner" name="Function_inner_behaves_itself"/>
    <testcase time="0.00399999999999778" classname="inner" name="Function_inner_behaves_itself"/>
    <testcase time="0.00400000000000134" classname="inner" name="Function_inner_behaves_itself"/>
    <testcase time="0.00399999999999778" classname="inner" name="Function_inner_behaves_itself"/>
    <testcase time="0.00400000000000134" classname="inner" name="Function_inner_behaves_itself"/>
  </testsuite>
  <testsuite name="kform" timestamp="2024-07-08T18:36:44Z" hostname="8aba7b82163a" tests="30" skipped="0" failures="0" errors="0" time="0.187">
    <testcase time="0.0100000000000016" classname="kform" name="kform_functions_are_multilinear"/>
    <testcase time="0.0179999999999971" classname="kform" name="kform_functions_are_multilinear"/>
    <testcase time="0.00600000000000023" classname="kform" name="kform_functions_are_multilinear"/>
    <testcase time="0.00600000000000023" classname="kform" name="kform_functions_are_multilinear"/>
    <testcase time="0.00700000000000145" classname="kform" name="kform_functions_are_multilinear"/>
    <testcase time="0.00199999999999889" classname="kform" name="kform_functions_are_multilinear"/>
    <testcase time="0.0109999999999992" classname="kform" name="kform_functions_are_multilinear"/>
    <testcase time="0.00300000000000011" classname="kform" name="kform_functions_are_multilinear"/>
    <testcase time="0.00800000000000267" classname="kform" name="kform_functions_are_multilinear"/>
    <testcase time="0.00199999999999889" classname="kform" name="kform_functions_are_multilinear"/>
    <testcase time="0.00700000000000145" classname="kform" name="kform_functions_are_multilinear"/>
    <testcase time="0.00300000000000011" classname="kform" name="kform_functions_are_multilinear"/>
    <testcase time="0.00199999999999889" classname="kform" name="kform_functions_are_multilinear"/>
    <testcase time="0.00799999999999912" classname="kform" name="kform_functions_are_multilinear"/>
    <testcase time="0.00199999999999889" classname="kform" name="kform_functions_are_multilinear"/>
    <testcase time="0.00300000000000011" classname="kform" name="kform_functions_are_multilinear"/>
    <testcase time="0.00700000000000145" classname="kform" name="kform_functions_are_multilinear"/>
    <testcase time="0.00199999999999889" classname="kform" name="kform_functions_are_multilinear"/>
    <testcase time="0.00300000000000011" classname="kform" name="kform_functions_are_multilinear"/>
    <testcase time="0.00200000000000244" classname="kform" name="kform_functions_are_multilinear"/>
    <testcase time="0.00799999999999912" classname="kform" name="kform_functions_are_alternating"/>
    <testcase time="0.0139999999999993" classname="kform" name="kform_functions_are_alternating"/>
    <testcase time="0.00600000000000023" classname="kform" name="kform_functions_are_alternating"/>
    <testcase time="0.00600000000000023" classname="kform" name="kform_functions_are_alternating"/>
    <testcase time="0.00600000000000023" classname="kform" name="kform_functions_are_alternating"/>
    <testcase time="0.0069999999999979" classname="kform" name="kform_functions_are_alternating"/>
    <testcase time="0.00700000000000145" classname="kform" name="kform_functions_are_alternating"/>
    <testcase time="0.00700000000000145" classname="kform" name="kform_functions_are_alternating"/>
    <testcase time="0.0069999999999979" classname="kform" name="kform_functions_are_alternating"/>
    <testcase time="0.00700000000000145" classname="kform" name="kform_functions_are_alternating"/>
  </testsuite>
  <testsuite name="kinner" timestamp="2024-07-08T18:36:45Z" hostname="8aba7b82163a" tests="1" skipped="0" failures="0" errors="0" time="0.052">
    <testcase time="0.0519999999999996" classname="kinner" name="Miscellaneous_kinner_tests"/>
  </testsuite>
  <testsuite name="ktensor" timestamp="2024-07-08T18:36:45Z" hostname="8aba7b82163a" tests="372" skipped="0" failures="0" errors="0" time="2.038">
    <testcase time="0.00999999999999801" classname="ktensor" name="ktensor_functions_are_multilinear"/>
    <testcase time="0.00300000000000011" classname="ktensor" name="ktensor_functions_are_multilinear"/>
    <testcase time="0.0150000000000006" classname="ktensor" name="ktensor_functions_are_multilinear"/>
    <testcase time="0.00300000000000011" classname="ktensor" name="ktensor_functions_are_multilinear"/>
    <testcase time="0.00200000000000244" classname="ktensor" name="ktensor_functions_are_multilinear"/>
    <testcase time="0.00499999999999901" classname="ktensor" name="ktensor_functions_are_multilinear"/>
    <testcase time="0.00300000000000011" classname="ktensor" name="ktensor_functions_are_multilinear"/>
    <testcase time="0.00199999999999889" classname="ktensor" name="ktensor_functions_are_multilinear"/>
    <testcase time="0.00300000000000011" classname="ktensor" name="ktensor_functions_are_multilinear"/>
    <testcase time="0.00499999999999901" classname="ktensor" name="ktensor_functions_are_multilinear"/>
    <testcase time="0.00200000000000244" classname="ktensor" name="ktensor_functions_are_multilinear"/>
    <testcase time="0.00300000000000011" classname="ktensor" name="ktensor_functions_are_multilinear"/>
    <testcase time="0.00199999999999889" classname="ktensor" name="ktensor_functions_are_multilinear"/>
    <testcase time="0.00300000000000011" classname="ktensor" name="ktensor_functions_are_multilinear"/>
    <testcase time="0.00600000000000023" classname="ktensor" name="ktensor_functions_are_multilinear"/>
    <testcase time="0.00300000000000011" classname="ktensor" name="ktensor_functions_are_multilinear"/>
    <testcase time="0.00600000000000023" classname="ktensor" name="ktensor_functions_are_multilinear"/>
    <testcase time="0.00300000000000011" classname="ktensor" name="ktensor_functions_are_multilinear"/>
    <testcase time="0.00199999999999889" classname="ktensor" name="ktensor_functions_are_multilinear"/>
    <testcase time="0.00600000000000023" classname="ktensor" name="ktensor_functions_are_multilinear"/>
    <testcase time="0.00400000000000134" classname="ktensor" name="ktensor_functions_are_multilinear"/>
    <testcase time="0.00399999999999778" classname="ktensor" name="ktensor_functions_are_multilinear"/>
    <testcase time="0.00300000000000011" classname="ktensor" name="ktensor_functions_are_multilinear"/>
    <testcase time="0.0109999999999992" classname="ktensor" name="ktensor_functions_are_multilinear"/>
    <testcase time="0.00300000000000011" classname="ktensor" name="ktensor_functions_are_multilinear"/>
    <testcase time="0.00200000000000244" classname="ktensor" name="ktensor_functions_are_multilinear"/>
    <testcase time="0.00300000000000011" classname="ktensor" name="ktensor_functions_are_multilinear"/>
    <testcase time="0.00199999999999889" classname="ktensor" name="ktensor_functions_are_multilinear"/>
    <testcase time="0.00600000000000023" classname="ktensor" name="ktensor_functions_are_multilinear"/>
    <testcase time="0.00199999999999889" classname="ktensor" name="ktensor_functions_are_multilinear"/>
    <testcase time="0.00600000000000023" classname="ktensor" name="ktensor_functions_are_multilinear"/>
    <testcase time="0.00300000000000011" classname="ktensor" name="ktensor_functions_are_multilinear"/>
    <testcase time="0.00300000000000011" classname="ktensor" name="ktensor_functions_are_multilinear"/>
    <testcase time="0.00600000000000023" classname="ktensor" name="ktensor_functions_are_multilinear"/>
    <testcase time="0.00199999999999889" classname="ktensor" name="ktensor_functions_are_multilinear"/>
    <testcase time="0.00300000000000011" classname="ktensor" name="ktensor_functions_are_multilinear"/>
    <testcase time="0.00300000000000011" classname="ktensor" name="ktensor_functions_are_multilinear"/>
    <testcase time="0.00600000000000023" classname="ktensor" name="ktensor_functions_are_multilinear"/>
    <testcase time="0.00300000000000011" classname="ktensor" name="ktensor_functions_are_multilinear"/>
    <testcase time="0.00199999999999889" classname="ktensor" name="ktensor_functions_are_multilinear"/>
    <testcase time="0.00300000000000011" classname="ktensor" name="ktensor_functions_are_multilinear"/>
    <testcase time="0.00300000000000011" classname="ktensor" name="ktensor_functions_are_multilinear"/>
    <testcase time="0.00499999999999901" classname="ktensor" name="ktensor_functions_are_multilinear"/>
    <testcase time="0.00200000000000244" classname="ktensor" name="ktensor_functions_are_multilinear"/>
    <testcase time="0.00600000000000023" classname="ktensor" name="ktensor_functions_are_multilinear"/>
    <testcase time="0.00199999999999889" classname="ktensor" name="ktensor_functions_are_multilinear"/>
    <testcase time="0.00300000000000011" classname="ktensor" name="ktensor_functions_are_multilinear"/>
    <testcase time="0.00499999999999901" classname="ktensor" name="ktensor_functions_are_multilinear"/>
    <testcase time="0.00300000000000011" classname="ktensor" name="ktensor_functions_are_multilinear"/>
    <testcase time="0.00300000000000011" classname="ktensor" name="ktensor_functions_are_multilinear"/>
    <testcase time="0.00199999999999889" classname="ktensor" name="ktensor_functions_are_multilinear"/>
    <testcase time="0.00500000000000256" classname="ktensor" name="ktensor_functions_are_multilinear"/>
    <testcase time="0.00300000000000011" classname="ktensor" name="ktensor_functions_are_multilinear"/>
    <testcase time="0.00300000000000011" classname="ktensor" name="ktensor_functions_are_multilinear"/>
    <testcase time="0.00199999999999889" classname="ktensor" name="ktensor_functions_are_multilinear"/>
    <testcase time="0.00300000000000011" classname="ktensor" name="ktensor_functions_are_multilinear"/>
    <testcase time="0.0069999999999979" classname="ktensor" name="ktensor_functions_are_multilinear"/>
    <testcase time="0.00200000000000244" classname="ktensor" name="ktensor_functions_are_multilinear"/>
    <testcase time="0.0069999999999979" classname="ktensor" name="ktensor_functions_are_multilinear"/>
    <testcase time="0.00300000000000011" classname="ktensor" name="ktensor_functions_are_multilinear"/>
    <testcase time="0.00200000000000244" classname="ktensor" name="ktensor_functions_are_multilinear"/>
    <testcase time="0.0069999999999979" classname="ktensor" name="ktensor_functions_are_multilinear"/>
    <testcase time="0.00300000000000011" classname="ktensor" name="ktensor_functions_are_multilinear"/>
    <testcase time="0.00200000000000244" classname="ktensor" name="ktensor_functions_are_multilinear"/>
    <testcase time="0.00299999999999656" classname="ktensor" name="ktensor_functions_are_multilinear"/>
    <testcase time="0.00700000000000145" classname="ktensor" name="ktensor_functions_are_multilinear"/>
    <testcase time="0.00199999999999889" classname="ktensor" name="ktensor_functions_are_multilinear"/>
    <testcase time="0.00300000000000011" classname="ktensor" name="ktensor_functions_are_multilinear"/>
    <testcase time="0.00300000000000011" classname="ktensor" name="ktensor_functions_are_multilinear"/>
    <testcase time="0.00200000000000244" classname="ktensor" name="ktensor_functions_are_multilinear"/>
    <testcase time="0.0069999999999979" classname="ktensor" name="ktensor_functions_are_multilinear"/>
    <testcase time="0.00300000000000011" classname="ktensor" name="ktensor_functions_are_multilinear"/>
    <testcase time="0.00600000000000023" classname="ktensor" name="ktensor_functions_are_multilinear"/>
    <testcase time="0.00300000000000011" classname="ktensor" name="ktensor_functions_are_multilinear"/>
    <testcase time="0.00300000000000011" classname="ktensor" name="ktensor_functions_are_multilinear"/>
    <testcase time="0.00600000000000023" classname="ktensor" name="ktensor_functions_are_multilinear"/>
    <testcase time="0.00300000000000011" classname="ktensor" name="ktensor_functions_are_multilinear"/>
    <testcase time="0.00199999999999889" classname="ktensor" name="ktensor_functions_are_multilinear"/>
    <testcase time="0.00300000000000011" classname="ktensor" name="ktensor_functions_are_multilinear"/>
    <testcase time="0.00700000000000145" classname="ktensor" name="ktensor_functions_are_multilinear"/>
    <testcase time="0.00199999999999889" classname="ktensor" name="ktensor_functions_are_multilinear"/>
    <testcase time="0.00300000000000011" classname="ktensor" name="ktensor_functions_are_multilinear"/>
    <testcase time="0.00300000000000011" classname="ktensor" name="ktensor_functions_are_multilinear"/>
    <testcase time="0.00300000000000011" classname="ktensor" name="ktensor_functions_are_multilinear"/>
    <testcase time="0.00499999999999901" classname="ktensor" name="ktensor_functions_are_multilinear"/>
    <testcase time="0.00300000000000011" classname="ktensor" name="ktensor_functions_are_multilinear"/>
    <testcase time="0.00500000000000256" classname="ktensor" name="ktensor_functions_are_multilinear"/>
    <testcase time="0.00300000000000011" classname="ktensor" name="ktensor_functions_are_multilinear"/>
    <testcase time="0.00300000000000011" classname="ktensor" name="ktensor_functions_are_multilinear"/>
    <testcase time="0.00499999999999901" classname="ktensor" name="ktensor_functions_are_multilinear"/>
    <testcase time="0.00300000000000011" classname="ktensor" name="ktensor_functions_are_multilinear"/>
    <testcase time="0.00300000000000011" classname="ktensor" name="ktensor_functions_are_multilinear"/>
    <testcase time="0.00300000000000011" classname="ktensor" name="ktensor_functions_are_multilinear"/>
    <testcase time="0.00499999999999901" classname="ktensor" name="ktensor_functions_are_multilinear"/>
    <testcase time="0.00300000000000011" classname="ktensor" name="ktensor_functions_are_multilinear"/>
    <testcase time="0.00300000000000011" classname="ktensor" name="ktensor_functions_are_multilinear"/>
    <testcase time="0.00300000000000011" classname="ktensor" name="ktensor_functions_are_multilinear"/>
    <testcase time="0.00300000000000011" classname="ktensor" name="ktensor_functions_are_multilinear"/>
    <testcase time="0.0109999999999992" classname="ktensor" name="ktensor_functions_are_multilinear"/>
    <testcase time="0.00199999999999889" classname="ktensor" name="ktensor_functions_are_multilinear"/>
    <testcase time="0.00700000000000145" classname="ktensor" name="ktensor_functions_are_multilinear"/>
    <testcase time="0.00300000000000011" classname="ktensor" name="ktensor_functions_are_multilinear"/>
    <testcase time="0.00300000000000011" classname="ktensor" name="ktensor_functions_are_multilinear"/>
    <testcase time="0.00700000000000145" classname="ktensor" name="ktensor_functions_are_multilinear"/>
    <testcase time="0.00199999999999889" classname="ktensor" name="ktensor_functions_are_multilinear"/>
    <testcase time="0.00300000000000011" classname="ktensor" name="ktensor_functions_are_multilinear"/>
    <testcase time="0.00300000000000011" classname="ktensor" name="ktensor_functions_are_multilinear"/>
    <testcase time="0.0069999999999979" classname="ktensor" name="ktensor_functions_are_multilinear"/>
    <testcase time="0.00300000000000011" classname="ktensor" name="ktensor_functions_are_multilinear"/>
    <testcase time="0.00200000000000244" classname="ktensor" name="ktensor_functions_are_multilinear"/>
    <testcase time="0.00300000000000011" classname="ktensor" name="ktensor_functions_are_multilinear"/>
    <testcase time="0.00300000000000011" classname="ktensor" name="ktensor_functions_are_multilinear"/>
    <testcase time="0.0069999999999979" classname="ktensor" name="ktensor_functions_are_multilinear"/>
    <testcase time="0.00300000000000011" classname="ktensor" name="ktensor_functions_are_multilinear"/>
    <testcase time="0.00600000000000023" classname="ktensor" name="ktensor_functions_are_multilinear"/>
    <testcase time="0.00300000000000011" classname="ktensor" name="ktensor_functions_are_multilinear"/>
    <testcase time="0.00300000000000011" classname="ktensor" name="ktensor_functions_are_multilinear"/>
    <testcase time="0.00700000000000145" classname="ktensor" name="ktensor_functions_are_multilinear"/>
    <testcase time="0.00300000000000011" classname="ktensor" name="ktensor_functions_are_multilinear"/>
    <testcase time="0.00300000000000011" classname="ktensor" name="ktensor_functions_are_multilinear"/>
    <testcase time="0.00299999999999656" classname="ktensor" name="ktensor_functions_are_multilinear"/>
    <testcase time="0.00700000000000145" classname="ktensor" name="ktensor_functions_are_multilinear"/>
    <testcase time="0.00300000000000011" classname="ktensor" name="ktensor_functions_are_multilinear"/>
    <testcase time="0.00300000000000011" classname="ktensor" name="ktensor_functions_are_multilinear"/>
    <testcase time="0.00300000000000011" classname="ktensor" name="ktensor_functions_are_multilinear"/>
    <testcase time="0.00300000000000011" classname="ktensor" name="ktensor_functions_are_multilinear"/>
    <testcase time="0.00600000000000023" classname="ktensor" name="ktensor_functions_are_multilinear"/>
    <testcase time="0.00300000000000011" classname="ktensor" name="ktensor_functions_are_multilinear"/>
    <testcase time="0.00600000000000023" classname="ktensor" name="ktensor_functions_are_multilinear"/>
    <testcase time="0.00300000000000011" classname="ktensor" name="ktensor_functions_are_multilinear"/>
    <testcase time="0.00199999999999889" classname="ktensor" name="ktensor_functions_are_multilinear"/>
    <testcase time="0.00600000000000023" classname="ktensor" name="ktensor_functions_are_multilinear"/>
    <testcase time="0.00300000000000011" classname="ktensor" name="ktensor_functions_are_multilinear"/>
    <testcase time="0.00300000000000011" classname="ktensor" name="ktensor_functions_are_multilinear"/>
    <testcase time="0.00300000000000011" classname="ktensor" name="ktensor_functions_are_multilinear"/>
    <testcase time="0.00499999999999901" classname="ktensor" name="ktensor_functions_are_multilinear"/>
    <testcase time="0.00300000000000011" classname="ktensor" name="ktensor_functions_are_multilinear"/>
    <testcase time="0.00300000000000011" classname="ktensor" name="ktensor_functions_are_multilinear"/>
    <testcase time="0.00300000000000011" classname="ktensor" name="ktensor_functions_are_multilinear"/>
    <testcase time="0.00300000000000011" classname="ktensor" name="ktensor_functions_are_multilinear"/>
    <testcase time="0.00600000000000023" classname="ktensor" name="ktensor_functions_are_multilinear"/>
    <testcase time="0.00300000000000011" classname="ktensor" name="ktensor_functions_are_multilinear"/>
    <testcase time="0.00499999999999901" classname="ktensor" name="ktensor_functions_are_multilinear"/>
    <testcase time="0.00300000000000011" classname="ktensor" name="ktensor_functions_are_multilinear"/>
    <testcase time="0.00300000000000011" classname="ktensor" name="ktensor_functions_are_multilinear"/>
    <testcase time="0.00700000000000145" classname="ktensor" name="ktensor_functions_are_multilinear"/>
    <testcase time="0.00300000000000011" classname="ktensor" name="ktensor_functions_are_multilinear"/>
    <testcase time="0.00300000000000011" classname="ktensor" name="ktensor_functions_are_multilinear"/>
    <testcase time="0.00300000000000011" classname="ktensor" name="ktensor_functions_are_multilinear"/>
    <testcase time="0.0069999999999979" classname="ktensor" name="ktensor_functions_are_multilinear"/>
    <testcase time="0.00300000000000011" classname="ktensor" name="ktensor_functions_are_multilinear"/>
    <testcase time="0.00300000000000011" classname="ktensor" name="ktensor_functions_are_multilinear"/>
    <testcase time="0.00300000000000011" classname="ktensor" name="ktensor_functions_are_multilinear"/>
    <testcase time="0.00300000000000011" classname="ktensor" name="ktensor_functions_are_multilinear"/>
    <testcase time="0.00700000000000145" classname="ktensor" name="ktensor_functions_are_multilinear"/>
    <testcase time="0.00300000000000011" classname="ktensor" name="ktensor_functions_are_multilinear"/>
    <testcase time="0.0069999999999979" classname="ktensor" name="ktensor_functions_are_multilinear"/>
    <testcase time="0.00300000000000011" classname="ktensor" name="ktensor_functions_are_multilinear"/>
    <testcase time="0.00300000000000011" classname="ktensor" name="ktensor_functions_are_multilinear"/>
    <testcase time="0.00700000000000145" classname="ktensor" name="ktensor_functions_are_multilinear"/>
    <testcase time="0.00399999999999778" classname="ktensor" name="ktensor_functions_are_multilinear"/>
    <testcase time="0.00300000000000011" classname="ktensor" name="ktensor_functions_are_multilinear"/>
    <testcase time="0.00300000000000011" classname="ktensor" name="ktensor_functions_are_multilinear"/>
    <testcase time="0.0110000000000028" classname="ktensor" name="ktensor_functions_are_multilinear"/>
    <testcase time="0.00300000000000011" classname="ktensor" name="ktensor_functions_are_multilinear"/>
    <testcase time="0.00300000000000011" classname="ktensor" name="ktensor_functions_are_multilinear"/>
    <testcase time="0.00300000000000011" classname="ktensor" name="ktensor_functions_are_multilinear"/>
    <testcase time="0.00299999999999656" classname="ktensor" name="ktensor_functions_are_multilinear"/>
    <testcase time="0.00600000000000023" classname="ktensor" name="ktensor_functions_are_multilinear"/>
    <testcase time="0.00300000000000011" classname="ktensor" name="ktensor_functions_are_multilinear"/>
    <testcase time="0.00600000000000023" classname="ktensor" name="ktensor_functions_are_multilinear"/>
    <testcase time="0.00400000000000134" classname="ktensor" name="ktensor_functions_are_multilinear"/>
    <testcase time="0.00300000000000011" classname="ktensor" name="ktensor_functions_are_multilinear"/>
    <testcase time="0.00600000000000023" classname="ktensor" name="ktensor_functions_are_multilinear"/>
    <testcase time="0.00300000000000011" classname="ktensor" name="ktensor_functions_are_multilinear"/>
    <testcase time="0.00399999999999778" classname="ktensor" name="ktensor_functions_are_multilinear"/>
    <testcase time="0.00300000000000011" classname="ktensor" name="ktensor_functions_are_multilinear"/>
    <testcase time="0.00600000000000023" classname="ktensor" name="ktensor_functions_are_multilinear"/>
    <testcase time="0.00300000000000011" classname="ktensor" name="ktensor_functions_are_multilinear"/>
    <testcase time="0.00300000000000011" classname="ktensor" name="ktensor_functions_are_multilinear"/>
    <testcase time="0.00300000000000011" classname="ktensor" name="ktensor_functions_are_multilinear"/>
    <testcase time="0.00400000000000134" classname="ktensor" name="ktensor_functions_are_multilinear"/>
    <testcase time="0.0069999999999979" classname="ktensor" name="ktensor_functions_are_multilinear"/>
    <testcase time="0.00300000000000011" classname="ktensor" name="ktensor_functions_are_multilinear"/>
    <testcase time="0.00600000000000023" classname="ktensor" name="ktensor_functions_are_multilinear"/>
    <testcase time="0.00300000000000011" classname="ktensor" name="ktensor_functions_are_multilinear"/>
    <testcase time="0.00300000000000011" classname="ktensor" name="ktensor_functions_are_multilinear"/>
    <testcase time="0.00700000000000145" classname="ktensor" name="ktensor_functions_are_multilinear"/>
    <testcase time="0.00400000000000134" classname="ktensor" name="ktensor_functions_are_multilinear"/>
    <testcase time="0.00299999999999656" classname="ktensor" name="ktensor_functions_are_multilinear"/>
    <testcase time="0.00300000000000011" classname="ktensor" name="ktensor_functions_are_multilinear"/>
    <testcase time="0.00800000000000267" classname="ktensor" name="ktensor_functions_are_multilinear"/>
    <testcase time="0.00300000000000011" classname="ktensor" name="ktensor_functions_are_multilinear"/>
    <testcase time="0.00300000000000011" classname="ktensor" name="ktensor_functions_are_multilinear"/>
    <testcase time="0.00300000000000011" classname="ktensor" name="ktensor_functions_are_multilinear"/>
    <testcase time="0.00300000000000011" classname="ktensor" name="ktensor_functions_are_multilinear"/>
    <testcase time="0.00799999999999912" classname="ktensor" name="ktensor_functions_are_multilinear"/>
    <testcase time="0.00300000000000011" classname="ktensor" name="ktensor_functions_are_multilinear"/>
    <testcase time="0.0069999999999979" classname="ktensor" name="ktensor_functions_are_multilinear"/>
    <testcase time="0.00300000000000011" classname="ktensor" name="ktensor_functions_are_multilinear"/>
    <testcase time="0.00300000000000011" classname="ktensor" name="ktensor_functions_are_multilinear"/>
    <testcase time="0.00800000000000267" classname="ktensor" name="ktensor_functions_are_multilinear"/>
    <testcase time="0.00300000000000011" classname="ktensor" name="ktensor_functions_are_multilinear"/>
    <testcase time="0.00299999999999656" classname="ktensor" name="ktensor_functions_are_multilinear"/>
    <testcase time="0.00300000000000011" classname="ktensor" name="ktensor_functions_are_multilinear"/>
    <testcase time="0.00700000000000145" classname="ktensor" name="ktensor_functions_are_multilinear"/>
    <testcase time="0.00400000000000134" classname="ktensor" name="ktensor_functions_are_multilinear"/>
    <testcase time="0.00300000000000011" classname="ktensor" name="ktensor_functions_are_multilinear"/>
    <testcase time="0.00300000000000011" classname="ktensor" name="ktensor_functions_are_multilinear"/>
    <testcase time="0.00300000000000011" classname="ktensor" name="ktensor_functions_are_multilinear"/>
    <testcase time="0.00600000000000023" classname="ktensor" name="ktensor_functions_are_multilinear"/>
    <testcase time="0.00399999999999778" classname="ktensor" name="ktensor_functions_are_multilinear"/>
    <testcase time="0.00600000000000023" classname="ktensor" name="ktensor_functions_are_multilinear"/>
    <testcase time="0.00300000000000011" classname="ktensor" name="ktensor_functions_are_multilinear"/>
    <testcase time="0.00300000000000011" classname="ktensor" name="ktensor_functions_are_multilinear"/>
    <testcase time="0.00600000000000023" classname="ktensor" name="ktensor_functions_are_multilinear"/>
    <testcase time="0.00300000000000011" classname="ktensor" name="ktensor_functions_are_multilinear"/>
    <testcase time="0.00300000000000011" classname="ktensor" name="ktensor_functions_are_multilinear"/>
    <testcase time="0.00400000000000134" classname="ktensor" name="ktensor_functions_are_multilinear"/>
    <testcase time="0.00599999999999667" classname="ktensor" name="ktensor_functions_are_multilinear"/>
    <testcase time="0.00300000000000011" classname="ktensor" name="ktensor_functions_are_multilinear"/>
    <testcase time="0.00300000000000011" classname="ktensor" name="ktensor_functions_are_multilinear"/>
    <testcase time="0.00400000000000134" classname="ktensor" name="ktensor_functions_are_multilinear"/>
    <testcase time="0.00300000000000011" classname="ktensor" name="ktensor_functions_are_multilinear"/>
    <testcase time="0.00700000000000145" classname="ktensor" name="ktensor_functions_are_multilinear"/>
    <testcase time="0.0069999999999979" classname="ktensor" name="ktensor_functions_are_multilinear"/>
    <testcase time="0.00700000000000145" classname="ktensor" name="ktensor_functions_are_multilinear"/>
    <testcase time="0.00300000000000011" classname="ktensor" name="ktensor_functions_are_multilinear"/>
    <testcase time="0.00300000000000011" classname="ktensor" name="ktensor_functions_are_multilinear"/>
    <testcase time="0.00700000000000145" classname="ktensor" name="ktensor_functions_are_multilinear"/>
    <testcase time="0.00300000000000011" classname="ktensor" name="ktensor_functions_are_multilinear"/>
    <testcase time="0.00400000000000134" classname="ktensor" name="ktensor_functions_are_multilinear"/>
    <testcase time="0.00299999999999656" classname="ktensor" name="ktensor_functions_are_multilinear"/>
    <testcase time="0.00700000000000145" classname="ktensor" name="ktensor_functions_are_multilinear"/>
    <testcase time="0.00300000000000011" classname="ktensor" name="ktensor_functions_are_multilinear"/>
    <testcase time="0.00400000000000134" classname="ktensor" name="ktensor_functions_are_multilinear"/>
    <testcase time="0.00300000000000011" classname="ktensor" name="ktensor_functions_are_multilinear"/>
    <testcase time="0.00399999999999778" classname="ktensor" name="ktensor_functions_are_multilinear"/>
    <testcase time="0.00700000000000145" classname="ktensor" name="ktensor_functions_are_multilinear"/>
    <testcase time="0.00300000000000011" classname="ktensor" name="ktensor_functions_are_multilinear"/>
    <testcase time="0.0069999999999979" classname="ktensor" name="ktensor_functions_are_multilinear"/>
    <testcase time="0.00300000000000011" classname="ktensor" name="ktensor_functions_are_multilinear"/>
    <testcase time="0.00400000000000134" classname="ktensor" name="ktensor_functions_are_multilinear"/>
    <testcase time="0.00700000000000145" classname="ktensor" name="ktensor_functions_are_multilinear"/>
    <testcase time="0.00300000000000011" classname="ktensor" name="ktensor_functions_are_multilinear"/>
    <testcase time="0.00300000000000011" classname="ktensor" name="ktensor_functions_are_multilinear"/>
    <testcase time="0.00399999999999778" classname="ktensor" name="ktensor_functions_are_multilinear"/>
    <testcase time="0.00700000000000145" classname="ktensor" name="ktensor_functions_are_multilinear"/>
    <testcase time="0.00300000000000011" classname="ktensor" name="ktensor_functions_are_multilinear"/>
    <testcase time="0.00399999999999778" classname="ktensor" name="ktensor_functions_are_multilinear"/>
    <testcase time="0.00300000000000011" classname="ktensor" name="ktensor_functions_are_multilinear"/>
    <testcase time="0.00300000000000011" classname="ktensor" name="ktensor_functions_are_multilinear"/>
    <testcase time="0.00600000000000023" classname="ktensor" name="ktensor_functions_are_multilinear"/>
    <testcase time="0.00300000000000011" classname="ktensor" name="ktensor_functions_are_multilinear"/>
    <testcase time="0.00700000000000145" classname="ktensor" name="ktensor_functions_are_multilinear"/>
    <testcase time="0.00300000000000011" classname="ktensor" name="ktensor_functions_are_multilinear"/>
    <testcase time="0.00300000000000011" classname="ktensor" name="ktensor_functions_are_multilinear"/>
    <testcase time="0.00600000000000023" classname="ktensor" name="ktensor_functions_are_multilinear"/>
    <testcase time="0.00399999999999778" classname="ktensor" name="ktensor_functions_are_multilinear"/>
    <testcase time="0.00300000000000011" classname="ktensor" name="ktensor_functions_are_multilinear"/>
    <testcase time="0.00300000000000011" classname="ktensor" name="ktensor_functions_are_multilinear"/>
    <testcase time="0.00600000000000023" classname="ktensor" name="ktensor_functions_are_multilinear"/>
    <testcase time="0.00400000000000134" classname="ktensor" name="ktensor_functions_are_multilinear"/>
    <testcase time="0.00300000000000011" classname="ktensor" name="ktensor_functions_are_multilinear"/>
    <testcase time="0.00399999999999778" classname="ktensor" name="ktensor_functions_are_multilinear"/>
    <testcase time="0.00300000000000011" classname="ktensor" name="ktensor_functions_are_multilinear"/>
    <testcase time="0.00600000000000023" classname="ktensor" name="ktensor_functions_are_multilinear"/>
    <testcase time="0.00300000000000011" classname="ktensor" name="ktensor_functions_are_multilinear"/>
    <testcase time="0.00799999999999912" classname="ktensor" name="ktensor_functions_are_multilinear"/>
    <testcase time="0.00300000000000011" classname="ktensor" name="ktensor_functions_are_multilinear"/>
    <testcase time="0.00400000000000134" classname="ktensor" name="ktensor_functions_are_multilinear"/>
    <testcase time="0.00700000000000145" classname="ktensor" name="ktensor_functions_are_multilinear"/>
    <testcase time="0.00399999999999778" classname="ktensor" name="ktensor_functions_are_multilinear"/>
    <testcase time="0.00300000000000011" classname="ktensor" name="ktensor_functions_are_multilinear"/>
    <testcase time="0.00400000000000134" classname="ktensor" name="ktensor_functions_are_multilinear"/>
    <testcase time="0.0069999999999979" classname="ktensor" name="ktensor_functions_are_multilinear"/>
    <testcase time="0.00400000000000134" classname="ktensor" name="ktensor_functions_are_multilinear"/>
    <testcase time="0.00300000000000011" classname="ktensor" name="ktensor_functions_are_multilinear"/>
    <testcase time="0.00400000000000134" classname="ktensor" name="ktensor_functions_are_multilinear"/>
    <testcase time="0.00300000000000011" classname="ktensor" name="ktensor_functions_are_multilinear"/>
    <testcase time="0.0120000000000005" classname="ktensor" name="ktensor_functions_are_multilinear"/>
    <testcase time="0.00300000000000011" classname="ktensor" name="ktensor_functions_are_multilinear"/>
    <testcase time="0.00799999999999912" classname="ktensor" name="ktensor_functions_are_multilinear"/>
    <testcase time="0.00300000000000011" classname="ktensor" name="ktensor_functions_are_multilinear"/>
    <testcase time="0.00399999999999778" classname="ktensor" name="ktensor_functions_are_multilinear"/>
    <testcase time="0.00700000000000145" classname="ktensor" name="ktensor_functions_are_multilinear"/>
    <testcase time="0.00400000000000134" classname="ktensor" name="ktensor_functions_are_multilinear"/>
    <testcase time="0.00300000000000011" classname="ktensor" name="ktensor_functions_are_multilinear"/>
    <testcase time="0.00300000000000011" classname="ktensor" name="ktensor_functions_are_multilinear"/>
    <testcase time="0.00799999999999912" classname="ktensor" name="ktensor_functions_are_multilinear"/>
    <testcase time="0.00300000000000011" classname="ktensor" name="ktensor_functions_are_multilinear"/>
    <testcase time="0.00399999999999778" classname="ktensor" name="ktensor_functions_are_multilinear"/>
    <testcase time="0.00300000000000011" classname="ktensor" name="ktensor_functions_are_multilinear"/>
    <testcase time="0.00400000000000134" classname="ktensor" name="ktensor_functions_are_multilinear"/>
    <testcase time="0.00600000000000023" classname="ktensor" name="ktensor_functions_are_multilinear"/>
    <testcase time="0.00300000000000011" classname="ktensor" name="ktensor_functions_are_multilinear"/>
    <testcase time="0.00600000000000023" classname="ktensor" name="ktensor_functions_are_multilinear"/>
    <testcase time="0.00300000000000011" classname="ktensor" name="ktensor_functions_are_multilinear"/>
    <testcase time="0.00300000000000011" classname="ktensor" name="ktensor_functions_are_multilinear"/>
    <testcase time="0.00700000000000145" classname="ktensor" name="ktensor_functions_are_multilinear"/>
    <testcase time="0.00300000000000011" classname="ktensor" name="ktensor_functions_are_multilinear"/>
    <testcase time="0.00400000000000134" classname="ktensor" name="ktensor_functions_are_multilinear"/>
    <testcase time="0.00300000000000011" classname="ktensor" name="ktensor_functions_are_multilinear"/>
    <testcase time="0.00599999999999667" classname="ktensor" name="ktensor_functions_are_multilinear"/>
    <testcase time="0.00400000000000134" classname="ktensor" name="ktensor_functions_are_multilinear"/>
    <testcase time="0.00300000000000011" classname="ktensor" name="ktensor_functions_are_multilinear"/>
    <testcase time="0.00400000000000134" classname="ktensor" name="ktensor_functions_are_multilinear"/>
    <testcase time="0.00300000000000011" classname="ktensor" name="ktensor_functions_are_multilinear"/>
    <testcase time="0.0069999999999979" classname="ktensor" name="ktensor_functions_are_multilinear"/>
    <testcase time="0.00300000000000011" classname="ktensor" name="ktensor_functions_are_multilinear"/>
    <testcase time="0.00700000000000145" classname="ktensor" name="ktensor_functions_are_multilinear"/>
    <testcase time="0.00300000000000011" classname="ktensor" name="ktensor_functions_are_multilinear"/>
    <testcase time="0.00400000000000134" classname="ktensor" name="ktensor_functions_are_multilinear"/>
    <testcase time="0.00600000000000023" classname="ktensor" name="ktensor_functions_are_multilinear"/>
    <testcase time="0.00300000000000011" classname="ktensor" name="ktensor_functions_are_multilinear"/>
    <testcase time="0.00400000000000134" classname="ktensor" name="ktensor_functions_are_multilinear"/>
    <testcase time="0.00399999999999778" classname="ktensor" name="ktensor_functions_are_multilinear"/>
    <testcase time="0.00700000000000145" classname="ktensor" name="ktensor_functions_are_multilinear"/>
    <testcase time="0.00399999999999778" classname="ktensor" name="ktensor_functions_are_multilinear"/>
    <testcase time="0.00300000000000011" classname="ktensor" name="ktensor_functions_are_multilinear"/>
    <testcase time="0.00400000000000134" classname="ktensor" name="ktensor_functions_are_multilinear"/>
    <testcase time="0.00300000000000011" classname="ktensor" name="ktensor_functions_are_multilinear"/>
    <testcase time="0.00799999999999912" classname="ktensor" name="ktensor_functions_are_multilinear"/>
    <testcase time="0.00300000000000011" classname="ktensor" name="ktensor_functions_are_multilinear"/>
    <testcase time="0.00799999999999912" classname="ktensor" name="ktensor_functions_are_multilinear"/>
    <testcase time="0.00300000000000011" classname="ktensor" name="ktensor_functions_are_multilinear"/>
    <testcase time="0.00400000000000134" classname="ktensor" name="ktensor_functions_are_multilinear"/>
    <testcase time="0.00700000000000145" classname="ktensor" name="ktensor_functions_are_multilinear"/>
    <testcase time="0.00399999999999778" classname="ktensor" name="ktensor_functions_are_multilinear"/>
    <testcase time="0.00400000000000134" classname="ktensor" name="ktensor_functions_are_multilinear"/>
    <testcase time="0.00300000000000011" classname="ktensor" name="ktensor_functions_are_multilinear"/>
    <testcase time="0.00799999999999912" classname="ktensor" name="ktensor_functions_are_multilinear"/>
    <testcase time="0.00700000000000145" classname="ktensor" name="ktensor_functions_are_multilinear"/>
    <testcase time="0.00399999999999778" classname="ktensor" name="ktensor_functions_are_multilinear"/>
    <testcase time="0.00400000000000134" classname="ktensor" name="ktensor_functions_are_multilinear"/>
    <testcase time="0.00300000000000011" classname="ktensor" name="ktensor_functions_are_multilinear"/>
    <testcase time="0.0159999999999982" classname="ktensor" name="ktensors_are_a_vector_space"/>
    <testcase time="0.0180000000000007" classname="ktensor" name="ktensors_are_a_vector_space"/>
    <testcase time="0.0190000000000019" classname="ktensor" name="ktensors_are_a_vector_space"/>
    <testcase time="0.0189999999999984" classname="ktensor" name="ktensors_are_a_vector_space"/>
    <testcase time="0.0130000000000017" classname="ktensor" name="ktensors_are_a_vector_space"/>
    <testcase time="0.0189999999999984" classname="ktensor" name="ktensors_are_a_vector_space"/>
    <testcase time="0.0180000000000007" classname="ktensor" name="ktensors_are_a_vector_space"/>
    <testcase time="0.0189999999999984" classname="ktensor" name="ktensors_are_a_vector_space"/>
    <testcase time="0.0130000000000017" classname="ktensor" name="ktensors_are_a_vector_space"/>
    <testcase time="0.0189999999999984" classname="ktensor" name="ktensors_are_a_vector_space"/>
    <testcase time="0.0190000000000019" classname="ktensor" name="ktensors_are_a_vector_space"/>
    <testcase time="0.0180000000000007" classname="ktensor" name="ktensors_are_a_vector_space"/>
    <testcase time="0.0139999999999993" classname="ktensor" name="ktensors_are_a_vector_space"/>
    <testcase time="0.0219999999999985" classname="ktensor" name="ktensors_are_a_vector_space"/>
    <testcase time="0.0190000000000019" classname="ktensor" name="ktensors_are_a_vector_space"/>
    <testcase time="0.0180000000000007" classname="ktensor" name="ktensors_are_a_vector_space"/>
    <testcase time="0.0139999999999993" classname="ktensor" name="ktensors_are_a_vector_space"/>
    <testcase time="0.0180000000000007" classname="ktensor" name="ktensors_are_a_vector_space"/>
    <testcase time="0.0180000000000007" classname="ktensor" name="ktensors_are_a_vector_space"/>
    <testcase time="0.0189999999999984" classname="ktensor" name="ktensors_are_a_vector_space"/>
    <testcase time="0.0140000000000029" classname="ktensor" name="ktensors_are_a_vector_space"/>
    <testcase time="0.0189999999999984" classname="ktensor" name="ktensors_are_a_vector_space"/>
    <testcase time="0.0180000000000007" classname="ktensor" name="ktensors_are_a_vector_space"/>
    <testcase time="0.0189999999999984" classname="ktensor" name="ktensors_are_a_vector_space"/>
    <testcase time="0.0140000000000029" classname="ktensor" name="ktensors_are_a_vector_space"/>
    <testcase time="0.0189999999999984" classname="ktensor" name="ktensors_are_a_vector_space"/>
    <testcase time="0.0180000000000007" classname="ktensor" name="ktensors_are_a_vector_space"/>
    <testcase time="0.0199999999999996" classname="ktensor" name="ktensors_are_a_vector_space"/>
    <testcase time="0.0169999999999995" classname="ktensor" name="ktensors_are_a_vector_space"/>
    <testcase time="0.0180000000000007" classname="ktensor" name="ktensors_are_a_vector_space"/>
    <testcase time="0.0199999999999996" classname="ktensor" name="ktensors_are_a_vector_space"/>
    <testcase time="0.0189999999999984" classname="ktensor" name="ktensors_are_a_vector_space"/>
    <testcase time="0.0140000000000029" classname="ktensor" name="ktensors_are_a_vector_space"/>
    <testcase time="0.0189999999999984" classname="ktensor" name="ktensors_are_a_vector_space"/>
    <testcase time="0.0190000000000019" classname="ktensor" name="ktensors_are_a_vector_space"/>
    <testcase time="0.0189999999999984" classname="ktensor" name="ktensors_are_a_vector_space"/>
  </testsuite>
  <testsuite name="misc" timestamp="2024-07-08T18:36:47Z" hostname="8aba7b82163a" tests="60" skipped="0" failures="0" errors="0" time="0.602">
    <testcase time="0.0169999999999995" classname="misc" name="Miscellaneous_wedge_functionality"/>
    <testcase time="0.00400000000000134" classname="misc" name="Miscellaneous_wedge_functionality"/>
    <testcase time="0.00300000000000011" classname="misc" name="Miscellaneous_wedge_functionality"/>
    <testcase time="0.00499999999999901" classname="misc" name="Miscellaneous_wedge_functionality"/>
    <testcase time="0.00900000000000034" classname="misc" name="Miscellaneous_wedge_functionality"/>
    <testcase time="0.0139999999999993" classname="misc" name="Miscellaneous_wedge_functionality"/>
    <testcase time="0.00400000000000134" classname="misc" name="Miscellaneous_wedge_functionality"/>
    <testcase time="0.00399999999999778" classname="misc" name="Miscellaneous_wedge_functionality"/>
    <testcase time="0.00600000000000023" classname="misc" name="Miscellaneous_wedge_functionality"/>
    <testcase time="0.00800000000000267" classname="misc" name="Miscellaneous_wedge_functionality"/>
    <testcase time="0.00600000000000023" classname="misc" name="Miscellaneous_wedge_functionality"/>
    <testcase time="0.0229999999999997" classname="misc" name="Miscellaneous_wedge_functionality"/>
    <testcase time="0.0219999999999985" classname="misc" name="Miscellaneous_wedge_functionality"/>
    <testcase time="0.0139999999999993" classname="misc" name="Miscellaneous_wedge_functionality"/>
    <testcase time="0.0169999999999995" classname="misc" name="Miscellaneous_wedge_functionality"/>
    <testcase time="0.0229999999999997" classname="misc" name="Miscellaneous_wedge_functionality"/>
    <testcase time="0.0230000000000032" classname="misc" name="Miscellaneous_wedge_functionality"/>
    <testcase time="0.0219999999999985" classname="misc" name="Miscellaneous_wedge_functionality"/>
    <testcase time="0.0150000000000006" classname="misc" name="Miscellaneous_wedge_functionality"/>
    <testcase time="0.0210000000000008" classname="misc" name="Miscellaneous_wedge_functionality"/>
    <testcase time="0.032" classname="misc" name="Miscellaneous_wedge_functionality"/>
    <testcase time="0.00600000000000023" classname="misc" name="Miscellaneous_wedge_functionality"/>
    <testcase time="0.0189999999999984" classname="misc" name="Miscellaneous_wedge_functionality"/>
    <testcase time="0.0199999999999996" classname="misc" name="Miscellaneous_wedge_functionality"/>
    <testcase time="0.0199999999999996" classname="misc" name="Miscellaneous_wedge_functionality"/>
    <testcase time="0.00600000000000023" classname="misc" name="Miscellaneous_wedge_functionality"/>
    <testcase time="0.0120000000000005" classname="misc" name="Miscellaneous_wedge_functionality"/>
    <testcase time="0.00300000000000011" classname="misc" name="Miscellaneous_wedge_functionality"/>
    <testcase time="0.00199999999999889" classname="misc" name="Miscellaneous_wedge_functionality"/>
    <testcase time="0.00300000000000011" classname="misc" name="Miscellaneous_wedge_functionality"/>
    <testcase time="0.00300000000000011" classname="misc" name="Miscellaneous_wedge_functionality"/>
    <testcase time="0.00200000000000244" classname="misc" name="Miscellaneous_wedge_functionality"/>
    <testcase time="0.00300000000000011" classname="misc" name="Miscellaneous_wedge_functionality"/>
    <testcase time="0.0069999999999979" classname="misc" name="Miscellaneous_wedge_functionality"/>
    <testcase time="0.00700000000000145" classname="misc" name="Miscellaneous_wedge_functionality"/>
    <testcase time="0.0069999999999979" classname="misc" name="Miscellaneous_wedge_functionality"/>
    <testcase time="0.00700000000000145" classname="misc" name="Miscellaneous_wedge_functionality"/>
    <testcase time="0.027000000000001" classname="misc" name="Miscellaneous_wedge_functionality"/>
    <testcase time="0.0139999999999993" classname="misc" name="Miscellaneous_wedge_functionality"/>
    <testcase time="0.00499999999999901" classname="misc" name="Miscellaneous_wedge_functionality"/>
    <testcase time="0.00400000000000134" classname="misc" name="Miscellaneous_wedge_functionality"/>
    <testcase time="0.00900000000000034" classname="misc" name="Miscellaneous_wedge_functionality"/>
    <testcase time="0.0129999999999981" classname="misc" name="Miscellaneous_wedge_functionality"/>
    <testcase time="0.0120000000000005" classname="misc" name="Miscellaneous_wedge_functionality"/>
    <testcase time="0.0160000000000018" classname="misc" name="Miscellaneous_wedge_functionality"/>
    <testcase time="0.00499999999999901" classname="misc" name="Miscellaneous_wedge_functionality"/>
    <testcase time="0.0129999999999981" classname="misc" name="Miscellaneous_wedge_functionality"/>
    <testcase time="0.00600000000000023" classname="misc" name="Miscellaneous_wedge_functionality"/>
    <testcase time="0.00600000000000023" classname="misc" name="Miscellaneous_wedge_functionality"/>
    <testcase time="0.00600000000000023" classname="misc" name="Miscellaneous_wedge_functionality"/>
    <testcase time="0.00499999999999901" classname="misc" name="Miscellaneous_tensor_functionality"/>
    <testcase time="0.00300000000000011" classname="misc" name="Miscellaneous_tensor_functionality"/>
    <testcase time="0.00300000000000011" classname="misc" name="Miscellaneous_tensor_functionality"/>
    <testcase time="0.00200000000000244" classname="misc" name="Miscellaneous_tensor_functionality"/>
    <testcase time="0.00499999999999901" classname="misc" name="Miscellaneous_tensor_functionality"/>
    <testcase time="0.00400000000000134" classname="misc" name="Miscellaneous_tensor_functionality"/>
    <testcase time="0.00499999999999901" classname="misc" name="Miscellaneous_tensor_functionality"/>
    <testcase time="0.00499999999999901" classname="misc" name="Miscellaneous_tensor_functionality"/>
    <testcase time="0.00499999999999901" classname="misc" name="as.symbolic_functionality"/>
    <testcase time="0.0100000000000016" classname="misc" name="as.symbolic_functionality"/>
  </testsuite>
  <testsuite name="mult" timestamp="2024-07-08T18:36:47Z" hostname="8aba7b82163a" tests="31" skipped="0" failures="0" errors="0" time="0.184">
    <testcase time="0.0130000000000017" classname="mult" name="coverage_of_functionality_in_mult.R"/>
    <testcase time="0.00199999999999889" classname="mult" name="coverage_of_functionality_in_mult.R"/>
    <testcase time="0.00300000000000011" classname="mult" name="coverage_of_functionality_in_mult.R"/>
    <testcase time="0.00399999999999778" classname="mult" name="coverage_of_functionality_in_mult.R"/>
    <testcase time="0.00500000000000256" classname="mult" name="coverage_of_functionality_in_mult.R"/>
    <testcase time="0.00199999999999889" classname="mult" name="coverage_of_functionality_in_mult.R"/>
    <testcase time="0.00199999999999889" classname="mult" name="coverage_of_functionality_in_mult.R"/>
    <testcase time="0.00400000000000134" classname="mult" name="coverage_of_functionality_in_mult.R"/>
    <testcase time="0.00300000000000011" classname="mult" name="coverage_of_functionality_in_mult.R"/>
    <testcase time="0.00400000000000134" classname="mult" name="coverage_of_functionality_in_mult.R"/>
    <testcase time="0.00300000000000011" classname="mult" name="coverage_of_functionality_in_mult.R"/>
    <testcase time="0.00599999999999667" classname="mult" name="coverage_of_functionality_in_mult.R"/>
    <testcase time="0.00100000000000122" classname="mult" name="coverage_of_functionality_in_mult.R"/>
    <testcase time="0.00900000000000034" classname="mult" name="coverage_of_functionality_in_mult.R"/>
    <testcase time="0.00799999999999912" classname="mult" name="coverage_of_functionality_in_mult.R"/>
    <testcase time="0.00400000000000134" classname="mult" name="coverage_of_functionality_in_mult.R"/>
    <testcase time="0.00600000000000023" classname="mult" name="coverage_of_functionality_in_mult.R"/>
    <testcase time="0.00799999999999912" classname="mult" name="coverage_of_functionality_in_mult.R"/>
    <testcase time="0.00600000000000023" classname="mult" name="coverage_of_functionality_in_mult.R"/>
    <testcase time="0.0100000000000016" classname="mult" name="coverage_of_functionality_in_mult.R"/>
    <testcase time="0.0139999999999993" classname="mult" name="coverage_of_functionality_in_mult.R"/>
    <testcase time="0.00499999999999901" classname="mult" name="coverage_of_functionality_in_mult.R"/>
    <testcase time="0.00499999999999901" classname="mult" name="coverage_of_functionality_in_mult.R"/>
    <testcase time="0.00800000000000267" classname="mult" name="coverage_of_functionality_in_mult.R"/>
    <testcase time="0.00399999999999778" classname="mult" name="coverage_of_functionality_in_mult.R"/>
    <testcase time="0.0130000000000017" classname="mult" name="coverage_of_functionality_in_mult.R"/>
    <testcase time="0.0150000000000006" classname="mult" name="coverage_of_functionality_in_mult.R"/>
    <testcase time="0.00300000000000011" classname="mult" name="coverage_of_functionality_in_mult.R"/>
    <testcase time="0.00499999999999901" classname="mult" name="coverage_of_functionality_in_mult.R"/>
    <testcase time="0.00399999999999778" classname="mult" name="coverage_of_functionality_in_mult.R"/>
    <testcase time="0.00500000000000256" classname="mult" name="coverage_of_functionality_in_mult.R"/>
  </testsuite>
  <testsuite name="ops" timestamp="2024-07-08T18:36:48Z" hostname="8aba7b82163a" tests="160" skipped="0" failures="0" errors="0" time="4.995">
    <testcase time="0.0269999999999975" classname="ops" name="Cross_product_Ops_behave"/>
    <testcase time="0.0190000000000019" classname="ops" name="Cross_product_Ops_behave"/>
    <testcase time="0.0150000000000006" classname="ops" name="Cross_product_Ops_behave"/>
    <testcase time="0.0249999999999986" classname="ops" name="Cross_product_Ops_behave"/>
    <testcase time="0.0250000000000021" classname="ops" name="Cross_product_Ops_behave"/>
    <testcase time="0.0329999999999977" classname="ops" name="Cross_product_Ops_behave"/>
    <testcase time="0.027000000000001" classname="ops" name="Cross_product_Ops_behave"/>
    <testcase time="0.0229999999999997" classname="ops" name="Cross_product_Ops_behave"/>
    <testcase time="0.0139999999999993" classname="ops" name="Cross_product_Ops_behave"/>
    <testcase time="0.0240000000000009" classname="ops" name="Cross_product_Ops_behave"/>
    <testcase time="0.0229999999999997" classname="ops" name="Cross_product_Ops_behave"/>
    <testcase time="0.0309999999999988" classname="ops" name="Cross_product_Ops_behave"/>
    <testcase time="0.027000000000001" classname="ops" name="Cross_product_Ops_behave"/>
    <testcase time="0.0219999999999985" classname="ops" name="Cross_product_Ops_behave"/>
    <testcase time="0.0150000000000006" classname="ops" name="Cross_product_Ops_behave"/>
    <testcase time="0.0259999999999998" classname="ops" name="Cross_product_Ops_behave"/>
    <testcase time="0.027000000000001" classname="ops" name="Cross_product_Ops_behave"/>
    <testcase time="0.0350000000000001" classname="ops" name="Cross_product_Ops_behave"/>
    <testcase time="0.0259999999999998" classname="ops" name="Cross_product_Ops_behave"/>
    <testcase time="0.0190000000000019" classname="ops" name="Cross_product_Ops_behave"/>
    <testcase time="0.014999999999997" classname="ops" name="Cross_product_Ops_behave"/>
    <testcase time="0.0240000000000009" classname="ops" name="Cross_product_Ops_behave"/>
    <testcase time="0.0250000000000021" classname="ops" name="Cross_product_Ops_behave"/>
    <testcase time="0.032" classname="ops" name="Cross_product_Ops_behave"/>
    <testcase time="0.0259999999999998" classname="ops" name="Cross_product_Ops_behave"/>
    <testcase time="0.0219999999999985" classname="ops" name="Cross_product_Ops_behave"/>
    <testcase time="0.0150000000000006" classname="ops" name="Cross_product_Ops_behave"/>
    <testcase time="0.0279999999999987" classname="ops" name="Cross_product_Ops_behave"/>
    <testcase time="0.027000000000001" classname="ops" name="Cross_product_Ops_behave"/>
    <testcase time="0.0399999999999991" classname="ops" name="Cross_product_Ops_behave"/>
    <testcase time="0.0259999999999998" classname="ops" name="Cross_product_Ops_behave"/>
    <testcase time="0.022000000000002" classname="ops" name="Cross_product_Ops_behave"/>
    <testcase time="0.014999999999997" classname="ops" name="Cross_product_Ops_behave"/>
    <testcase time="0.0260000000000034" classname="ops" name="Cross_product_Ops_behave"/>
    <testcase time="0.0269999999999975" classname="ops" name="Cross_product_Ops_behave"/>
    <testcase time="0.0350000000000001" classname="ops" name="Cross_product_Ops_behave"/>
    <testcase time="0.0250000000000021" classname="ops" name="Cross_product_Ops_behave"/>
    <testcase time="0.0219999999999985" classname="ops" name="Cross_product_Ops_behave"/>
    <testcase time="0.0139999999999993" classname="ops" name="Cross_product_Ops_behave"/>
    <testcase time="0.0289999999999999" classname="ops" name="Cross_product_Ops_behave"/>
    <testcase time="0.0259999999999998" classname="ops" name="Cross_product_Ops_behave"/>
    <testcase time="0.0339999999999989" classname="ops" name="Cross_product_Ops_behave"/>
    <testcase time="0.0229999999999997" classname="ops" name="Cross_product_Ops_behave"/>
    <testcase time="0.0190000000000019" classname="ops" name="Cross_product_Ops_behave"/>
    <testcase time="0.0150000000000006" classname="ops" name="Cross_product_Ops_behave"/>
    <testcase time="0.0239999999999974" classname="ops" name="Cross_product_Ops_behave"/>
    <testcase time="0.0240000000000009" classname="ops" name="Cross_product_Ops_behave"/>
    <testcase time="0.0310000000000024" classname="ops" name="Cross_product_Ops_behave"/>
    <testcase time="0.0249999999999986" classname="ops" name="Cross_product_Ops_behave"/>
    <testcase time="0.0210000000000008" classname="ops" name="Cross_product_Ops_behave"/>
    <testcase time="0.0190000000000019" classname="ops" name="Cross_product_Ops_behave"/>
    <testcase time="0.0259999999999998" classname="ops" name="Cross_product_Ops_behave"/>
    <testcase time="0.0259999999999998" classname="ops" name="Cross_product_Ops_behave"/>
    <testcase time="0.0389999999999979" classname="ops" name="Cross_product_Ops_behave"/>
    <testcase time="0.0210000000000008" classname="ops" name="Cross_product_Ops_behave"/>
    <testcase time="0.0190000000000019" classname="ops" name="Cross_product_Ops_behave"/>
    <testcase time="0.0150000000000006" classname="ops" name="Cross_product_Ops_behave"/>
    <testcase time="0.0239999999999974" classname="ops" name="Cross_product_Ops_behave"/>
    <testcase time="0.0240000000000009" classname="ops" name="Cross_product_Ops_behave"/>
    <testcase time="0.0309999999999988" classname="ops" name="Cross_product_Ops_behave"/>
    <testcase time="0.0790000000000006" classname="ops" name="Cross_product_Ops_behave"/>
    <testcase time="0.0340000000000025" classname="ops" name="Cross_product_Ops_behave"/>
    <testcase time="0.0569999999999986" classname="ops" name="Cross_product_Ops_behave"/>
    <testcase time="0.032" classname="ops" name="Cross_product_Ops_behave"/>
    <testcase time="0.0620000000000012" classname="ops" name="Cross_product_Ops_behave"/>
    <testcase time="0.0359999999999978" classname="ops" name="Cross_product_Ops_behave"/>
    <testcase time="0.0620000000000012" classname="ops" name="Cross_product_Ops_behave"/>
    <testcase time="0.0330000000000013" classname="ops" name="Cross_product_Ops_behave"/>
    <testcase time="0.0629999999999988" classname="ops" name="Cross_product_Ops_behave"/>
    <testcase time="0.0359999999999978" classname="ops" name="Cross_product_Ops_behave"/>
    <testcase time="0.0609999999999999" classname="ops" name="Cross_product_Ops_behave"/>
    <testcase time="0.0380000000000003" classname="ops" name="Cross_product_Ops_behave"/>
    <testcase time="0.0690000000000026" classname="ops" name="Cross_product_Ops_behave"/>
    <testcase time="0.0380000000000003" classname="ops" name="Cross_product_Ops_behave"/>
    <testcase time="0.0629999999999988" classname="ops" name="Cross_product_Ops_behave"/>
    <testcase time="0.0390000000000015" classname="ops" name="Cross_product_Ops_behave"/>
    <testcase time="0.0529999999999973" classname="ops" name="Cross_product_Ops_behave"/>
    <testcase time="0.0300000000000011" classname="ops" name="Cross_product_Ops_behave"/>
    <testcase time="0.0629999999999988" classname="ops" name="Cross_product_Ops_behave"/>
    <testcase time="0.0360000000000014" classname="ops" name="Cross_product_Ops_behave"/>
    <testcase time="0.0259999999999998" classname="ops" name="Wedge_product_Ops_behave"/>
    <testcase time="0.0210000000000008" classname="ops" name="Wedge_product_Ops_behave"/>
    <testcase time="0.0159999999999982" classname="ops" name="Wedge_product_Ops_behave"/>
    <testcase time="0.0280000000000022" classname="ops" name="Wedge_product_Ops_behave"/>
    <testcase time="0.0309999999999988" classname="ops" name="Wedge_product_Ops_behave"/>
    <testcase time="0.0339999999999989" classname="ops" name="Wedge_product_Ops_behave"/>
    <testcase time="0.0300000000000011" classname="ops" name="Wedge_product_Ops_behave"/>
    <testcase time="0.0240000000000009" classname="ops" name="Wedge_product_Ops_behave"/>
    <testcase time="0.0159999999999982" classname="ops" name="Wedge_product_Ops_behave"/>
    <testcase time="0.0289999999999999" classname="ops" name="Wedge_product_Ops_behave"/>
    <testcase time="0.0280000000000022" classname="ops" name="Wedge_product_Ops_behave"/>
    <testcase time="0.0389999999999979" classname="ops" name="Wedge_product_Ops_behave"/>
    <testcase time="0.0350000000000001" classname="ops" name="Wedge_product_Ops_behave"/>
    <testcase time="0.0250000000000021" classname="ops" name="Wedge_product_Ops_behave"/>
    <testcase time="0.014999999999997" classname="ops" name="Wedge_product_Ops_behave"/>
    <testcase time="0.0289999999999999" classname="ops" name="Wedge_product_Ops_behave"/>
    <testcase time="0.0300000000000011" classname="ops" name="Wedge_product_Ops_behave"/>
    <testcase time="0.0399999999999991" classname="ops" name="Wedge_product_Ops_behave"/>
    <testcase time="0.0199999999999996" classname="ops" name="Wedge_product_Ops_behave"/>
    <testcase time="0.0190000000000019" classname="ops" name="Wedge_product_Ops_behave"/>
    <testcase time="0.0169999999999995" classname="ops" name="Wedge_product_Ops_behave"/>
    <testcase time="0.0249999999999986" classname="ops" name="Wedge_product_Ops_behave"/>
    <testcase time="0.0250000000000021" classname="ops" name="Wedge_product_Ops_behave"/>
    <testcase time="0.0359999999999978" classname="ops" name="Wedge_product_Ops_behave"/>
    <testcase time="0.0240000000000009" classname="ops" name="Wedge_product_Ops_behave"/>
    <testcase time="0.0210000000000008" classname="ops" name="Wedge_product_Ops_behave"/>
    <testcase time="0.0159999999999982" classname="ops" name="Wedge_product_Ops_behave"/>
    <testcase time="0.0260000000000034" classname="ops" name="Wedge_product_Ops_behave"/>
    <testcase time="0.0269999999999975" classname="ops" name="Wedge_product_Ops_behave"/>
    <testcase time="0.0340000000000025" classname="ops" name="Wedge_product_Ops_behave"/>
    <testcase time="0.0239999999999974" classname="ops" name="Wedge_product_Ops_behave"/>
    <testcase time="0.0199999999999996" classname="ops" name="Wedge_product_Ops_behave"/>
    <testcase time="0.0160000000000018" classname="ops" name="Wedge_product_Ops_behave"/>
    <testcase time="0.0259999999999998" classname="ops" name="Wedge_product_Ops_behave"/>
    <testcase time="0.0300000000000011" classname="ops" name="Wedge_product_Ops_behave"/>
    <testcase time="0.0339999999999989" classname="ops" name="Wedge_product_Ops_behave"/>
    <testcase time="0.0289999999999999" classname="ops" name="Wedge_product_Ops_behave"/>
    <testcase time="0.0240000000000009" classname="ops" name="Wedge_product_Ops_behave"/>
    <testcase time="0.0159999999999982" classname="ops" name="Wedge_product_Ops_behave"/>
    <testcase time="0.0280000000000022" classname="ops" name="Wedge_product_Ops_behave"/>
    <testcase time="0.0289999999999999" classname="ops" name="Wedge_product_Ops_behave"/>
    <testcase time="0.0380000000000003" classname="ops" name="Wedge_product_Ops_behave"/>
    <testcase time="0.0249999999999986" classname="ops" name="Wedge_product_Ops_behave"/>
    <testcase time="0.0210000000000008" classname="ops" name="Wedge_product_Ops_behave"/>
    <testcase time="0.0199999999999996" classname="ops" name="Wedge_product_Ops_behave"/>
    <testcase time="0.027000000000001" classname="ops" name="Wedge_product_Ops_behave"/>
    <testcase time="0.0269999999999975" classname="ops" name="Wedge_product_Ops_behave"/>
    <testcase time="0.0340000000000025" classname="ops" name="Wedge_product_Ops_behave"/>
    <testcase time="0.0259999999999998" classname="ops" name="Wedge_product_Ops_behave"/>
    <testcase time="0.0219999999999985" classname="ops" name="Wedge_product_Ops_behave"/>
    <testcase time="0.0160000000000018" classname="ops" name="Wedge_product_Ops_behave"/>
    <testcase time="0.0269999999999975" classname="ops" name="Wedge_product_Ops_behave"/>
    <testcase time="0.027000000000001" classname="ops" name="Wedge_product_Ops_behave"/>
    <testcase time="0.0350000000000001" classname="ops" name="Wedge_product_Ops_behave"/>
    <testcase time="0.0309999999999988" classname="ops" name="Wedge_product_Ops_behave"/>
    <testcase time="0.0210000000000008" classname="ops" name="Wedge_product_Ops_behave"/>
    <testcase time="0.0160000000000018" classname="ops" name="Wedge_product_Ops_behave"/>
    <testcase time="0.0269999999999975" classname="ops" name="Wedge_product_Ops_behave"/>
    <testcase time="0.027000000000001" classname="ops" name="Wedge_product_Ops_behave"/>
    <testcase time="0.0360000000000014" classname="ops" name="Wedge_product_Ops_behave"/>
    <testcase time="0.0629999999999988" classname="ops" name="Wedge_product_Ops_behave"/>
    <testcase time="0.0350000000000001" classname="ops" name="Wedge_product_Ops_behave"/>
    <testcase time="0.0569999999999986" classname="ops" name="Wedge_product_Ops_behave"/>
    <testcase time="0.0309999999999988" classname="ops" name="Wedge_product_Ops_behave"/>
    <testcase time="0.0489999999999995" classname="ops" name="Wedge_product_Ops_behave"/>
    <testcase time="0.0289999999999999" classname="ops" name="Wedge_product_Ops_behave"/>
    <testcase time="0.0730000000000004" classname="ops" name="Wedge_product_Ops_behave"/>
    <testcase time="0.0420000000000016" classname="ops" name="Wedge_product_Ops_behave"/>
    <testcase time="0.0609999999999999" classname="ops" name="Wedge_product_Ops_behave"/>
    <testcase time="0.0350000000000001" classname="ops" name="Wedge_product_Ops_behave"/>
    <testcase time="0.0640000000000001" classname="ops" name="Wedge_product_Ops_behave"/>
    <testcase time="0.0359999999999978" classname="ops" name="Wedge_product_Ops_behave"/>
    <testcase time="0.0700000000000003" classname="ops" name="Wedge_product_Ops_behave"/>
    <testcase time="0.0370000000000026" classname="ops" name="Wedge_product_Ops_behave"/>
    <testcase time="0.0700000000000003" classname="ops" name="Wedge_product_Ops_behave"/>
    <testcase time="0.0359999999999978" classname="ops" name="Wedge_product_Ops_behave"/>
    <testcase time="0.0650000000000013" classname="ops" name="Wedge_product_Ops_behave"/>
    <testcase time="0.0389999999999979" classname="ops" name="Wedge_product_Ops_behave"/>
    <testcase time="0.0560000000000009" classname="ops" name="Wedge_product_Ops_behave"/>
    <testcase time="0.0339999999999989" classname="ops" name="Wedge_product_Ops_behave"/>
  </testsuite>
  <testsuite name="ops_kform" timestamp="2024-07-08T18:36:53Z" hostname="8aba7b82163a" tests="9" skipped="0" failures="0" errors="0" time="0.048">
    <testcase time="0.0120000000000005" classname="ops_kform" name="coverage_of_Ops.kform_"/>
    <testcase time="0.00500000000000256" classname="ops_kform" name="coverage_of_Ops.kform_"/>
    <testcase time="0.0069999999999979" classname="ops_kform" name="coverage_of_Ops.kform_"/>
    <testcase time="0.00499999999999901" classname="ops_kform" name="coverage_of_Ops.kform_"/>
    <testcase time="0.00400000000000134" classname="ops_kform" name="coverage_of_Ops.kform_"/>
    <testcase time="0.00400000000000134" classname="ops_kform" name="coverage_of_Ops.kform_"/>
    <testcase time="0.00300000000000011" classname="ops_kform" name="coverage_of_Ops.kform_"/>
    <testcase time="0.00399999999999778" classname="ops_kform" name="coverage_of_Ops.kform_"/>
    <testcase time="0.00400000000000134" classname="ops_kform" name="coverage_of_Ops.kform_"/>
  </testsuite>
  <testsuite name="ops_ktensor" timestamp="2024-07-08T18:36:53Z" hostname="8aba7b82163a" tests="18" skipped="0" failures="0" errors="0" time="0.091">
    <testcase time="0.00600000000000023" classname="ops_ktensor" name="coverage_of_Ops.ktensor_"/>
    <testcase time="0.00199999999999889" classname="ops_ktensor" name="coverage_of_Ops.ktensor_"/>
    <testcase time="0.00300000000000011" classname="ops_ktensor" name="coverage_of_Ops.ktensor_"/>
    <testcase time="0.00400000000000134" classname="ops_ktensor" name="coverage_of_Ops.ktensor_"/>
    <testcase time="0.00799999999999912" classname="ops_ktensor" name="coverage_of_Ops.ktensor_"/>
    <testcase time="0.00400000000000134" classname="ops_ktensor" name="coverage_of_Ops.ktensor_"/>
    <testcase time="0.00399999999999778" classname="ops_ktensor" name="coverage_of_Ops.ktensor_"/>
    <testcase time="0.00799999999999912" classname="ops_ktensor" name="coverage_of_Ops.ktensor_"/>
    <testcase time="0.00400000000000134" classname="ops_ktensor" name="coverage_of_Ops.ktensor_"/>
    <testcase time="0.00700000000000145" classname="ops_ktensor" name="coverage_of_Ops.ktensor_"/>
    <testcase time="0.00399999999999778" classname="ops_ktensor" name="coverage_of_Ops.ktensor_"/>
    <testcase time="0.00400000000000134" classname="ops_ktensor" name="coverage_of_Ops.ktensor_"/>
    <testcase time="0.00400000000000134" classname="ops_ktensor" name="coverage_of_Ops.ktensor_"/>
    <testcase time="0.00399999999999778" classname="ops_ktensor" name="coverage_of_Ops.ktensor_"/>
    <testcase time="0.00499999999999901" classname="ops_ktensor" name="coverage_of_Ops.ktensor_"/>
    <testcase time="0.00500000000000256" classname="ops_ktensor" name="coverage_of_Ops.ktensor_"/>
    <testcase time="0.00499999999999901" classname="ops_ktensor" name="coverage_of_Ops.ktensor_"/>
    <testcase time="0.0100000000000016" classname="ops_ktensor" name="coverage_of_Ops.ktensor_"/>
  </testsuite>
  <testsuite name="print" timestamp="2024-07-08T18:36:53Z" hostname="8aba7b82163a" tests="24" skipped="0" failures="0" errors="0" time="0.155">
    <testcase time="0.00999999999999801" classname="print" name="Functions_print.ktensor_and_print.kform_behave"/>
    <testcase time="0.00499999999999901" classname="print" name="Functions_print.ktensor_and_print.kform_behave"/>
    <testcase time="0.00400000000000134" classname="print" name="Functions_print.ktensor_and_print.kform_behave"/>
    <testcase time="0.00400000000000134" classname="print" name="Functions_print.ktensor_and_print.kform_behave"/>
    <testcase time="0.00300000000000011" classname="print" name="Functions_print.ktensor_and_print.kform_behave"/>
    <testcase time="0.00499999999999901" classname="print" name="Functions_print.ktensor_and_print.kform_behave"/>
    <testcase time="0.00300000000000011" classname="print" name="Functions_print.ktensor_and_print.kform_behave"/>
    <testcase time="0.00499999999999901" classname="print" name="Functions_print.ktensor_and_print.kform_behave"/>
    <testcase time="0.0100000000000016" classname="print" name="Functions_print.ktensor_and_print.kform_behave"/>
    <testcase time="0.00400000000000134" classname="print" name="Functions_print.ktensor_and_print.kform_behave"/>
    <testcase time="0.0100000000000016" classname="print" name="Functions_print.ktensor_and_print.kform_behave"/>
    <testcase time="0.00499999999999901" classname="print" name="Functions_print.ktensor_and_print.kform_behave"/>
    <testcase time="0.00999999999999801" classname="print" name="Functions_print.ktensor_and_print.kform_behave"/>
    <testcase time="0.00500000000000256" classname="print" name="Functions_print.ktensor_and_print.kform_behave"/>
    <testcase time="0.00999999999999801" classname="print" name="Functions_print.ktensor_and_print.kform_behave"/>
    <testcase time="0.00500000000000256" classname="print" name="Functions_print.ktensor_and_print.kform_behave"/>
    <testcase time="0.00899999999999679" classname="print" name="Functions_print.ktensor_and_print.kform_behave"/>
    <testcase time="0.00500000000000256" classname="print" name="Functions_print.ktensor_and_print.kform_behave"/>
    <testcase time="0.00900000000000034" classname="print" name="Functions_print.ktensor_and_print.kform_behave"/>
    <testcase time="0.00600000000000023" classname="print" name="Functions_print.ktensor_and_print.kform_behave"/>
    <testcase time="0.00899999999999679" classname="print" name="Functions_print.ktensor_and_print.kform_behave"/>
    <testcase time="0.00500000000000256" classname="print" name="Functions_print.ktensor_and_print.kform_behave"/>
    <testcase time="0.00900000000000034" classname="print" name="Functions_print.ktensor_and_print.kform_behave"/>
    <testcase time="0.00499999999999901" classname="print" name="Functions_print.ktensor_and_print.kform_behave"/>
  </testsuite>
  <testsuite name="transform" timestamp="2024-07-08T18:36:53Z" hostname="8aba7b82163a" tests="7" skipped="0" failures="0" errors="0" time="2.743">
    <testcase time="0.00700000000000145" classname="transform" name="Function_pullback_behaves_itself"/>
    <testcase time="0.847999999999999" classname="transform" name="Function_pullback_behaves_itself"/>
    <testcase time="0.0069999999999979" classname="transform" name="Function_pullback_behaves_itself"/>
    <testcase time="0.925000000000004" classname="transform" name="Function_pullback_behaves_itself"/>
    <testcase time="0.0069999999999979" classname="transform" name="Function_pullback_behaves_itself"/>
    <testcase time="0.942" classname="transform" name="Function_pullback_behaves_itself"/>
    <testcase time="0.0069999999999979" classname="transform" name="Function_pullback_behaves_itself"/>
  </testsuite>
  <testsuite name="vector_cross_product" timestamp="2024-07-08T18:36:56Z" hostname="8aba7b82163a" tests="2" skipped="0" failures="0" errors="0" time="0.009">
    <testcase time="0.0069999999999979" classname="vector_cross_product" name="Miscellaneous_vector_cross_product_tests"/>
    <testcase time="0.00200000000000244" classname="vector_cross_product" name="Miscellaneous_vector_cross_product_tests"/>
  </testsuite>
  <testsuite name="wedge" timestamp="2024-07-08T18:36:56Z" hostname="8aba7b82163a" tests="67" skipped="0" failures="0" errors="0" time="2.076">
    <testcase time="0.337000000000003" classname="wedge" name="wedge_product_is_associative"/>
    <testcase time="0.00999999999999801" classname="wedge" name="wedge_product_is_associative"/>
    <testcase time="0.00999999999999801" classname="wedge" name="wedge_product_is_associative"/>
    <testcase time="0.0100000000000051" classname="wedge" name="wedge_product_is_associative"/>
    <testcase time="0.00899999999999324" classname="wedge" name="wedge_product_is_associative"/>
    <testcase time="0.0740000000000052" classname="wedge" name="wedge_product_is_associative"/>
    <testcase time="0.00399999999999778" classname="wedge" name="wedge_product_is_associative"/>
    <testcase time="0.00399999999999778" classname="wedge" name="wedge_product_is_associative"/>
    <testcase time="0.00400000000000489" classname="wedge" name="wedge_product_is_associative"/>
    <testcase time="0.00399999999999778" classname="wedge" name="wedge_product_is_associative"/>
    <testcase time="0.136000000000003" classname="wedge" name="wedge_product_is_associative"/>
    <testcase time="0.00399999999999778" classname="wedge" name="wedge_product_is_associative"/>
    <testcase time="0.00399999999999778" classname="wedge" name="wedge_product_is_associative"/>
    <testcase time="0.00400000000000489" classname="wedge" name="wedge_product_is_associative"/>
    <testcase time="0.00300000000000011" classname="wedge" name="wedge_product_is_associative"/>
    <testcase time="0.147999999999996" classname="wedge" name="wedge_product_is_associative"/>
    <testcase time="0.00399999999999778" classname="wedge" name="wedge_product_is_associative"/>
    <testcase time="0.00400000000000489" classname="wedge" name="wedge_product_is_associative"/>
    <testcase time="0.00399999999999778" classname="wedge" name="wedge_product_is_associative"/>
    <testcase time="0.00300000000000011" classname="wedge" name="wedge_product_is_associative"/>
    <testcase time="0.128999999999998" classname="wedge" name="wedge_product_is_associative"/>
    <testcase time="0.00400000000000489" classname="wedge" name="wedge_product_is_associative"/>
    <testcase time="0.00399999999999778" classname="wedge" name="wedge_product_is_associative"/>
    <testcase time="0.00300000000000011" classname="wedge" name="wedge_product_is_associative"/>
    <testcase time="0.00399999999999778" classname="wedge" name="wedge_product_is_associative"/>
    <testcase time="0.146000000000001" classname="wedge" name="wedge_product_is_associative"/>
    <testcase time="0.00399999999999778" classname="wedge" name="wedge_product_is_associative"/>
    <testcase time="0.00400000000000489" classname="wedge" name="wedge_product_is_associative"/>
    <testcase time="0.00300000000000011" classname="wedge" name="wedge_product_is_associative"/>
    <testcase time="0.00399999999999778" classname="wedge" name="wedge_product_is_associative"/>
    <testcase time="0.133000000000003" classname="wedge" name="wedge_product_is_associative"/>
    <testcase time="0.00399999999999778" classname="wedge" name="wedge_product_is_associative"/>
    <testcase time="0.00399999999999778" classname="wedge" name="wedge_product_is_associative"/>
    <testcase time="0.00400000000000489" classname="wedge" name="wedge_product_is_associative"/>
    <testcase time="0.00300000000000011" classname="wedge" name="wedge_product_is_associative"/>
    <testcase time="0.141999999999996" classname="wedge" name="wedge_product_is_associative"/>
    <testcase time="0.00400000000000489" classname="wedge" name="wedge_product_is_associative"/>
    <testcase time="0.00399999999999778" classname="wedge" name="wedge_product_is_associative"/>
    <testcase time="0.00300000000000011" classname="wedge" name="wedge_product_is_associative"/>
    <testcase time="0.00399999999999778" classname="wedge" name="wedge_product_is_associative"/>
    <testcase time="0.134" classname="wedge" name="wedge_product_is_associative"/>
    <testcase time="0.00400000000000489" classname="wedge" name="wedge_product_is_associative"/>
    <testcase time="0.00399999999999778" classname="wedge" name="wedge_product_is_associative"/>
    <testcase time="0.00399999999999778" classname="wedge" name="wedge_product_is_associative"/>
    <testcase time="0.00300000000000011" classname="wedge" name="wedge_product_is_associative"/>
    <testcase time="0.157000000000004" classname="wedge" name="wedge_product_is_associative"/>
    <testcase time="0.00399999999999778" classname="wedge" name="wedge_product_is_associative"/>
    <testcase time="0.00399999999999778" classname="wedge" name="wedge_product_is_associative"/>
    <testcase time="0.00400000000000489" classname="wedge" name="wedge_product_is_associative"/>
    <testcase time="0.00399999999999778" classname="wedge" name="wedge_product_is_associative"/>
    <testcase time="0.146000000000001" classname="wedge" name="wedge_product_is_associative"/>
    <testcase time="0.00399999999999778" classname="wedge" name="wedge_product_is_associative"/>
    <testcase time="0.00400000000000489" classname="wedge" name="wedge_product_is_associative"/>
    <testcase time="0.00299999999999301" classname="wedge" name="wedge_product_is_associative"/>
    <testcase time="0.00400000000000489" classname="wedge" name="wedge_product_is_associative"/>
    <testcase time="0.134" classname="wedge" name="wedge_product_is_associative"/>
    <testcase time="0.00399999999999778" classname="wedge" name="wedge_product_is_associative"/>
    <testcase time="0.00399999999999778" classname="wedge" name="wedge_product_is_associative"/>
    <testcase time="0.00300000000000011" classname="wedge" name="wedge_product_is_associative"/>
    <testcase time="0.00400000000000489" classname="wedge" name="wedge_product_is_associative"/>
    <testcase time="0.0109999999999957" classname="wedge" name="wedge_product_is_associative"/>
    <testcase time="0.0100000000000051" classname="wedge" name="wedge_product_is_associative"/>
    <testcase time="0.00499999999999545" classname="wedge" name="wedge_product_is_associative"/>
    <testcase time="0.0110000000000028" classname="wedge" name="wedge_product_is_associative"/>
    <testcase time="0.0109999999999957" classname="wedge" name="wedge_product_is_associative"/>
    <testcase time="0.00400000000000489" classname="wedge" name="wedge_product_is_associative"/>
    <testcase time="0.00199999999999534" classname="wedge" name="wedge_product_is_associative"/>
  </testsuite>
  <testsuite name="zap" timestamp="2024-07-08T18:36:58Z" hostname="8aba7b82163a" tests="20" skipped="0" failures="0" errors="0" time="0.294">
    <testcase time="0.0200000000000031" classname="zap" name="zap_works_as_expected"/>
    <testcase time="0.0129999999999981" classname="zap" name="zap_works_as_expected"/>
    <testcase time="0.0129999999999981" classname="zap" name="zap_works_as_expected"/>
    <testcase time="0.0190000000000055" classname="zap" name="zap_works_as_expected"/>
    <testcase time="0.0249999999999986" classname="zap" name="zap_works_as_expected"/>
    <testcase time="0.0229999999999961" classname="zap" name="zap_works_as_expected"/>
    <testcase time="0.0180000000000007" classname="zap" name="zap_works_as_expected"/>
    <testcase time="0.0140000000000029" classname="zap" name="zap_works_as_expected"/>
    <testcase time="0.0229999999999961" classname="zap" name="zap_works_as_expected"/>
    <testcase time="0.0210000000000008" classname="zap" name="zap_works_as_expected"/>
    <testcase time="0.00800000000000267" classname="zap" name="zap_works_as_expected"/>
    <testcase time="0.00600000000000023" classname="zap" name="zap_works_as_expected"/>
    <testcase time="0.00800000000000267" classname="zap" name="zap_works_as_expected"/>
    <testcase time="0.00900000000000034" classname="zap" name="zap_works_as_expected"/>
    <testcase time="0.0139999999999958" classname="zap" name="zap_works_as_expected"/>
    <testcase time="0.0140000000000029" classname="zap" name="zap_works_as_expected"/>
    <testcase time="0.00900000000000034" classname="zap" name="zap_works_as_expected"/>
    <testcase time="0.00800000000000267" classname="zap" name="zap_works_as_expected"/>
    <testcase time="0.0150000000000006" classname="zap" name="zap_works_as_expected"/>
    <testcase time="0.0139999999999958" classname="zap" name="zap_works_as_expected"/>
  </testsuite>
</testsuites>
